<?xml version="1.0" encoding="UTF-8"?>
<testsuites>
	<testsuite name="src.api.tests.test_api.TestAPI-20240501183652" tests="2" file="src/api/tests/test_api.py" time="0.049" timestamp="2024-05-01T18:36:53" failures="0" errors="0" skipped="0">
		<testcase classname="src.api.tests.test_api.TestAPI" name="test_editor_cannot_assign_journal_manager_role" time="0.029" timestamp="2024-05-01T18:36:53" file="src/api/tests/test_api.py" line="67"/>
		<testcase classname="src.api.tests.test_api.TestAPI" name="test_staff_member_can_assign_journal_manager_role" time="0.020" timestamp="2024-05-01T18:36:53" file="src/api/tests/test_api.py" line="40"/>
	</testsuite>
	<testsuite name="src.api.tests.test_oai.TestOAIViews-20240501183652" tests="10" file="src/api/tests/test_oai.py" time="2.762" timestamp="2024-05-01T18:36:57" failures="0" errors="0" skipped="0">
		<testcase classname="src.api.tests.test_oai.TestOAIViews" name="test_get_record_dc" time="0.442" timestamp="2024-05-01T18:36:54" file="src/api/tests/test_oai.py" line="80"/>
		<testcase classname="src.api.tests.test_oai.TestOAIViews" name="test_get_record_jats" time="0.089" timestamp="2024-05-01T18:36:55" file="src/api/tests/test_oai.py" line="135"/>
		<testcase classname="src.api.tests.test_oai.TestOAIViews" name="test_get_records_until" time="0.078" timestamp="2024-05-01T18:36:55" file="src/api/tests/test_oai.py" line="100"/>
		<testcase classname="src.api.tests.test_oai.TestOAIViews" name="test_identify_dc" time="0.036" timestamp="2024-05-01T18:36:55" file="src/api/tests/test_oai.py" line="180"/>
		<testcase classname="src.api.tests.test_oai.TestOAIViews" name="test_list_identifiers_jats" time="0.038" timestamp="2024-05-01T18:36:55" file="src/api/tests/test_oai.py" line="161"/>
		<testcase classname="src.api.tests.test_oai.TestOAIViews" name="test_list_records_dc" time="0.052" timestamp="2024-05-01T18:36:55" file="src/api/tests/test_oai.py" line="56"/>
		<testcase classname="src.api.tests.test_oai.TestOAIViews" name="test_list_records_jats" time="0.070" timestamp="2024-05-01T18:36:55" file="src/api/tests/test_oai.py" line="63"/>
		<testcase classname="src.api.tests.test_oai.TestOAIViews" name="test_list_sets" time="0.041" timestamp="2024-05-01T18:36:55" file="src/api/tests/test_oai.py" line="198"/>
		<testcase classname="src.api.tests.test_oai.TestOAIViews" name="test_oai_resumption_token_decode" time="0.001" timestamp="2024-05-01T18:36:55" file="src/api/tests/test_oai.py" line="218"/>
		<testcase classname="src.api.tests.test_oai.TestOAIViews" name="test_oai_resumption_token_encode" time="1.915" timestamp="2024-05-01T18:36:57" file="src/api/tests/test_oai.py" line="236"/>
	</testsuite>
	<testsuite name="src.api.tests.test_preprint_oai.TestPreprintOAIViews-20240501183652" tests="8" file="src/api/tests/test_preprint_oai.py" time="0.407" timestamp="2024-05-01T18:36:57" failures="5" errors="0" skipped="0">
		<testcase classname="src.api.tests.test_preprint_oai.TestPreprintOAIViews" name="test_identify_dc" time="0.027" timestamp="2024-05-01T18:36:57" file="src/api/tests/test_preprint_oai.py" line="145"/>
		<testcase classname="src.api.tests.test_preprint_oai.TestPreprintOAIViews" name="test_list_identifiers_jats" time="0.030" timestamp="2024-05-01T18:36:57" file="src/api/tests/test_preprint_oai.py" line="126"/>
		<testcase classname="src.api.tests.test_preprint_oai.TestPreprintOAIViews" name="test_list_sets" time="0.025" timestamp="2024-05-01T18:36:57" file="src/api/tests/test_preprint_oai.py" line="66"/>
		<testcase classname="src.api.tests.test_preprint_oai.TestPreprintOAIViews" name="test_get_record_dc" time="0.049" timestamp="2024-05-01T18:36:57" file="src/api/tests/test_preprint_oai.py" line="86">
			<failure type="AssertionError" message="Lists differ: ['&lt;?x[1268 chars]tory/object/1/download/1/&lt;/dc:identifier&gt;', '&lt;[191 chars]MH&gt;'] != ['&lt;?x[1268 chars]tory/manager/1/download/1/&lt;/dc:identifier&gt;', '[192 chars]MH&gt;']

First differing element 41:
'&lt;dc:[20 chars]po.domain.com/repository/object/1/download/1/&lt;/dc:identifier&gt;'
'&lt;dc:[20 chars]po.domain.com/repository/manager/1/download/1/&lt;/dc:identifier&gt;'

Diff is 1887 characters long. Set self.maxDiff to None to see it."><![CDATA[Traceback (most recent call last):
  File "/usr/local/lib/python3.10/site-packages/django/test/utils.py", line 461, in inner
    return func(*args, **kwargs)
  File "/usr/local/lib/python3.10/site-packages/freezegun/api.py", line 789, in wrapper
    result = func(*args, **kwargs)
  File "/vol/janeway/src/api/tests/test_preprint_oai.py", line 104, in test_get_record_dc
    self.assertEqual(str(response.rendered_content).split(), expected.split())
AssertionError: Lists differ: ['<?x[1268 chars]tory/object/1/download/1/</dc:identifier>', '<[191 chars]MH>'] != ['<?x[1268 chars]tory/manager/1/download/1/</dc:identifier>', '[192 chars]MH>']

First differing element 41:
'<dc:[20 chars]po.domain.com/repository/object/1/download/1/</dc:identifier>'
'<dc:[20 chars]po.domain.com/repository/manager/1/download/1/</dc:identifier>'

Diff is 1887 characters long. Set self.maxDiff to None to see it.
]]></failure>
		</testcase>
		<testcase classname="src.api.tests.test_preprint_oai.TestPreprintOAIViews" name="test_get_record_jats" time="0.064" timestamp="2024-05-01T18:36:57" file="src/api/tests/test_preprint_oai.py" line="106">
			<failure type="AssertionError" message="Lists differ: ['&lt;?x[2379 chars]tory/object/1/download/1/&quot;/&gt;', '&lt;abstract&gt;This[553 chars]MH&gt;'] != ['&lt;?x[2379 chars]tory/manager/1/download/1/&quot;/&gt;', '&lt;abstract&gt;Thi[555 chars]MH&gt;']

First differing element 92:
'xlink:href=&quot;http://repo.domain.com/repository/object/1/download/1/&quot;/&gt;'
'xlink:href=&quot;http://repo.domain.com/repository/manager/1/download/1/&quot;/&gt;'

Diff is 3754 characters long. Set self.maxDiff to None to see it."><![CDATA[Traceback (most recent call last):
  File "/usr/local/lib/python3.10/site-packages/django/test/utils.py", line 461, in inner
    return func(*args, **kwargs)
  File "/usr/local/lib/python3.10/site-packages/freezegun/api.py", line 789, in wrapper
    result = func(*args, **kwargs)
  File "/vol/janeway/src/api/tests/test_preprint_oai.py", line 124, in test_get_record_jats
    self.assertEqual(str(response.rendered_content).split(), expected.split())
AssertionError: Lists differ: ['<?x[2379 chars]tory/object/1/download/1/"/>', '<abstract>This[553 chars]MH>'] != ['<?x[2379 chars]tory/manager/1/download/1/"/>', '<abstract>Thi[555 chars]MH>']

First differing element 92:
'xlink:href="http://repo.domain.com/repository/object/1/download/1/"/>'
'xlink:href="http://repo.domain.com/repository/manager/1/download/1/"/>'

Diff is 3754 characters long. Set self.maxDiff to None to see it.
]]></failure>
		</testcase>
		<testcase classname="src.api.tests.test_preprint_oai.TestPreprintOAIViews" name="test_get_records_until" time="0.050" timestamp="2024-05-01T18:36:57" file="src/api/tests/test_preprint_oai.py" line="163">
			<failure type="AssertionError" message="Lists differ: ['&lt;?x[1262 chars]tory/object/3/download/3/&lt;/dc:identifier&gt;', '&lt;[193 chars]MH&gt;'] != ['&lt;?x[1262 chars]tory/manager/3/download/3/&lt;/dc:identifier&gt;', '[194 chars]MH&gt;']

First differing element 39:
'&lt;dc:[20 chars]po.domain.com/repository/object/3/download/3/&lt;/dc:identifier&gt;'
'&lt;dc:[20 chars]po.domain.com/repository/manager/3/download/3/&lt;/dc:identifier&gt;'

Diff is 1877 characters long. Set self.maxDiff to None to see it."><![CDATA[Traceback (most recent call last):
  File "/usr/local/lib/python3.10/site-packages/django/test/utils.py", line 461, in inner
    return func(*args, **kwargs)
  File "/usr/local/lib/python3.10/site-packages/freezegun/api.py", line 789, in wrapper
    result = func(*args, **kwargs)
  File "/vol/janeway/src/api/tests/test_preprint_oai.py", line 182, in test_get_records_until
    self.assertEqual(str(response.rendered_content).split(), expected.split())
AssertionError: Lists differ: ['<?x[1262 chars]tory/object/3/download/3/</dc:identifier>', '<[193 chars]MH>'] != ['<?x[1262 chars]tory/manager/3/download/3/</dc:identifier>', '[194 chars]MH>']

First differing element 39:
'<dc:[20 chars]po.domain.com/repository/object/3/download/3/</dc:identifier>'
'<dc:[20 chars]po.domain.com/repository/manager/3/download/3/</dc:identifier>'

Diff is 1877 characters long. Set self.maxDiff to None to see it.
]]></failure>
		</testcase>
		<testcase classname="src.api.tests.test_preprint_oai.TestPreprintOAIViews" name="test_list_records_dc" time="0.067" timestamp="2024-05-01T18:36:57" file="src/api/tests/test_preprint_oai.py" line="43">
			<failure type="AssertionError" message="Lists differ: ['&lt;?x[1262 chars]tory/object/3/download/3/&lt;/dc:identifier&gt;', '&lt;[1231 chars]MH&gt;'] != ['&lt;?x[1262 chars]tory/manager/3/download/3/&lt;/dc:identifier&gt;', '[1233 chars]MH&gt;']

First differing element 39:
'&lt;dc:[20 chars]po.domain.com/repository/object/3/download/3/&lt;/dc:identifier&gt;'
'&lt;dc:[20 chars]po.domain.com/repository/manager/3/download/3/&lt;/dc:identifier&gt;'

Diff is 3242 characters long. Set self.maxDiff to None to see it."><![CDATA[Traceback (most recent call last):
  File "/usr/local/lib/python3.10/site-packages/django/test/utils.py", line 461, in inner
    return func(*args, **kwargs)
  File "/usr/local/lib/python3.10/site-packages/freezegun/api.py", line 789, in wrapper
    result = func(*args, **kwargs)
  File "/vol/janeway/src/api/tests/test_preprint_oai.py", line 48, in test_list_records_dc
    self.assertEqual(str(response.rendered_content).split(), expected.split())
AssertionError: Lists differ: ['<?x[1262 chars]tory/object/3/download/3/</dc:identifier>', '<[1231 chars]MH>'] != ['<?x[1262 chars]tory/manager/3/download/3/</dc:identifier>', '[1233 chars]MH>']

First differing element 39:
'<dc:[20 chars]po.domain.com/repository/object/3/download/3/</dc:identifier>'
'<dc:[20 chars]po.domain.com/repository/manager/3/download/3/</dc:identifier>'

Diff is 3242 characters long. Set self.maxDiff to None to see it.
]]></failure>
		</testcase>
		<testcase classname="src.api.tests.test_preprint_oai.TestPreprintOAIViews" name="test_list_records_jats" time="0.094" timestamp="2024-05-01T18:36:57" file="src/api/tests/test_preprint_oai.py" line="50">
			<failure type="AssertionError" message="Lists differ: ['&lt;?x[2373 chars]tory/object/3/download/3/&quot;/&gt;', '&lt;abstract&gt;This[3068 chars]MH&gt;'] != ['&lt;?x[2373 chars]tory/manager/3/download/3/&quot;/&gt;', '&lt;abstract&gt;Thi[3072 chars]MH&gt;']

First differing element 90:
'xlink:href=&quot;http://repo.domain.com/repository/object/3/download/3/&quot;/&gt;'
'xlink:href=&quot;http://repo.domain.com/repository/manager/3/download/3/&quot;/&gt;'

Diff is 6978 characters long. Set self.maxDiff to None to see it."><![CDATA[Traceback (most recent call last):
  File "/usr/local/lib/python3.10/site-packages/django/test/utils.py", line 461, in inner
    return func(*args, **kwargs)
  File "/usr/local/lib/python3.10/site-packages/freezegun/api.py", line 789, in wrapper
    result = func(*args, **kwargs)
  File "/vol/janeway/src/api/tests/test_preprint_oai.py", line 64, in test_list_records_jats
    self.assertEqual(str(response.rendered_content).split(), expected.split())
AssertionError: Lists differ: ['<?x[2373 chars]tory/object/3/download/3/"/>', '<abstract>This[3068 chars]MH>'] != ['<?x[2373 chars]tory/manager/3/download/3/"/>', '<abstract>Thi[3072 chars]MH>']

First differing element 90:
'xlink:href="http://repo.domain.com/repository/object/3/download/3/"/>'
'xlink:href="http://repo.domain.com/repository/manager/3/download/3/"/>'

Diff is 6978 characters long. Set self.maxDiff to None to see it.
]]></failure>
		</testcase>
	</testsuite>
	<testsuite name="src.cms.tests.test_site_search.TestSiteSearch-20240501183652" tests="14" file="src/cms/tests/test_site_search.py" time="0.167" timestamp="2024-05-01T18:36:59" failures="0" errors="0" skipped="0">
		<testcase classname="src.cms.tests.test_site_search.TestSiteSearch" name="test_add_part_as_doc" time="0.003" timestamp="2024-05-01T18:36:58" file="src/cms/tests/test_site_search.py" line="135"/>
		<testcase classname="src.cms.tests.test_site_search.TestSiteSearch" name="test_add_search_index_document" time="0.002" timestamp="2024-05-01T18:36:58" file="src/cms/tests/test_site_search.py" line="78"/>
		<testcase classname="src.cms.tests.test_site_search.TestSiteSearch" name="test_add_searchable_page_parts" time="0.005" timestamp="2024-05-01T18:36:58" file="src/cms/tests/test_site_search.py" line="144"/>
		<testcase classname="src.cms.tests.test_site_search.TestSiteSearch" name="test_delete_command" time="0.119" timestamp="2024-05-01T18:36:59" file="src/cms/tests/test_site_search.py" line="207"/>
		<testcase classname="src.cms.tests.test_site_search.TestSiteSearch" name="test_excluded_urls" time="0.010" timestamp="2024-05-01T18:36:59" file="src/cms/tests/test_site_search.py" line="171"/>
		<testcase classname="src.cms.tests.test_site_search.TestSiteSearch" name="test_generate_command" time="0.003" timestamp="2024-05-01T18:36:59" file="src/cms/tests/test_site_search.py" line="201"/>
		<testcase classname="src.cms.tests.test_site_search.TestSiteSearch" name="test_get_body" time="0.003" timestamp="2024-05-01T18:36:59" file="src/cms/tests/test_site_search.py" line="166"/>
		<testcase classname="src.cms.tests.test_site_search.TestSiteSearch" name="test_get_name" time="0.002" timestamp="2024-05-01T18:36:59" file="src/cms/tests/test_site_search.py" line="158"/>
		<testcase classname="src.cms.tests.test_site_search.TestSiteSearch" name="test_get_text_for_header" time="0.003" timestamp="2024-05-01T18:36:59" file="src/cms/tests/test_site_search.py" line="125"/>
		<testcase classname="src.cms.tests.test_site_search.TestSiteSearch" name="test_get_text_for_parent" time="0.003" timestamp="2024-05-01T18:36:59" file="src/cms/tests/test_site_search.py" line="118"/>
		<testcase classname="src.cms.tests.test_site_search.TestSiteSearch" name="test_gobble_sibling_text" time="0.003" timestamp="2024-05-01T18:36:59" file="src/cms/tests/test_site_search.py" line="104"/>
		<testcase classname="src.cms.tests.test_site_search.TestSiteSearch" name="test_update_search_data_existing" time="0.005" timestamp="2024-05-01T18:36:59" file="src/cms/tests/test_site_search.py" line="228"/>
		<testcase classname="src.cms.tests.test_site_search.TestSiteSearch" name="test_update_search_data_new" time="0.004" timestamp="2024-05-01T18:36:59" file="src/cms/tests/test_site_search.py" line="219"/>
		<testcase classname="src.cms.tests.test_site_search.TestSiteSearch" name="test_url_in_scope" time="0.002" timestamp="2024-05-01T18:36:59" file="src/cms/tests/test_site_search.py" line="177"/>
	</testsuite>
	<testsuite name="src.cms.tests.test_views.ViewTests-20240501183652" tests="5" file="src/cms/tests/test_views.py" time="0.032" timestamp="2024-05-01T18:36:59" failures="0" errors="0" skipped="0">
		<testcase classname="src.cms.tests.test_views.ViewTests" name="test_view_page_bad_custom_template_path_raises_error" time="0.008" timestamp="2024-05-01T18:36:59" file="src/cms/tests/test_views.py" line="62"/>
		<testcase classname="src.cms.tests.test_views.ViewTests" name="test_view_page_journal" time="0.004" timestamp="2024-05-01T18:36:59" file="src/cms/tests/test_views.py" line="16"/>
		<testcase classname="src.cms.tests.test_views.ViewTests" name="test_view_page_no_custom_folder_set_raises_error" time="0.008" timestamp="2024-05-01T18:36:59" file="src/cms/tests/test_views.py" line="51"/>
		<testcase classname="src.cms.tests.test_views.ViewTests" name="test_view_page_press" time="0.003" timestamp="2024-05-01T18:36:59" file="src/cms/tests/test_views.py" line="25"/>
		<testcase classname="src.cms.tests.test_views.ViewTests" name="test_view_page_press_custom_template" time="0.009" timestamp="2024-05-01T18:36:59" file="src/cms/tests/test_views.py" line="34"/>
	</testsuite>
	<testsuite name="src.copyediting.tests.TestLogic-20240501183652" tests="5" file="src/copyediting/tests.py" time="0.573" timestamp="2024-05-01T18:37:00" failures="0" errors="0" skipped="0">
		<testcase classname="src.copyediting.tests.TestLogic" name="test_active_article_review_task_200s" time="0.389" timestamp="2024-05-01T18:37:00" file="src/copyediting/tests.py" line="130"/>
		<testcase classname="src.copyediting.tests.TestLogic" name="test_active_article_task_200s" time="0.053" timestamp="2024-05-01T18:37:00" file="src/copyediting/tests.py" line="99"/>
		<testcase classname="src.copyediting.tests.TestLogic" name="test_archive_stage_hides_task" time="0.041" timestamp="2024-05-01T18:37:00" file="src/copyediting/tests.py" line="70"/>
		<testcase classname="src.copyediting.tests.TestLogic" name="test_archived_article_review_task_404s" time="0.047" timestamp="2024-05-01T18:37:00" file="src/copyediting/tests.py" line="114"/>
		<testcase classname="src.copyediting.tests.TestLogic" name="test_archived_article_task_404s" time="0.044" timestamp="2024-05-01T18:37:00" file="src/copyediting/tests.py" line="84"/>
	</testsuite>
	<testsuite name="src.core.homepage_elements.carousel.tests.TestCarousel-20240501183652" tests="6" file="src/core/homepage_elements/carousel/tests.py" time="0.074" timestamp="2024-05-01T18:37:01" failures="0" errors="0" skipped="0">
		<testcase classname="src.core.homepage_elements.carousel.tests.TestCarousel" name="test_carousel" time="0.005" timestamp="2024-05-01T18:37:01" file="src/core/homepage_elements/carousel/tests.py" line="46"/>
		<testcase classname="src.core.homepage_elements.carousel.tests.TestCarousel" name="test_latest_articles" time="0.014" timestamp="2024-05-01T18:37:01" file="src/core/homepage_elements/carousel/tests.py" line="50"/>
		<testcase classname="src.core.homepage_elements.carousel.tests.TestCarousel" name="test_latest_articles_limit" time="0.013" timestamp="2024-05-01T18:37:01" file="src/core/homepage_elements/carousel/tests.py" line="59"/>
		<testcase classname="src.core.homepage_elements.carousel.tests.TestCarousel" name="test_latest_news" time="0.013" timestamp="2024-05-01T18:37:01" file="src/core/homepage_elements/carousel/tests.py" line="84"/>
		<testcase classname="src.core.homepage_elements.carousel.tests.TestCarousel" name="test_selected_articles" time="0.015" timestamp="2024-05-01T18:37:01" file="src/core/homepage_elements/carousel/tests.py" line="69"/>
		<testcase classname="src.core.homepage_elements.carousel.tests.TestCarousel" name="test_selected_news" time="0.014" timestamp="2024-05-01T18:37:01" file="src/core/homepage_elements/carousel/tests.py" line="93"/>
	</testsuite>
	<testsuite name="src.core.tests.test_app.CoreTests-20240501183652" tests="15" file="src/core/tests/test_app.py" time="16.253" timestamp="2024-05-01T18:37:17" failures="0" errors="7" skipped="0">
		<testcase classname="src.core.tests.test_app.CoreTests" name="test_create_user_form" time="1.229" timestamp="2024-05-01T18:37:02" file="src/core/tests/test_app.py" line="29">
			<system-out><![CDATA[Checking plugin about
Checking plugin carousel
Checking plugin featured
Checking plugin html
Checking plugin issue
Checking plugin journals
Checking plugin journals_and_html
Checking plugin news
Checking plugin popular
Checking plugin preprints
Checking plugin search_bar
]]></system-out>
		</testcase>
		<testcase classname="src.core.tests.test_app.CoreTests" name="test_create_user_form_mixed_case" time="1.396" timestamp="2024-05-01T18:37:03" file="src/core/tests/test_app.py" line="230">
			<system-out><![CDATA[Checking plugin about
Checking plugin carousel
Checking plugin featured
Checking plugin html
Checking plugin issue
Checking plugin journals
Checking plugin journals_and_html
Checking plugin news
Checking plugin popular
Checking plugin preprints
Checking plugin search_bar
]]></system-out>
		</testcase>
		<testcase classname="src.core.tests.test_app.CoreTests" name="test_create_user_form_normalise_email" time="1.326" timestamp="2024-05-01T18:37:05" file="src/core/tests/test_app.py" line="85">
			<system-out><![CDATA[Checking plugin about
Checking plugin carousel
Checking plugin featured
Checking plugin html
Checking plugin issue
Checking plugin journals
Checking plugin journals_and_html
Checking plugin news
Checking plugin popular
Checking plugin preprints
Checking plugin search_bar
]]></system-out>
		</testcase>
		<testcase classname="src.core.tests.test_app.CoreTests" name="test_email_subjects" time="0.974" timestamp="2024-05-01T18:37:06" file="src/core/tests/test_app.py" line="355">
			<system-out><![CDATA[Checking plugin about
Checking plugin carousel
Checking plugin featured
Checking plugin html
Checking plugin issue
Checking plugin journals
Checking plugin journals_and_html
Checking plugin news
Checking plugin popular
Checking plugin preprints
Checking plugin search_bar
]]></system-out>
		</testcase>
		<testcase classname="src.core.tests.test_app.CoreTests" name="test_enable_peer_review_data_block" time="1.372" timestamp="2024-05-01T18:37:07" file="src/core/tests/test_app.py" line="436">
			<system-out><![CDATA[Checking plugin about
Checking plugin carousel
Checking plugin featured
Checking plugin html
Checking plugin issue
Checking plugin journals
Checking plugin journals_and_html
Checking plugin news
Checking plugin popular
Checking plugin preprints
Checking plugin search_bar
]]></system-out>
		</testcase>
		<testcase classname="src.core.tests.test_app.CoreTests" name="test_hide_review_details_on" time="1.385" timestamp="2024-05-01T18:37:08" file="src/core/tests/test_app.py" line="377">
			<system-out><![CDATA[Checking plugin about
Checking plugin carousel
Checking plugin featured
Checking plugin html
Checking plugin issue
Checking plugin journals
Checking plugin journals_and_html
Checking plugin news
Checking plugin popular
Checking plugin preprints
Checking plugin search_bar
]]></system-out>
		</testcase>
		<testcase classname="src.core.tests.test_app.CoreTests" name="test_peer_reviews_for_author_consumption_overrides_hide_review_data" time="1.017" timestamp="2024-05-01T18:37:13" file="src/core/tests/test_app.py" line="408">
			<system-out><![CDATA[Checking plugin about
Checking plugin carousel
Checking plugin featured
Checking plugin html
Checking plugin issue
Checking plugin journals
Checking plugin journals_and_html
Checking plugin news
Checking plugin popular
Checking plugin preprints
Checking plugin search_bar
]]></system-out>
		</testcase>
		<testcase classname="src.core.tests.test_app.CoreTests" name="test_setting_validation" time="0.713" timestamp="2024-05-01T18:37:17" file="src/core/tests/test_app.py" line="370">
			<system-out><![CDATA[Checking plugin about
Checking plugin carousel
Checking plugin featured
Checking plugin html
Checking plugin issue
Checking plugin journals
Checking plugin journals_and_html
Checking plugin news
Checking plugin popular
Checking plugin preprints
Checking plugin search_bar
]]></system-out>
		</testcase>
		<testcase classname="src.core.tests.test_app.CoreTests" name="test_mixed_case_email_address_correct_username" time="1.133" timestamp="2024-05-01T18:37:10" file="src/core/tests/test_app.py" line="109">
			<error type="BdbQuit" message=""><![CDATA[Traceback (most recent call last):
  File "/usr/local/lib/python3.10/site-packages/django/test/utils.py", line 461, in inner
    return func(*args, **kwargs)
  File "/vol/janeway/src/core/tests/test_app.py", line 125, in test_mixed_case_email_address_correct_username
    response = self.client.post(reverse('core_register'), data)
  File "/usr/local/lib/python3.10/site-packages/django/test/client.py", line 948, in post
    response = super().post(
  File "/usr/local/lib/python3.10/site-packages/django/test/client.py", line 482, in post
    return self.generic(
  File "/usr/local/lib/python3.10/site-packages/django/test/client.py", line 609, in generic
    return self.request(**r)
  File "/usr/local/lib/python3.10/site-packages/django/test/client.py", line 891, in request
    self.check_exception(response)
  File "/usr/local/lib/python3.10/site-packages/django/test/client.py", line 738, in check_exception
    raise exc_value
  File "/usr/local/lib/python3.10/site-packages/django/core/handlers/exception.py", line 55, in inner
    response = get_response(request)
  File "/usr/local/lib/python3.10/site-packages/django/core/handlers/base.py", line 197, in _get_response
    response = wrapped_callback(request, *callback_args, **callback_kwargs)
  File "/vol/janeway/src/core/views.py", line 350, in register
    logic.send_confirmation_link(request, new_user)
  File "/vol/janeway/src/core/logic.py", line 108, in send_confirmation_link
    notify_helpers.send_email_with_body_from_user(
  File "/vol/janeway/src/utils/notify_helpers.py", line 56, in send_email_with_body_from_user
    notify.notification(**notify_contents)
  File "/vol/janeway/src/utils/notify.py", line 21, in notification
    [func(**kwargs) for func in settings.NOTIFY_FUNCS]
  File "/vol/janeway/src/utils/notify.py", line 21, in <listcomp>
    [func(**kwargs) for func in settings.NOTIFY_FUNCS]
  File "/vol/janeway/src/utils/notify_plugins/notify_email.py", line 146, in notify_hook
    response = send_email(
  File "/vol/janeway/src/utils/notify_plugins/notify_email.py", line 64, in send_email
    full_from_string = sanitize_address(
  File "/vol/janeway/src/utils/notify_plugins/notify_email.py", line 64, in send_email
    full_from_string = sanitize_address(
  File "/usr/local/lib/python3.10/bdb.py", line 90, in trace_dispatch
    return self.dispatch_line(frame)
  File "/usr/local/lib/python3.10/bdb.py", line 115, in dispatch_line
    if self.quitting: raise BdbQuit
bdb.BdbQuit
]]></error>
			<system-out><![CDATA[Checking plugin about
Checking plugin carousel
Checking plugin featured
Checking plugin html
Checking plugin issue
Checking plugin journals
Checking plugin journals_and_html
Checking plugin news
Checking plugin popular
Checking plugin preprints
Checking plugin search_bar
> /vol/janeway/src/utils/notify_plugins/notify_email.py(64)send_email()
-> full_from_string = sanitize_address(
(Pdb) 
]]></system-out>
		</testcase>
		<testcase classname="src.core.tests.test_app.CoreTests" name="test_mixed_case_email_address_no_duplicates" time="0.864" timestamp="2024-05-01T18:37:10" file="src/core/tests/test_app.py" line="131">
			<!--Ensure no duplicate accounts can be created for mixed case emails-->
			<error type="BdbQuit" message=""><![CDATA[Traceback (most recent call last):
  File "/usr/local/lib/python3.10/site-packages/django/test/utils.py", line 461, in inner
    return func(*args, **kwargs)
  File "/vol/janeway/src/core/tests/test_app.py", line 150, in test_mixed_case_email_address_no_duplicates
    response = self.client.post(reverse('core_register'), data)
  File "/usr/local/lib/python3.10/site-packages/django/test/client.py", line 948, in post
    response = super().post(
  File "/usr/local/lib/python3.10/site-packages/django/test/client.py", line 482, in post
    return self.generic(
  File "/usr/local/lib/python3.10/site-packages/django/test/client.py", line 609, in generic
    return self.request(**r)
  File "/usr/local/lib/python3.10/site-packages/django/test/client.py", line 891, in request
    self.check_exception(response)
  File "/usr/local/lib/python3.10/site-packages/django/test/client.py", line 738, in check_exception
    raise exc_value
  File "/usr/local/lib/python3.10/site-packages/django/core/handlers/exception.py", line 55, in inner
    response = get_response(request)
  File "/usr/local/lib/python3.10/site-packages/django/core/handlers/base.py", line 197, in _get_response
    response = wrapped_callback(request, *callback_args, **callback_kwargs)
  File "/vol/janeway/src/core/views.py", line 350, in register
    logic.send_confirmation_link(request, new_user)
  File "/vol/janeway/src/core/logic.py", line 108, in send_confirmation_link
    notify_helpers.send_email_with_body_from_user(
  File "/vol/janeway/src/utils/notify_helpers.py", line 56, in send_email_with_body_from_user
    notify.notification(**notify_contents)
  File "/vol/janeway/src/utils/notify.py", line 21, in notification
    [func(**kwargs) for func in settings.NOTIFY_FUNCS]
  File "/vol/janeway/src/utils/notify.py", line 21, in <listcomp>
    [func(**kwargs) for func in settings.NOTIFY_FUNCS]
  File "/vol/janeway/src/utils/notify_plugins/notify_email.py", line 146, in notify_hook
    response = send_email(
  File "/vol/janeway/src/utils/notify_plugins/notify_email.py", line 64, in send_email
    full_from_string = sanitize_address(
  File "/vol/janeway/src/utils/notify_plugins/notify_email.py", line 64, in send_email
    full_from_string = sanitize_address(
  File "/usr/local/lib/python3.10/bdb.py", line 90, in trace_dispatch
    return self.dispatch_line(frame)
  File "/usr/local/lib/python3.10/bdb.py", line 115, in dispatch_line
    if self.quitting: raise BdbQuit
bdb.BdbQuit
]]></error>
			<system-out><![CDATA[Checking plugin about
Checking plugin carousel
Checking plugin featured
Checking plugin html
Checking plugin issue
Checking plugin journals
Checking plugin journals_and_html
Checking plugin news
Checking plugin popular
Checking plugin preprints
Checking plugin search_bar
> /vol/janeway/src/utils/notify_plugins/notify_email.py(64)send_email()
-> full_from_string = sanitize_address(
(Pdb) 
]]></system-out>
		</testcase>
		<testcase classname="src.core.tests.test_app.CoreTests" name="test_mixed_case_login_different_case" time="0.863" timestamp="2024-05-01T18:37:11" file="src/core/tests/test_app.py" line="196">
			<error type="BdbQuit" message=""><![CDATA[Traceback (most recent call last):
  File "/usr/local/lib/python3.10/site-packages/django/test/utils.py", line 461, in inner
    return func(*args, **kwargs)
  File "/vol/janeway/src/core/tests/test_app.py", line 215, in test_mixed_case_login_different_case
    response = self.client.post(reverse('core_register'), data)
  File "/usr/local/lib/python3.10/site-packages/django/test/client.py", line 948, in post
    response = super().post(
  File "/usr/local/lib/python3.10/site-packages/django/test/client.py", line 482, in post
    return self.generic(
  File "/usr/local/lib/python3.10/site-packages/django/test/client.py", line 609, in generic
    return self.request(**r)
  File "/usr/local/lib/python3.10/site-packages/django/test/client.py", line 891, in request
    self.check_exception(response)
  File "/usr/local/lib/python3.10/site-packages/django/test/client.py", line 738, in check_exception
    raise exc_value
  File "/usr/local/lib/python3.10/site-packages/django/core/handlers/exception.py", line 55, in inner
    response = get_response(request)
  File "/usr/local/lib/python3.10/site-packages/django/core/handlers/base.py", line 197, in _get_response
    response = wrapped_callback(request, *callback_args, **callback_kwargs)
  File "/vol/janeway/src/core/views.py", line 350, in register
    logic.send_confirmation_link(request, new_user)
  File "/vol/janeway/src/core/logic.py", line 108, in send_confirmation_link
    notify_helpers.send_email_with_body_from_user(
  File "/vol/janeway/src/utils/notify_helpers.py", line 56, in send_email_with_body_from_user
    notify.notification(**notify_contents)
  File "/vol/janeway/src/utils/notify.py", line 21, in notification
    [func(**kwargs) for func in settings.NOTIFY_FUNCS]
  File "/vol/janeway/src/utils/notify.py", line 21, in <listcomp>
    [func(**kwargs) for func in settings.NOTIFY_FUNCS]
  File "/vol/janeway/src/utils/notify_plugins/notify_email.py", line 146, in notify_hook
    response = send_email(
  File "/vol/janeway/src/utils/notify_plugins/notify_email.py", line 64, in send_email
    full_from_string = sanitize_address(
  File "/vol/janeway/src/utils/notify_plugins/notify_email.py", line 64, in send_email
    full_from_string = sanitize_address(
  File "/usr/local/lib/python3.10/bdb.py", line 90, in trace_dispatch
    return self.dispatch_line(frame)
  File "/usr/local/lib/python3.10/bdb.py", line 115, in dispatch_line
    if self.quitting: raise BdbQuit
bdb.BdbQuit
]]></error>
			<system-out><![CDATA[Checking plugin about
Checking plugin carousel
Checking plugin featured
Checking plugin html
Checking plugin issue
Checking plugin journals
Checking plugin journals_and_html
Checking plugin news
Checking plugin popular
Checking plugin preprints
Checking plugin search_bar
> /vol/janeway/src/utils/notify_plugins/notify_email.py(64)send_email()
-> full_from_string = sanitize_address(
(Pdb) 
]]></system-out>
		</testcase>
		<testcase classname="src.core.tests.test_app.CoreTests" name="test_mixed_case_login_same_case" time="0.860" timestamp="2024-05-01T18:37:12" file="src/core/tests/test_app.py" line="163">
			<error type="BdbQuit" message=""><![CDATA[Traceback (most recent call last):
  File "/usr/local/lib/python3.10/site-packages/django/test/utils.py", line 461, in inner
    return func(*args, **kwargs)
  File "/vol/janeway/src/core/tests/test_app.py", line 181, in test_mixed_case_login_same_case
    response = self.client.post(reverse('core_register'), data)
  File "/usr/local/lib/python3.10/site-packages/django/test/client.py", line 948, in post
    response = super().post(
  File "/usr/local/lib/python3.10/site-packages/django/test/client.py", line 482, in post
    return self.generic(
  File "/usr/local/lib/python3.10/site-packages/django/test/client.py", line 609, in generic
    return self.request(**r)
  File "/usr/local/lib/python3.10/site-packages/django/test/client.py", line 891, in request
    self.check_exception(response)
  File "/usr/local/lib/python3.10/site-packages/django/test/client.py", line 738, in check_exception
    raise exc_value
  File "/usr/local/lib/python3.10/site-packages/django/core/handlers/exception.py", line 55, in inner
    response = get_response(request)
  File "/usr/local/lib/python3.10/site-packages/django/core/handlers/base.py", line 197, in _get_response
    response = wrapped_callback(request, *callback_args, **callback_kwargs)
  File "/vol/janeway/src/core/views.py", line 350, in register
    logic.send_confirmation_link(request, new_user)
  File "/vol/janeway/src/core/logic.py", line 108, in send_confirmation_link
    notify_helpers.send_email_with_body_from_user(
  File "/vol/janeway/src/utils/notify_helpers.py", line 56, in send_email_with_body_from_user
    notify.notification(**notify_contents)
  File "/vol/janeway/src/utils/notify.py", line 21, in notification
    [func(**kwargs) for func in settings.NOTIFY_FUNCS]
  File "/vol/janeway/src/utils/notify.py", line 21, in <listcomp>
    [func(**kwargs) for func in settings.NOTIFY_FUNCS]
  File "/vol/janeway/src/utils/notify_plugins/notify_email.py", line 146, in notify_hook
    response = send_email(
  File "/vol/janeway/src/utils/notify_plugins/notify_email.py", line 64, in send_email
    full_from_string = sanitize_address(
  File "/vol/janeway/src/utils/notify_plugins/notify_email.py", line 64, in send_email
    full_from_string = sanitize_address(
  File "/usr/local/lib/python3.10/bdb.py", line 90, in trace_dispatch
    return self.dispatch_line(frame)
  File "/usr/local/lib/python3.10/bdb.py", line 115, in dispatch_line
    if self.quitting: raise BdbQuit
bdb.BdbQuit
]]></error>
			<system-out><![CDATA[Checking plugin about
Checking plugin carousel
Checking plugin featured
Checking plugin html
Checking plugin issue
Checking plugin journals
Checking plugin journals_and_html
Checking plugin news
Checking plugin popular
Checking plugin preprints
Checking plugin search_bar
> /vol/janeway/src/utils/notify_plugins/notify_email.py(64)send_email()
-> full_from_string = sanitize_address(
(Pdb) 
]]></system-out>
		</testcase>
		<testcase classname="src.core.tests.test_app.CoreTests" name="test_register_as_reader" time="1.136" timestamp="2024-05-01T18:37:14" file="src/core/tests/test_app.py" line="260">
			<error type="BdbQuit" message=""><![CDATA[Traceback (most recent call last):
  File "/usr/local/lib/python3.10/site-packages/django/test/utils.py", line 461, in inner
    return func(*args, **kwargs)
  File "/vol/janeway/src/core/tests/test_app.py", line 284, in test_register_as_reader
    response = self.client.post(reverse('core_register'), data, SERVER_NAME='testserver')
  File "/usr/local/lib/python3.10/site-packages/django/test/client.py", line 948, in post
    response = super().post(
  File "/usr/local/lib/python3.10/site-packages/django/test/client.py", line 482, in post
    return self.generic(
  File "/usr/local/lib/python3.10/site-packages/django/test/client.py", line 609, in generic
    return self.request(**r)
  File "/usr/local/lib/python3.10/site-packages/django/test/client.py", line 891, in request
    self.check_exception(response)
  File "/usr/local/lib/python3.10/site-packages/django/test/client.py", line 738, in check_exception
    raise exc_value
  File "/usr/local/lib/python3.10/site-packages/django/core/handlers/exception.py", line 55, in inner
    response = get_response(request)
  File "/usr/local/lib/python3.10/site-packages/django/core/handlers/base.py", line 197, in _get_response
    response = wrapped_callback(request, *callback_args, **callback_kwargs)
  File "/vol/janeway/src/core/views.py", line 350, in register
    logic.send_confirmation_link(request, new_user)
  File "/vol/janeway/src/core/logic.py", line 108, in send_confirmation_link
    notify_helpers.send_email_with_body_from_user(
  File "/vol/janeway/src/utils/notify_helpers.py", line 56, in send_email_with_body_from_user
    notify.notification(**notify_contents)
  File "/vol/janeway/src/utils/notify.py", line 21, in notification
    [func(**kwargs) for func in settings.NOTIFY_FUNCS]
  File "/vol/janeway/src/utils/notify.py", line 21, in <listcomp>
    [func(**kwargs) for func in settings.NOTIFY_FUNCS]
  File "/vol/janeway/src/utils/notify_plugins/notify_email.py", line 146, in notify_hook
    response = send_email(
  File "/vol/janeway/src/utils/notify_plugins/notify_email.py", line 64, in send_email
    full_from_string = sanitize_address(
  File "/vol/janeway/src/utils/notify_plugins/notify_email.py", line 64, in send_email
    full_from_string = sanitize_address(
  File "/usr/local/lib/python3.10/bdb.py", line 90, in trace_dispatch
    return self.dispatch_line(frame)
  File "/usr/local/lib/python3.10/bdb.py", line 115, in dispatch_line
    if self.quitting: raise BdbQuit
bdb.BdbQuit
]]></error>
			<system-out><![CDATA[Checking plugin about
Checking plugin carousel
Checking plugin featured
Checking plugin html
Checking plugin issue
Checking plugin journals
Checking plugin journals_and_html
Checking plugin news
Checking plugin popular
Checking plugin preprints
Checking plugin search_bar
> /vol/janeway/src/utils/notify_plugins/notify_email.py(64)send_email()
-> full_from_string = sanitize_address(
(Pdb) 
]]></system-out>
		</testcase>
		<testcase classname="src.core.tests.test_app.CoreTests" name="test_register_without_reader" time="0.871" timestamp="2024-05-01T18:37:15" file="src/core/tests/test_app.py" line="330">
			<error type="BdbQuit" message=""><![CDATA[Traceback (most recent call last):
  File "/usr/local/lib/python3.10/site-packages/django/test/utils.py", line 461, in inner
    return func(*args, **kwargs)
  File "/vol/janeway/src/core/tests/test_app.py", line 347, in test_register_without_reader
    response = self.client.post(reverse('core_register'), data, SERVER_NAME='testserver')
  File "/usr/local/lib/python3.10/site-packages/django/test/client.py", line 948, in post
    response = super().post(
  File "/usr/local/lib/python3.10/site-packages/django/test/client.py", line 482, in post
    return self.generic(
  File "/usr/local/lib/python3.10/site-packages/django/test/client.py", line 609, in generic
    return self.request(**r)
  File "/usr/local/lib/python3.10/site-packages/django/test/client.py", line 891, in request
    self.check_exception(response)
  File "/usr/local/lib/python3.10/site-packages/django/test/client.py", line 738, in check_exception
    raise exc_value
  File "/usr/local/lib/python3.10/site-packages/django/core/handlers/exception.py", line 55, in inner
    response = get_response(request)
  File "/usr/local/lib/python3.10/site-packages/django/core/handlers/base.py", line 197, in _get_response
    response = wrapped_callback(request, *callback_args, **callback_kwargs)
  File "/vol/janeway/src/core/views.py", line 350, in register
    logic.send_confirmation_link(request, new_user)
  File "/vol/janeway/src/core/logic.py", line 108, in send_confirmation_link
    notify_helpers.send_email_with_body_from_user(
  File "/vol/janeway/src/utils/notify_helpers.py", line 56, in send_email_with_body_from_user
    notify.notification(**notify_contents)
  File "/vol/janeway/src/utils/notify.py", line 21, in notification
    [func(**kwargs) for func in settings.NOTIFY_FUNCS]
  File "/vol/janeway/src/utils/notify.py", line 21, in <listcomp>
    [func(**kwargs) for func in settings.NOTIFY_FUNCS]
  File "/vol/janeway/src/utils/notify_plugins/notify_email.py", line 146, in notify_hook
    response = send_email(
  File "/vol/janeway/src/utils/notify_plugins/notify_email.py", line 64, in send_email
    full_from_string = sanitize_address(
  File "/vol/janeway/src/utils/notify_plugins/notify_email.py", line 64, in send_email
    full_from_string = sanitize_address(
  File "/usr/local/lib/python3.10/bdb.py", line 90, in trace_dispatch
    return self.dispatch_line(frame)
  File "/usr/local/lib/python3.10/bdb.py", line 115, in dispatch_line
    if self.quitting: raise BdbQuit
bdb.BdbQuit
]]></error>
			<system-out><![CDATA[Checking plugin about
Checking plugin carousel
Checking plugin featured
Checking plugin html
Checking plugin issue
Checking plugin journals
Checking plugin journals_and_html
Checking plugin news
Checking plugin popular
Checking plugin preprints
Checking plugin search_bar
> /vol/janeway/src/utils/notify_plugins/notify_email.py(64)send_email()
-> full_from_string = sanitize_address(
(Pdb) 
]]></system-out>
		</testcase>
		<testcase classname="src.core.tests.test_app.CoreTests" name="test_sending_reader_notification" time="1.115" timestamp="2024-05-01T18:37:16" file="src/core/tests/test_app.py" line="292">
			<error type="BdbQuit" message=""><![CDATA[Traceback (most recent call last):
  File "/usr/local/lib/python3.10/site-packages/django/test/utils.py", line 461, in inner
    return func(*args, **kwargs)
  File "/vol/janeway/src/core/tests/test_app.py", line 317, in test_sending_reader_notification
    response = self.client.post(reverse('core_register'), data, SERVER_NAME='testserver')
  File "/usr/local/lib/python3.10/site-packages/django/test/client.py", line 948, in post
    response = super().post(
  File "/usr/local/lib/python3.10/site-packages/django/test/client.py", line 482, in post
    return self.generic(
  File "/usr/local/lib/python3.10/site-packages/django/test/client.py", line 609, in generic
    return self.request(**r)
  File "/usr/local/lib/python3.10/site-packages/django/test/client.py", line 891, in request
    self.check_exception(response)
  File "/usr/local/lib/python3.10/site-packages/django/test/client.py", line 738, in check_exception
    raise exc_value
  File "/usr/local/lib/python3.10/site-packages/django/core/handlers/exception.py", line 55, in inner
    response = get_response(request)
  File "/usr/local/lib/python3.10/site-packages/django/core/handlers/base.py", line 197, in _get_response
    response = wrapped_callback(request, *callback_args, **callback_kwargs)
  File "/vol/janeway/src/core/views.py", line 350, in register
    logic.send_confirmation_link(request, new_user)
  File "/vol/janeway/src/core/logic.py", line 108, in send_confirmation_link
    notify_helpers.send_email_with_body_from_user(
  File "/vol/janeway/src/utils/notify_helpers.py", line 56, in send_email_with_body_from_user
    notify.notification(**notify_contents)
  File "/vol/janeway/src/utils/notify.py", line 21, in notification
    [func(**kwargs) for func in settings.NOTIFY_FUNCS]
  File "/vol/janeway/src/utils/notify.py", line 21, in <listcomp>
    [func(**kwargs) for func in settings.NOTIFY_FUNCS]
  File "/vol/janeway/src/utils/notify_plugins/notify_email.py", line 146, in notify_hook
    response = send_email(
  File "/vol/janeway/src/utils/notify_plugins/notify_email.py", line 64, in send_email
    full_from_string = sanitize_address(
  File "/vol/janeway/src/utils/notify_plugins/notify_email.py", line 64, in send_email
    full_from_string = sanitize_address(
  File "/usr/local/lib/python3.10/bdb.py", line 90, in trace_dispatch
    return self.dispatch_line(frame)
  File "/usr/local/lib/python3.10/bdb.py", line 115, in dispatch_line
    if self.quitting: raise BdbQuit
bdb.BdbQuit
]]></error>
			<system-out><![CDATA[Checking plugin about
Checking plugin carousel
Checking plugin featured
Checking plugin html
Checking plugin issue
Checking plugin journals
Checking plugin journals_and_html
Checking plugin news
Checking plugin popular
Checking plugin preprints
Checking plugin search_bar
> /vol/janeway/src/utils/notify_plugins/notify_email.py(64)send_email()
-> full_from_string = sanitize_address(
(Pdb) 
]]></system-out>
		</testcase>
	</testsuite>
	<testsuite name="src.core.tests.test_files.TestFilesHandler-20240501183652" tests="6" file="src/core/tests/test_files.py" time="2.362" timestamp="2024-05-01T18:37:19" failures="0" errors="0" skipped="0">
		<testcase classname="src.core.tests.test_files.TestFilesHandler" name="test_index_file" time="0.352" timestamp="2024-05-01T18:37:17" file="src/core/tests/test_files.py" line="163"/>
		<testcase classname="src.core.tests.test_files.TestFilesHandler" name="test_overwrite_file" time="0.357" timestamp="2024-05-01T18:37:18" file="src/core/tests/test_files.py" line="88"/>
		<testcase classname="src.core.tests.test_files.TestFilesHandler" name="test_pdf_to_text" time="0.583" timestamp="2024-05-01T18:37:18" file="src/core/tests/test_files.py" line="147"/>
		<testcase classname="src.core.tests.test_files.TestFilesHandler" name="test_save_file" time="0.351" timestamp="2024-05-01T18:37:19" file="src/core/tests/test_files.py" line="73"/>
		<testcase classname="src.core.tests.test_files.TestFilesHandler" name="test_serve_any_file" time="0.369" timestamp="2024-05-01T18:37:19" file="src/core/tests/test_files.py" line="112"/>
		<testcase classname="src.core.tests.test_files.TestFilesHandler" name="test_xml_to_text" time="0.350" timestamp="2024-05-01T18:37:19" file="src/core/tests/test_files.py" line="137"/>
	</testsuite>
	<testsuite name="src.core.tests.test_logic.TestLogic-20240501183652" tests="1" file="src/core/tests/test_logic.py" time="0.585" timestamp="2024-05-01T18:37:20" failures="0" errors="0" skipped="0">
		<testcase classname="src.core.tests.test_logic.TestLogic" name="test_render_nested_settings" time="0.585" timestamp="2024-05-01T18:37:20" file="src/core/tests/test_logic.py" line="17"/>
	</testsuite>
	<testsuite name="src.core.tests.test_middleware.TestSiteMiddleware-20240501183652" tests="6" file="src/core/tests/test_middleware.py" time="1.846" timestamp="2024-05-01T18:37:22" failures="0" errors="0" skipped="0">
		<testcase classname="src.core.tests.test_middleware.TestSiteMiddleware" name="test_journal_site_in_domain_mode" time="0.301" timestamp="2024-05-01T18:37:20" file="src/core/tests/test_middleware.py" line="83"/>
		<testcase classname="src.core.tests.test_middleware.TestSiteMiddleware" name="test_journal_site_in_path_mode" time="0.308" timestamp="2024-05-01T18:37:21" file="src/core/tests/test_middleware.py" line="38"/>
		<testcase classname="src.core.tests.test_middleware.TestSiteMiddleware" name="test_journal_site_with_path_in_domain_mode" time="0.309" timestamp="2024-05-01T18:37:21" file="src/core/tests/test_middleware.py" line="55"/>
		<testcase classname="src.core.tests.test_middleware.TestSiteMiddleware" name="test_press_site_in_domain_mode" time="0.310" timestamp="2024-05-01T18:37:21" file="src/core/tests/test_middleware.py" line="100"/>
		<testcase classname="src.core.tests.test_middleware.TestSiteMiddleware" name="test_press_site_in_path_mode" time="0.310" timestamp="2024-05-01T18:37:22" file="src/core/tests/test_middleware.py" line="66"/>
		<testcase classname="src.core.tests.test_middleware.TestSiteMiddleware" name="test_reverse_in_path_mode" time="0.309" timestamp="2024-05-01T18:37:22" file="src/core/tests/test_middleware.py" line="117"/>
	</testsuite>
	<testsuite name="src.core.tests.test_middleware.TestTimezoneMiddleware-20240501183652" tests="4" file="src/core/tests/test_middleware.py" time="1.231" timestamp="2024-05-01T18:37:23" failures="0" errors="0" skipped="0">
		<testcase classname="src.core.tests.test_middleware.TestTimezoneMiddleware" name="test_browser_timezone_case" time="0.305" timestamp="2024-05-01T18:37:22" file="src/core/tests/test_middleware.py" line="178"/>
		<testcase classname="src.core.tests.test_middleware.TestTimezoneMiddleware" name="test_default_case" time="0.307" timestamp="2024-05-01T18:37:22" file="src/core/tests/test_middleware.py" line="155"/>
		<testcase classname="src.core.tests.test_middleware.TestTimezoneMiddleware" name="test_user_preference_case" time="0.308" timestamp="2024-05-01T18:37:23" file="src/core/tests/test_middleware.py" line="167"/>
		<testcase classname="src.core.tests.test_middleware.TestTimezoneMiddleware" name="test_user_preference_over_browser" time="0.311" timestamp="2024-05-01T18:37:23" file="src/core/tests/test_middleware.py" line="191"/>
	</testsuite>
	<testsuite name="src.core.tests.test_models.TestAccount-20240501183652" tests="11" file="src/core/tests/test_models.py" time="1.208" timestamp="2024-05-01T18:37:24" failures="0" errors="0" skipped="0">
		<testcase classname="src.core.tests.test_models.TestAccount" name="test_creation" time="0.002" timestamp="2024-05-01T18:37:23" file="src/core/tests/test_models.py" line="22"/>
		<testcase classname="src.core.tests.test_models.TestAccount" name="test_email_normalised" time="0.001" timestamp="2024-05-01T18:37:23" file="src/core/tests/test_models.py" line="71"/>
		<testcase classname="src.core.tests.test_models.TestAccount" name="test_full_name" time="0.001" timestamp="2024-05-01T18:37:23" file="src/core/tests/test_models.py" line="200"/>
		<testcase classname="src.core.tests.test_models.TestAccount" name="test_merge_accounts_m2m" time="0.046" timestamp="2024-05-01T18:37:23" file="src/core/tests/test_models.py" line="108">
			<!--Test merging of m2m elements when mergint two accounts-->
		</testcase>
		<testcase classname="src.core.tests.test_models.TestAccount" name="test_merge_accounts_m2m_through" time="0.382" timestamp="2024-05-01T18:37:23" file="src/core/tests/test_models.py" line="125">
			<!--Test merging of m2m declaring 'through' when merging two accounts-->
		</testcase>
		<testcase classname="src.core.tests.test_models.TestAccount" name="test_merge_accounts_o2m" time="0.379" timestamp="2024-05-01T18:37:24" file="src/core/tests/test_models.py" line="149">
			<!--Test merging of o2m elements when merging two accounts-->
		</testcase>
		<testcase classname="src.core.tests.test_models.TestAccount" name="test_merge_accounts_o2m_unique" time="0.387" timestamp="2024-05-01T18:37:24" file="src/core/tests/test_models.py" line="171">
			<!--Test merging of o2m unique elements of two accounts-->
		</testcase>
		<testcase classname="src.core.tests.test_models.TestAccount" name="test_no_duplicates" time="0.001" timestamp="2024-05-01T18:37:24" file="src/core/tests/test_models.py" line="80"/>
		<testcase classname="src.core.tests.test_models.TestAccount" name="test_no_duplicates_quick_form" time="0.003" timestamp="2024-05-01T18:37:24" file="src/core/tests/test_models.py" line="90"/>
		<testcase classname="src.core.tests.test_models.TestAccount" name="test_username_normalised" time="0.003" timestamp="2024-05-01T18:37:24" file="src/core/tests/test_models.py" line="40"/>
		<testcase classname="src.core.tests.test_models.TestAccount" name="test_username_normalised_quick_form" time="0.002" timestamp="2024-05-01T18:37:24" file="src/core/tests/test_models.py" line="55"/>
	</testsuite>
	<testsuite name="src.core.tests.test_models.TestLastModifiedModel-20240501183652" tests="6" file="src/core/tests/test_models.py" time="2.239" timestamp="2024-05-01T18:37:27" failures="0" errors="0" skipped="0">
		<testcase classname="src.core.tests.test_models.TestLastModifiedModel" name="test_abstract_last_mod_save" time="0.355" timestamp="2024-05-01T18:37:25" file="src/core/tests/test_models.py" line="276"/>
		<testcase classname="src.core.tests.test_models.TestLastModifiedModel" name="test_abstract_last_mod_update_doesnt_die" time="0.347" timestamp="2024-05-01T18:37:25" file="src/core/tests/test_models.py" line="286"/>
		<testcase classname="src.core.tests.test_models.TestLastModifiedModel" name="test_last_modified_model" time="0.378" timestamp="2024-05-01T18:37:25" file="src/core/tests/test_models.py" line="295"/>
		<testcase classname="src.core.tests.test_models.TestLastModifiedModel" name="test_last_modified_model_recursive" time="0.388" timestamp="2024-05-01T18:37:26" file="src/core/tests/test_models.py" line="311"/>
		<testcase classname="src.core.tests.test_models.TestLastModifiedModel" name="test_last_modified_model_recursive_circular" time="0.386" timestamp="2024-05-01T18:37:26" file="src/core/tests/test_models.py" line="332"/>
		<testcase classname="src.core.tests.test_models.TestLastModifiedModel" name="test_last_modified_model_recursive_doubly_linked" time="0.386" timestamp="2024-05-01T18:37:27" file="src/core/tests/test_models.py" line="354"/>
	</testsuite>
	<testsuite name="src.core.tests.test_models.TestSVGImageFormField-20240501183652" tests="3" file="src/core/tests/test_models.py" time="0.017" timestamp="2024-05-01T18:37:27" failures="0" errors="0" skipped="0">
		<testcase classname="src.core.tests.test_models.TestSVGImageFormField" name="test_upload_corrupt_svg_to_svg_image_form_field" time="0.016" timestamp="2024-05-01T18:37:27" file="src/core/tests/test_models.py" line="228"/>
		<testcase classname="src.core.tests.test_models.TestSVGImageFormField" name="test_upload_image_to_svg_image_form_field" time="0.001" timestamp="2024-05-01T18:37:27" file="src/core/tests/test_models.py" line="245"/>
		<testcase classname="src.core.tests.test_models.TestSVGImageFormField" name="test_upload_svg_to_svg_image_form_field" time="0.001" timestamp="2024-05-01T18:37:27" file="src/core/tests/test_models.py" line="211"/>
	</testsuite>
	<testsuite name="src.core.tests.test_plugins.TestPluginLoader-20240501183652" tests="4" file="src/core/tests/test_plugins.py" time="0.002" timestamp="2024-05-01T18:37:27" failures="0" errors="0" skipped="0">
		<testcase classname="src.core.tests.test_plugins.TestPluginLoader" name="test_plugin_minor_version_is_not_valid" time="0.001" timestamp="2024-05-01T18:37:27" file="src/core/tests/test_plugins.py" line="34"/>
		<testcase classname="src.core.tests.test_plugins.TestPluginLoader" name="test_plugin_version_is_not_valid" time="0.000" timestamp="2024-05-01T18:37:27" file="src/core/tests/test_plugins.py" line="25"/>
		<testcase classname="src.core.tests.test_plugins.TestPluginLoader" name="test_plugin_version_is_valid" time="0.000" timestamp="2024-05-01T18:37:27" file="src/core/tests/test_plugins.py" line="17"/>
		<testcase classname="src.core.tests.test_plugins.TestPluginLoader" name="test_unpinned_plugin_version_is_valid" time="0.000" timestamp="2024-05-01T18:37:27" file="src/core/tests/test_plugins.py" line="43"/>
	</testsuite>
	<testsuite name="src.core.tests.test_settings.TestSettingHandler-20240501183652" tests="9" file="src/core/tests/test_settings.py" time="3.167" timestamp="2024-05-01T18:37:30" failures="0" errors="0" skipped="0">
		<testcase classname="src.core.tests.test_settings.TestSettingHandler" name="test_get_journal_setting_with_default_fallback" time="0.345" timestamp="2024-05-01T18:37:27" file="src/core/tests/test_settings.py" line="59"/>
		<testcase classname="src.core.tests.test_settings.TestSettingHandler" name="test_get_journal_setting_with_lang_and_default_fallback" time="0.355" timestamp="2024-05-01T18:37:27" file="src/core/tests/test_settings.py" line="80"/>
		<testcase classname="src.core.tests.test_settings.TestSettingHandler" name="test_get_journal_setting_with_lang_fallback" time="0.351" timestamp="2024-05-01T18:37:28" file="src/core/tests/test_settings.py" line="37"/>
		<testcase classname="src.core.tests.test_settings.TestSettingHandler" name="test_get_journal_setting_with_language" time="0.350" timestamp="2024-05-01T18:37:28" file="src/core/tests/test_settings.py" line="102"/>
		<testcase classname="src.core.tests.test_settings.TestSettingHandler" name="test_save_setting" time="0.354" timestamp="2024-05-01T18:37:28" file="src/core/tests/test_settings.py" line="124"/>
		<testcase classname="src.core.tests.test_settings.TestSettingHandler" name="test_save_translated_setting_with_default_lang" time="0.352" timestamp="2024-05-01T18:37:29" file="src/core/tests/test_settings.py" line="170"/>
		<testcase classname="src.core.tests.test_settings.TestSettingHandler" name="test_save_translated_setting_without_default_lang" time="0.352" timestamp="2024-05-01T18:37:29" file="src/core/tests/test_settings.py" line="145"/>
		<testcase classname="src.core.tests.test_settings.TestSettingHandler" name="test_set_and_get_journal_setting" time="0.353" timestamp="2024-05-01T18:37:29" file="src/core/tests/test_settings.py" line="17"/>
		<testcase classname="src.core.tests.test_settings.TestSettingHandler" name="test_update_translated_setting_with_default_lang" time="0.355" timestamp="2024-05-01T18:37:30" file="src/core/tests/test_settings.py" line="208"/>
	</testsuite>
	<testsuite name="src.core.tests.test_validators.TestValidators-20240501183652" tests="5" file="src/core/tests/test_validators.py" time="0.002" timestamp="2024-05-01T18:37:30" failures="0" errors="0" skipped="0">
		<testcase classname="src.core.tests.test_validators.TestValidators" name="test_invalid_email_setting" time="0.000" timestamp="2024-05-01T18:37:30" file="src/core/tests/test_validators.py" line="45"/>
		<testcase classname="src.core.tests.test_validators.TestValidators" name="test_invalid_file_extension" time="0.000" timestamp="2024-05-01T18:37:30" file="src/core/tests/test_validators.py" line="25"/>
		<testcase classname="src.core.tests.test_validators.TestValidators" name="test_invalid_mime_type" time="0.000" timestamp="2024-05-01T18:37:30" file="src/core/tests/test_validators.py" line="35"/>
		<testcase classname="src.core.tests.test_validators.TestValidators" name="test_valid_email_setting" time="0.000" timestamp="2024-05-01T18:37:30" file="src/core/tests/test_validators.py" line="50"/>
		<testcase classname="src.core.tests.test_validators.TestValidators" name="test_valid_file" time="0.000" timestamp="2024-05-01T18:37:30" file="src/core/tests/test_validators.py" line="8"/>
	</testsuite>
	<testsuite name="src.cron.tests.test_models.ModelTests-20240501183652" tests="1" file="src/cron/tests/test_models.py" time="0.001" timestamp="2024-05-01T18:37:30" failures="0" errors="0" skipped="0">
		<testcase classname="src.cron.tests.test_models.ModelTests" name="test_items_for_reminder" time="0.001" timestamp="2024-05-01T18:37:30" file="src/cron/tests/test_models.py" line="22"/>
	</testsuite>
	<testsuite name="src.identifiers.tests.test_forms.TestForms-20240501183652" tests="8" file="src/identifiers/tests/test_forms.py" time="0.102" timestamp="2024-05-01T18:37:31" failures="0" errors="0" skipped="0">
		<testcase classname="src.identifiers.tests.test_forms.TestForms" name="test_add_doi" time="0.002" timestamp="2024-05-01T18:37:31" file="src/identifiers/tests/test_forms.py" line="32"/>
		<testcase classname="src.identifiers.tests.test_forms.TestForms" name="test_duplicate_doi_article" time="0.002" timestamp="2024-05-01T18:37:31" file="src/identifiers/tests/test_forms.py" line="45">
			<!--
        Tests that you can't have a duplicate DOI on the same article.
        -->
		</testcase>
		<testcase classname="src.identifiers.tests.test_forms.TestForms" name="test_duplicate_doi_journal" time="0.003" timestamp="2024-05-01T18:37:31" file="src/identifiers/tests/test_forms.py" line="71">
			<!--
        Tests that you can't have duplicate DOIs across journals.
        -->
		</testcase>
		<testcase classname="src.identifiers.tests.test_forms.TestForms" name="test_edit_existing_ident" time="0.002" timestamp="2024-05-01T18:37:31" file="src/identifiers/tests/test_forms.py" line="175">
			<!--
        Tests that we can edit an existing identifier.
        -->
		</testcase>
		<testcase classname="src.identifiers.tests.test_forms.TestForms" name="test_edit_existing_ident_duplicate" time="0.002" timestamp="2024-05-01T18:37:31" file="src/identifiers/tests/test_forms.py" line="198">
			<!--
        Checks that we cannot save an existing identifier that matches another.
        -->
		</testcase>
		<testcase classname="src.identifiers.tests.test_forms.TestForms" name="test_other_ident_article" time="0.003" timestamp="2024-05-01T18:37:31" file="src/identifiers/tests/test_forms.py" line="97">
			<!--
        Tests that you cannot have duplicate non DOI idents in the same article.
        -->
		</testcase>
		<testcase classname="src.identifiers.tests.test_forms.TestForms" name="test_other_ident_journal" time="0.086" timestamp="2024-05-01T18:37:31" file="src/identifiers/tests/test_forms.py" line="123">
			<!--
        Tests that you cannot have duplicate non DOI idents in the same journal.
        -->
		</testcase>
		<testcase classname="src.identifiers.tests.test_forms.TestForms" name="test_other_ident_two_journals" time="0.003" timestamp="2024-05-01T18:37:31" file="src/identifiers/tests/test_forms.py" line="149">
			<!--
        Tests that you can have duplicate non DOI idents on different journals.
        -->
		</testcase>
	</testsuite>
	<testsuite name="src.identifiers.tests.test_logic.TestLogic-20240501183652" tests="17" file="src/identifiers/tests/test_logic.py" time="7.388" timestamp="2024-05-01T18:37:39" failures="0" errors="0" skipped="0">
		<testcase classname="src.identifiers.tests.test_logic.TestLogic" name="test_check_crossref_settings" time="0.020" timestamp="2024-05-01T18:37:32" file="src/identifiers/tests/test_logic.py" line="435"/>
		<testcase classname="src.identifiers.tests.test_logic.TestLogic" name="test_conference_deposit_xml_document_has_basically_correct_components" time="0.033" timestamp="2024-05-01T18:37:32" file="src/identifiers/tests/test_logic.py" line="338"/>
		<testcase classname="src.identifiers.tests.test_logic.TestLogic" name="test_create_crossef_issues_context" time="0.026" timestamp="2024-05-01T18:37:32" file="src/identifiers/tests/test_logic.py" line="170"/>
		<testcase classname="src.identifiers.tests.test_logic.TestLogic" name="test_create_crossref_article_context_not_published" time="0.008" timestamp="2024-05-01T18:37:32" file="src/identifiers/tests/test_logic.py" line="252"/>
		<testcase classname="src.identifiers.tests.test_logic.TestLogic" name="test_create_crossref_article_context_published" time="0.009" timestamp="2024-05-01T18:37:32" file="src/identifiers/tests/test_logic.py" line="229"/>
		<testcase classname="src.identifiers.tests.test_logic.TestLogic" name="test_create_crossref_doi_batch_context" time="0.009" timestamp="2024-05-01T18:37:32" file="src/identifiers/tests/test_logic.py" line="144"/>
		<testcase classname="src.identifiers.tests.test_logic.TestLogic" name="test_create_crossref_issue_context" time="0.006" timestamp="2024-05-01T18:37:32" file="src/identifiers/tests/test_logic.py" line="196"/>
		<testcase classname="src.identifiers.tests.test_logic.TestLogic" name="test_create_crossref_journal_context" time="0.004" timestamp="2024-05-01T18:37:32" file="src/identifiers/tests/test_logic.py" line="218"/>
		<testcase classname="src.identifiers.tests.test_logic.TestLogic" name="test_deposit_xml_document_is_valid" time="7.111" timestamp="2024-05-01T18:37:39" file="src/identifiers/tests/test_logic.py" line="291"/>
		<testcase classname="src.identifiers.tests.test_logic.TestLogic" name="test_issue_doi_auto_assign_enabled" time="0.024" timestamp="2024-05-01T18:37:39" file="src/identifiers/tests/test_logic.py" line="413"/>
		<testcase classname="src.identifiers.tests.test_logic.TestLogic" name="test_issue_doi_auto_assigned_disabled" time="0.017" timestamp="2024-05-01T18:37:39" file="src/identifiers/tests/test_logic.py" line="424"/>
		<testcase classname="src.identifiers.tests.test_logic.TestLogic" name="test_issue_doi_deposited_correctly" time="0.031" timestamp="2024-05-01T18:37:39" file="src/identifiers/tests/test_logic.py" line="358"/>
		<testcase classname="src.identifiers.tests.test_logic.TestLogic" name="test_journal_deposit_xml_document_has_basically_correct_components" time="0.042" timestamp="2024-05-01T18:37:39" file="src/identifiers/tests/test_logic.py" line="318"/>
		<testcase classname="src.identifiers.tests.test_logic.TestLogic" name="test_journal_doi_deposited_correctly" time="0.030" timestamp="2024-05-01T18:37:39" file="src/identifiers/tests/test_logic.py" line="385"/>
		<testcase classname="src.identifiers.tests.test_logic.TestLogic" name="test_preview_registration_information_when_custom_doi" time="0.006" timestamp="2024-05-01T18:37:39" file="src/identifiers/tests/test_logic.py" line="287"/>
		<testcase classname="src.identifiers.tests.test_logic.TestLogic" name="test_preview_registration_information_when_use_crossref_off" time="0.005" timestamp="2024-05-01T18:37:39" file="src/identifiers/tests/test_logic.py" line="282"/>
		<testcase classname="src.identifiers.tests.test_logic.TestLogic" name="test_preview_registration_information_when_use_crossref_on" time="0.009" timestamp="2024-05-01T18:37:39" file="src/identifiers/tests/test_logic.py" line="277"/>
	</testsuite>
	<testsuite name="src.identifiers.tests.test_models.TestLogic-20240501183652" tests="2" file="src/identifiers/tests/test_models.py" time="0.114" timestamp="2024-05-01T18:37:39" failures="0" errors="0" skipped="0">
		<testcase classname="src.identifiers.tests.test_models.TestLogic" name="test_crossref_deposit" time="0.065" timestamp="2024-05-01T18:37:39" file="src/identifiers/tests/test_models.py" line="25"/>
		<testcase classname="src.identifiers.tests.test_models.TestLogic" name="test_crossref_status" time="0.049" timestamp="2024-05-01T18:37:39" file="src/identifiers/tests/test_models.py" line="39"/>
	</testsuite>
	<testsuite name="src.journal.tests.test_journal_frontend.TestJournalSite-20240501183652" tests="10" file="src/journal/tests/test_journal_frontend.py" time="4.553" timestamp="2024-05-01T18:37:44" failures="0" errors="0" skipped="0">
		<testcase classname="src.journal.tests.test_journal_frontend.TestJournalSite" name="test_article_page" time="0.670" timestamp="2024-05-01T18:37:40" file="src/journal/tests/test_journal_frontend.py" line="250"/>
		<testcase classname="src.journal.tests.test_journal_frontend.TestJournalSite" name="test_authors_page" time="0.380" timestamp="2024-05-01T18:37:40" file="src/journal/tests/test_journal_frontend.py" line="216"/>
		<testcase classname="src.journal.tests.test_journal_frontend.TestJournalSite" name="test_become_reviewer_page" time="0.417" timestamp="2024-05-01T18:37:41" file="src/journal/tests/test_journal_frontend.py" line="137"/>
		<testcase classname="src.journal.tests.test_journal_frontend.TestJournalSite" name="test_collection_page" time="0.396" timestamp="2024-05-01T18:37:41" file="src/journal/tests/test_journal_frontend.py" line="174"/>
		<testcase classname="src.journal.tests.test_journal_frontend.TestJournalSite" name="test_editorial_team_group_page" time="0.378" timestamp="2024-05-01T18:37:42" file="src/journal/tests/test_journal_frontend.py" line="197"/>
		<testcase classname="src.journal.tests.test_journal_frontend.TestJournalSite" name="test_flat_front_end_pages" time="0.730" timestamp="2024-05-01T18:37:42" file="src/journal/tests/test_journal_frontend.py" line="98"/>
		<testcase classname="src.journal.tests.test_journal_frontend.TestJournalSite" name="test_issue_page" time="0.393" timestamp="2024-05-01T18:37:43" file="src/journal/tests/test_journal_frontend.py" line="114"/>
		<testcase classname="src.journal.tests.test_journal_frontend.TestJournalSite" name="test_keywords_page" time="0.376" timestamp="2024-05-01T18:37:43" file="src/journal/tests/test_journal_frontend.py" line="228"/>
		<testcase classname="src.journal.tests.test_journal_frontend.TestJournalSite" name="test_search_excludes_artucle" time="0.394" timestamp="2024-05-01T18:37:44" file="src/journal/tests/test_journal_frontend.py" line="289"/>
		<testcase classname="src.journal.tests.test_journal_frontend.TestJournalSite" name="test_search_includes_article" time="0.419" timestamp="2024-05-01T18:37:44" file="src/journal/tests/test_journal_frontend.py" line="270"/>
	</testsuite>
	<testsuite name="src.journal.tests.test_models.TestIssueModel-20240501183652" tests="4" file="src/journal/tests/test_models.py" time="1.403" timestamp="2024-05-01T18:37:45" failures="0" errors="0" skipped="0">
		<testcase classname="src.journal.tests.test_models.TestIssueModel" name="test_collection_display_title" time="0.348" timestamp="2024-05-01T18:37:44" file="src/journal/tests/test_models.py" line="130"/>
		<testcase classname="src.journal.tests.test_models.TestIssueModel" name="test_issue_display_title" time="0.349" timestamp="2024-05-01T18:37:45" file="src/journal/tests/test_models.py" line="122"/>
		<testcase classname="src.journal.tests.test_models.TestIssueModel" name="test_issue_display_title_changed" time="0.353" timestamp="2024-05-01T18:37:45" file="src/journal/tests/test_models.py" line="142"/>
		<testcase classname="src.journal.tests.test_models.TestIssueModel" name="test_journal_settings_for_display_title_changed" time="0.353" timestamp="2024-05-01T18:37:45" file="src/journal/tests/test_models.py" line="152"/>
	</testsuite>
	<testsuite name="src.journal.tests.test_models.TestJournalSite-20240501183652" tests="7" file="src/journal/tests/test_models.py" time="3.696" timestamp="2024-05-01T18:37:49" failures="0" errors="0" skipped="0">
		<testcase classname="src.journal.tests.test_models.TestJournalSite" name="test_domain_mode_site_url_for_journal_in_context" time="0.571" timestamp="2024-05-01T18:37:46" file="src/journal/tests/test_models.py" line="67"/>
		<testcase classname="src.journal.tests.test_models.TestJournalSite" name="test_domain_mode_site_url_for_journal_in_context_with_path" time="0.331" timestamp="2024-05-01T18:37:46" file="src/journal/tests/test_models.py" line="77"/>
		<testcase classname="src.journal.tests.test_models.TestJournalSite" name="test_domain_mode_site_url_for_other_site" time="0.888" timestamp="2024-05-01T18:37:47" file="src/journal/tests/test_models.py" line="88"/>
		<testcase classname="src.journal.tests.test_models.TestJournalSite" name="test_domain_mode_site_url_while_browsing_path_mode" time="0.614" timestamp="2024-05-01T18:37:48" file="src/journal/tests/test_models.py" line="102"/>
		<testcase classname="src.journal.tests.test_models.TestJournalSite" name="test_path_mode_site_url_for_journal_in_context" time="0.316" timestamp="2024-05-01T18:37:48" file="src/journal/tests/test_models.py" line="25"/>
		<testcase classname="src.journal.tests.test_models.TestJournalSite" name="test_path_mode_site_url_for_journal_in_context_with_path" time="0.332" timestamp="2024-05-01T18:37:48" file="src/journal/tests/test_models.py" line="39"/>
		<testcase classname="src.journal.tests.test_models.TestJournalSite" name="test_path_mode_site_url_for_other_site" time="0.644" timestamp="2024-05-01T18:37:49" file="src/journal/tests/test_models.py" line="50"/>
	</testsuite>
	<testsuite name="src.metrics.tests.ArticleAccessTests-20240501183652" tests="4" file="src/metrics/tests.py" time="1.494" timestamp="2024-05-01T18:37:51" failures="0" errors="0" skipped="0">
		<testcase classname="src.metrics.tests.ArticleAccessTests" name="test_NO_article_access_when_view_non_render_galley" time="0.378" timestamp="2024-05-01T18:37:50" file="src/metrics/tests.py" line="73"/>
		<testcase classname="src.metrics.tests.ArticleAccessTests" name="test_article_access_when_download_galley" time="0.292" timestamp="2024-05-01T18:37:50" file="src/metrics/tests.py" line="103"/>
		<testcase classname="src.metrics.tests.ArticleAccessTests" name="test_article_access_when_view_abstract" time="0.454" timestamp="2024-05-01T18:37:51" file="src/metrics/tests.py" line="34"/>
		<testcase classname="src.metrics.tests.ArticleAccessTests" name="test_article_access_when_view_render_galley" time="0.371" timestamp="2024-05-01T18:37:51" file="src/metrics/tests.py" line="50"/>
	</testsuite>
	<testsuite name="src.production.tests.TestLogic-20240501183652" tests="4" file="src/production/tests.py" time="0.098" timestamp="2024-05-01T18:37:52" failures="0" errors="0" skipped="0">
		<testcase classname="src.production.tests.TestLogic" name="test_active_article_task_200s" time="0.030" timestamp="2024-05-01T18:37:52" file="src/production/tests.py" line="108"/>
		<testcase classname="src.production.tests.TestLogic" name="test_archive_stage_hides_task" time="0.036" timestamp="2024-05-01T18:37:52" file="src/production/tests.py" line="79"/>
		<testcase classname="src.production.tests.TestLogic" name="test_archived_article_task_404s" time="0.031" timestamp="2024-05-01T18:37:52" file="src/production/tests.py" line="93"/>
		<testcase classname="src.production.tests.TestLogic" name="test_remove_css_from_html" time="0.001" timestamp="2024-05-01T18:37:52" file="src/production/tests.py" line="60"/>
	</testsuite>
	<testsuite name="src.proofing.tests.TestLogic-20240501183652" tests="6" file="src/proofing/tests.py" time="0.206" timestamp="2024-05-01T18:37:52" failures="0" errors="0" skipped="0">
		<testcase classname="src.proofing.tests.TestLogic" name="test_active_article_correction_200s" time="0.053" timestamp="2024-05-01T18:37:52" file="src/proofing/tests.py" line="164"/>
		<testcase classname="src.proofing.tests.TestLogic" name="test_active_article_task_200s" time="0.032" timestamp="2024-05-01T18:37:52" file="src/proofing/tests.py" line="120"/>
		<testcase classname="src.proofing.tests.TestLogic" name="test_archive_stage_hides_correction_task" time="0.031" timestamp="2024-05-01T18:37:52" file="src/proofing/tests.py" line="135"/>
		<testcase classname="src.proofing.tests.TestLogic" name="test_archive_stage_hides_task" time="0.028" timestamp="2024-05-01T18:37:52" file="src/proofing/tests.py" line="91"/>
		<testcase classname="src.proofing.tests.TestLogic" name="test_archived_article_correction_404s" time="0.032" timestamp="2024-05-01T18:37:52" file="src/proofing/tests.py" line="149"/>
		<testcase classname="src.proofing.tests.TestLogic" name="test_archived_article_task_404s" time="0.031" timestamp="2024-05-01T18:37:52" file="src/proofing/tests.py" line="105"/>
	</testsuite>
	<testsuite name="src.repository.tests.test_models.TestModels-20240501183652" tests="2" file="src/repository/tests/test_models.py" time="0.788" timestamp="2024-05-01T18:37:53" failures="0" errors="0" skipped="0">
		<testcase classname="src.repository.tests.test_models.TestModels" name="test_create_article" time="0.386" timestamp="2024-05-01T18:37:53" file="src/repository/tests/test_models.py" line="52"/>
		<testcase classname="src.repository.tests.test_models.TestModels" name="test_create_article_force" time="0.402" timestamp="2024-05-01T18:37:53" file="src/repository/tests/test_models.py" line="93"/>
	</testsuite>
	<testsuite name="src.repository.tests.test_views.TestModels-20240501183652" tests="8" file="src/repository/tests/test_views.py" time="2.577" timestamp="2024-05-01T18:37:56" failures="1" errors="2" skipped="0">
		<testcase classname="src.repository.tests.test_views.TestModels" name="test_accept_preprint_bad_date" time="0.351" timestamp="2024-05-01T18:37:54" file="src/repository/tests/test_views.py" line="295"/>
		<testcase classname="src.repository.tests.test_views.TestModels" name="test_edit_review_comment" time="0.320" timestamp="2024-05-01T18:37:54" file="src/repository/tests/test_views.py" line="233"/>
		<testcase classname="src.repository.tests.test_views.TestModels" name="test_invite_reviewer" time="0.316" timestamp="2024-05-01T18:37:55" file="src/repository/tests/test_views.py" line="66"/>
		<testcase classname="src.repository.tests.test_views.TestModels" name="test_publish_review_comment" time="0.315" timestamp="2024-05-01T18:37:55" file="src/repository/tests/test_views.py" line="155"/>
		<testcase classname="src.repository.tests.test_views.TestModels" name="test_unpublish_review_comment" time="0.314" timestamp="2024-05-01T18:37:56" file="src/repository/tests/test_views.py" line="193"/>
		<testcase classname="src.repository.tests.test_views.TestModels" name="test_accept_preprint" time="0.326" timestamp="2024-05-01T18:37:53" file="src/repository/tests/test_views.py" line="277">
			<failure type="AssertionError" message="FakeDatetime(2024, 3, 25, 20, 0, tzinfo=d[16 chars].utc) != datetime.datetime(2024, 3, 25, 10, 0, tzi[45 chars]go'))"><![CDATA[Traceback (most recent call last):
  File "/usr/local/lib/python3.10/site-packages/django/test/utils.py", line 461, in inner
    return func(*args, **kwargs)
  File "/usr/local/lib/python3.10/site-packages/freezegun/api.py", line 789, in wrapper
    result = func(*args, **kwargs)
  File "/vol/janeway/src/repository/tests/test_views.py", line 293, in test_accept_preprint
    self.assertEqual(p.date_accepted, FROZEN_DATETIME)
AssertionError: FakeDatetime(2024, 3, 25, 20, 0, tzinfo=d[16 chars].utc) != datetime.datetime(2024, 3, 25, 10, 0, tzi[45 chars]go'))
]]></failure>
		</testcase>
		<testcase classname="src.repository.tests.test_views.TestModels" name="test_do_review" time="0.321" timestamp="2024-05-01T18:37:54" file="src/repository/tests/test_views.py" line="120">
			<error type="BdbQuit" message=""><![CDATA[Traceback (most recent call last):
  File "/usr/local/lib/python3.10/site-packages/django/test/utils.py", line 461, in inner
    return func(*args, **kwargs)
  File "/vol/janeway/src/repository/tests/test_views.py", line 141, in test_do_review
    self.client.post(
  File "/usr/local/lib/python3.10/site-packages/django/test/client.py", line 948, in post
    response = super().post(
  File "/usr/local/lib/python3.10/site-packages/django/test/client.py", line 482, in post
    return self.generic(
  File "/usr/local/lib/python3.10/site-packages/django/test/client.py", line 609, in generic
    return self.request(**r)
  File "/usr/local/lib/python3.10/site-packages/django/test/client.py", line 891, in request
    self.check_exception(response)
  File "/usr/local/lib/python3.10/site-packages/django/test/client.py", line 738, in check_exception
    raise exc_value
  File "/usr/local/lib/python3.10/site-packages/django/core/handlers/exception.py", line 55, in inner
    response = get_response(request)
  File "/usr/local/lib/python3.10/site-packages/django/core/handlers/base.py", line 197, in _get_response
    response = wrapped_callback(request, *callback_args, **callback_kwargs)
  File "/vol/janeway/src/repository/views.py", line 2164, in submit_review
    review.complete(request)
  File "/vol/janeway/src/repository/models.py", line 1328, in complete
    event_logic.Events.raise_event(
  File "/vol/janeway/src/events/logic.py", line 301, in raise_event
    event_return = [func(**kwargs) for func in Events._hooks[event_name]]
  File "/vol/janeway/src/events/logic.py", line 301, in <listcomp>
    event_return = [func(**kwargs) for func in Events._hooks[event_name]]
  File "/vol/janeway/src/utils/transactional_emails.py", line 1825, in preprint_review_status_change
    notify_helpers.send_email_with_body_from_user(
  File "/vol/janeway/src/utils/notify_helpers.py", line 56, in send_email_with_body_from_user
    notify.notification(**notify_contents)
  File "/vol/janeway/src/utils/notify.py", line 21, in notification
    [func(**kwargs) for func in settings.NOTIFY_FUNCS]
  File "/vol/janeway/src/utils/notify.py", line 21, in <listcomp>
    [func(**kwargs) for func in settings.NOTIFY_FUNCS]
  File "/vol/janeway/src/utils/notify_plugins/notify_email.py", line 146, in notify_hook
    response = send_email(
  File "/vol/janeway/src/utils/notify_plugins/notify_email.py", line 64, in send_email
    full_from_string = sanitize_address(
  File "/vol/janeway/src/utils/notify_plugins/notify_email.py", line 64, in send_email
    full_from_string = sanitize_address(
  File "/usr/local/lib/python3.10/bdb.py", line 90, in trace_dispatch
    return self.dispatch_line(frame)
  File "/usr/local/lib/python3.10/bdb.py", line 115, in dispatch_line
    if self.quitting: raise BdbQuit
bdb.BdbQuit
]]></error>
			<system-out><![CDATA[> /vol/janeway/src/utils/notify_plugins/notify_email.py(64)send_email()
-> full_from_string = sanitize_address(
(Pdb) 
]]></system-out>
		</testcase>
		<testcase classname="src.repository.tests.test_views.TestModels" name="test_notify_reviewer" time="0.315" timestamp="2024-05-01T18:37:55" file="src/repository/tests/test_views.py" line="89">
			<error type="BdbQuit" message=""><![CDATA[Traceback (most recent call last):
  File "/usr/local/lib/python3.10/site-packages/django/test/utils.py", line 461, in inner
    return func(*args, **kwargs)
  File "/vol/janeway/src/repository/tests/test_views.py", line 110, in test_notify_reviewer
    response = self.client.post(
  File "/usr/local/lib/python3.10/site-packages/django/test/client.py", line 948, in post
    response = super().post(
  File "/usr/local/lib/python3.10/site-packages/django/test/client.py", line 482, in post
    return self.generic(
  File "/usr/local/lib/python3.10/site-packages/django/test/client.py", line 609, in generic
    return self.request(**r)
  File "/usr/local/lib/python3.10/site-packages/django/test/client.py", line 891, in request
    self.check_exception(response)
  File "/usr/local/lib/python3.10/site-packages/django/test/client.py", line 738, in check_exception
    raise exc_value
  File "/usr/local/lib/python3.10/site-packages/django/core/handlers/exception.py", line 55, in inner
    response = get_response(request)
  File "/usr/local/lib/python3.10/site-packages/django/core/handlers/base.py", line 197, in _get_response
    response = wrapped_callback(request, *callback_args, **callback_kwargs)
  File "/vol/janeway/src/security/decorators.py", line 66, in wrapper
    return func(request, *args, **kwargs)
  File "/vol/janeway/src/security/decorators.py", line 1240, in preprint_manager_wrapper
    return func(request, *args, **kwargs)
  File "/vol/janeway/src/repository/views.py", line 2093, in notify_reviewer
    event_logic.Events.raise_event(
  File "/vol/janeway/src/events/logic.py", line 301, in raise_event
    event_return = [func(**kwargs) for func in Events._hooks[event_name]]
  File "/vol/janeway/src/events/logic.py", line 301, in <listcomp>
    event_return = [func(**kwargs) for func in Events._hooks[event_name]]
  File "/vol/janeway/src/utils/transactional_emails.py", line 1768, in preprint_review_notification
    notify_helpers.send_email_with_body_from_user(
  File "/vol/janeway/src/utils/notify_helpers.py", line 56, in send_email_with_body_from_user
    notify.notification(**notify_contents)
  File "/vol/janeway/src/utils/notify.py", line 21, in notification
    [func(**kwargs) for func in settings.NOTIFY_FUNCS]
  File "/vol/janeway/src/utils/notify.py", line 21, in <listcomp>
    [func(**kwargs) for func in settings.NOTIFY_FUNCS]
  File "/vol/janeway/src/utils/notify_plugins/notify_email.py", line 146, in notify_hook
    response = send_email(
  File "/vol/janeway/src/utils/notify_plugins/notify_email.py", line 64, in send_email
    full_from_string = sanitize_address(
  File "/vol/janeway/src/utils/notify_plugins/notify_email.py", line 64, in send_email
    full_from_string = sanitize_address(
  File "/usr/local/lib/python3.10/bdb.py", line 90, in trace_dispatch
    return self.dispatch_line(frame)
  File "/usr/local/lib/python3.10/bdb.py", line 115, in dispatch_line
    if self.quitting: raise BdbQuit
bdb.BdbQuit
]]></error>
			<system-out><![CDATA[> /vol/janeway/src/utils/notify_plugins/notify_email.py(64)send_email()
-> full_from_string = sanitize_address(
(Pdb) 
]]></system-out>
		</testcase>
	</testsuite>
	<testsuite name="src.review.tests.ReviewTests-20240501183652" tests="14" file="src/review/tests.py" time="18.607" timestamp="2024-05-01T18:38:14" failures="0" errors="4" skipped="0">
		<testcase classname="src.review.tests.ReviewTests" name="test_completed_reviews_shared_setting" time="1.660" timestamp="2024-05-01T18:37:57" file="src/review/tests.py" line="261"/>
		<testcase classname="src.review.tests.ReviewTests" name="test_completed_reviews_with_decision_count" time="1.249" timestamp="2024-05-01T18:37:59" file="src/review/tests.py" line="66"/>
		<testcase classname="src.review.tests.ReviewTests" name="test_csv_reviewer_import_bad" time="1.261" timestamp="2024-05-01T18:38:02" file="src/review/tests.py" line="166"/>
		<testcase classname="src.review.tests.ReviewTests" name="test_index_view_with_no_questions" time="1.288" timestamp="2024-05-01T18:38:05" file="src/review/tests.py" line="32">
			<!--
        If no questions exist, an appropriate message should be displayed.
        -->
		</testcase>
		<testcase classname="src.review.tests.ReviewTests" name="test_request_revisions_context" time="1.295" timestamp="2024-05-01T18:38:06" file="src/review/tests.py" line="865"/>
		<testcase classname="src.review.tests.ReviewTests" name="test_review_assignment_form_bad_reviewer" time="1.270" timestamp="2024-05-01T18:38:08" file="src/review/tests.py" line="88"/>
		<testcase classname="src.review.tests.ReviewTests" name="test_review_assignment_form_valid" time="1.278" timestamp="2024-05-01T18:38:09" file="src/review/tests.py" line="72"/>
		<testcase classname="src.review.tests.ReviewTests" name="test_review_form_can_save" time="1.277" timestamp="2024-05-01T18:38:10" file="src/review/tests.py" line="40"/>
		<testcase classname="src.review.tests.ReviewTests" name="test_shared_review_download_view" time="1.531" timestamp="2024-05-01T18:38:13" file="src/review/tests.py" line="338">
			<!--
        Tests route 1 of the reviewer_shared_review_download view allows and
        denies access as required.
        -->
		</testcase>
		<testcase classname="src.review.tests.ReviewTests" name="test_total_review_count" time="1.302" timestamp="2024-05-01T18:38:14" file="src/review/tests.py" line="60"/>
		<testcase classname="src.review.tests.ReviewTests" name="test_csv_doesnt_create_duplicate_assignments" time="1.269" timestamp="2024-05-01T18:38:00" file="src/review/tests.py" line="227">
			<error type="BdbQuit" message=""><![CDATA[Traceback (most recent call last):
  File "/vol/janeway/src/review/tests.py", line 250, in test_csv_doesnt_create_duplicate_assignments
    reviewers, error = logic.process_reviewer_csv(
  File "/vol/janeway/src/review/logic.py", line 893, in process_reviewer_csv
    event_logic.Events.raise_event(
  File "/vol/janeway/src/events/logic.py", line 301, in raise_event
    event_return = [func(**kwargs) for func in Events._hooks[event_name]]
  File "/vol/janeway/src/events/logic.py", line 301, in <listcomp>
    event_return = [func(**kwargs) for func in Events._hooks[event_name]]
  File "/vol/janeway/src/utils/transactional_emails.py", line 238, in send_reviewer_requested_acknowledgements
    notify_helpers.send_email_with_body_from_user(
  File "/vol/janeway/src/utils/notify_helpers.py", line 56, in send_email_with_body_from_user
    notify.notification(**notify_contents)
  File "/vol/janeway/src/utils/notify.py", line 21, in notification
    [func(**kwargs) for func in settings.NOTIFY_FUNCS]
  File "/vol/janeway/src/utils/notify.py", line 21, in <listcomp>
    [func(**kwargs) for func in settings.NOTIFY_FUNCS]
  File "/vol/janeway/src/utils/notify_plugins/notify_email.py", line 146, in notify_hook
    response = send_email(
  File "/vol/janeway/src/utils/notify_plugins/notify_email.py", line 64, in send_email
    full_from_string = sanitize_address(
  File "/vol/janeway/src/utils/notify_plugins/notify_email.py", line 64, in send_email
    full_from_string = sanitize_address(
  File "/usr/local/lib/python3.10/bdb.py", line 90, in trace_dispatch
    return self.dispatch_line(frame)
  File "/usr/local/lib/python3.10/bdb.py", line 115, in dispatch_line
    if self.quitting: raise BdbQuit
bdb.BdbQuit
]]></error>
			<system-out><![CDATA[> /vol/janeway/src/utils/notify_plugins/notify_email.py(64)send_email()
-> full_from_string = sanitize_address(
(Pdb) 
]]></system-out>
		</testcase>
		<testcase classname="src.review.tests.ReviewTests" name="test_csv_review_import_uses_existing_user_account" time="1.365" timestamp="2024-05-01T18:38:01" file="src/review/tests.py" line="193">
			<error type="BdbQuit" message=""><![CDATA[Traceback (most recent call last):
  File "/vol/janeway/src/review/tests.py", line 216, in test_csv_review_import_uses_existing_user_account
    reviewers, error = logic.process_reviewer_csv(
  File "/vol/janeway/src/review/logic.py", line 893, in process_reviewer_csv
    event_logic.Events.raise_event(
  File "/vol/janeway/src/events/logic.py", line 301, in raise_event
    event_return = [func(**kwargs) for func in Events._hooks[event_name]]
  File "/vol/janeway/src/events/logic.py", line 301, in <listcomp>
    event_return = [func(**kwargs) for func in Events._hooks[event_name]]
  File "/vol/janeway/src/utils/transactional_emails.py", line 238, in send_reviewer_requested_acknowledgements
    notify_helpers.send_email_with_body_from_user(
  File "/vol/janeway/src/utils/notify_helpers.py", line 56, in send_email_with_body_from_user
    notify.notification(**notify_contents)
  File "/vol/janeway/src/utils/notify.py", line 21, in notification
    [func(**kwargs) for func in settings.NOTIFY_FUNCS]
  File "/vol/janeway/src/utils/notify.py", line 21, in <listcomp>
    [func(**kwargs) for func in settings.NOTIFY_FUNCS]
  File "/vol/janeway/src/utils/notify_plugins/notify_email.py", line 146, in notify_hook
    response = send_email(
  File "/vol/janeway/src/utils/notify_plugins/notify_email.py", line 64, in send_email
    full_from_string = sanitize_address(
  File "/vol/janeway/src/utils/notify_plugins/notify_email.py", line 64, in send_email
    full_from_string = sanitize_address(
  File "/usr/local/lib/python3.10/bdb.py", line 90, in trace_dispatch
    return self.dispatch_line(frame)
  File "/usr/local/lib/python3.10/bdb.py", line 115, in dispatch_line
    if self.quitting: raise BdbQuit
bdb.BdbQuit
]]></error>
			<system-out><![CDATA[> /vol/janeway/src/utils/notify_plugins/notify_email.py(64)send_email()
-> full_from_string = sanitize_address(
(Pdb) 
]]></system-out>
		</testcase>
		<testcase classname="src.review.tests.ReviewTests" name="test_csv_reviewer_import_good" time="1.280" timestamp="2024-05-01T18:38:04" file="src/review/tests.py" line="124">
			<error type="BdbQuit" message=""><![CDATA[Traceback (most recent call last):
  File "/vol/janeway/src/review/tests.py", line 149, in test_csv_reviewer_import_good
    reviewers, error = logic.process_reviewer_csv(
  File "/vol/janeway/src/review/logic.py", line 893, in process_reviewer_csv
    event_logic.Events.raise_event(
  File "/vol/janeway/src/events/logic.py", line 301, in raise_event
    event_return = [func(**kwargs) for func in Events._hooks[event_name]]
  File "/vol/janeway/src/events/logic.py", line 301, in <listcomp>
    event_return = [func(**kwargs) for func in Events._hooks[event_name]]
  File "/vol/janeway/src/utils/transactional_emails.py", line 238, in send_reviewer_requested_acknowledgements
    notify_helpers.send_email_with_body_from_user(
  File "/vol/janeway/src/utils/notify_helpers.py", line 56, in send_email_with_body_from_user
    notify.notification(**notify_contents)
  File "/vol/janeway/src/utils/notify.py", line 21, in notification
    [func(**kwargs) for func in settings.NOTIFY_FUNCS]
  File "/vol/janeway/src/utils/notify.py", line 21, in <listcomp>
    [func(**kwargs) for func in settings.NOTIFY_FUNCS]
  File "/vol/janeway/src/utils/notify_plugins/notify_email.py", line 146, in notify_hook
    response = send_email(
  File "/vol/janeway/src/utils/notify_plugins/notify_email.py", line 64, in send_email
    full_from_string = sanitize_address(
  File "/vol/janeway/src/utils/notify_plugins/notify_email.py", line 64, in send_email
    full_from_string = sanitize_address(
  File "/usr/local/lib/python3.10/bdb.py", line 90, in trace_dispatch
    return self.dispatch_line(frame)
  File "/usr/local/lib/python3.10/bdb.py", line 115, in dispatch_line
    if self.quitting: raise BdbQuit
bdb.BdbQuit
]]></error>
			<system-out><![CDATA[> /vol/janeway/src/utils/notify_plugins/notify_email.py(64)send_email()
-> full_from_string = sanitize_address(
(Pdb) 
]]></system-out>
		</testcase>
		<testcase classname="src.review.tests.ReviewTests" name="test_reviewer_decision_form_no_decision" time="1.281" timestamp="2024-05-01T18:38:11" file="src/review/tests.py" line="104">
			<error type="ValueError" message="The ReviewAssignment could not be created because the data didn't validate."><![CDATA[Traceback (most recent call last):
  File "/vol/janeway/src/review/tests.py", line 118, in test_reviewer_decision_form_no_decision
    assignment = form.save()
  File "/vol/janeway/src/review/forms.py", line 107, in save
    review_assignment = super().save(commit=False)
  File "/usr/local/lib/python3.10/site-packages/django/forms/models.py", line 533, in save
    raise ValueError(
ValueError: The ReviewAssignment could not be created because the data didn't validate.
]]></error>
		</testcase>
	</testsuite>
	<testsuite name="src.security.test_security.TestSecurity-20240501183652" tests="222" file="src/security/test_security.py" time="1.463" timestamp="2024-05-01T18:38:17" failures="0" errors="1" skipped="0">
		<testcase classname="src.security.test_security.TestSecurity" name="test_account_is_author_role_check_allows_authors" time="0.002" timestamp="2024-05-01T18:38:15" file="src/security/test_security.py" line="421">
			<!--
        Tests that the internal Account.is_editor function allows editors.
        :return: None or raises an assertion
        -->
		</testcase>
		<testcase classname="src.security.test_security.TestSecurity" name="test_account_is_author_role_check_blocks_non_authors" time="0.002" timestamp="2024-05-01T18:38:15" file="src/security/test_security.py" line="400">
			<!--
        Tests that the internal Account.is_author function blocks non-authors.
        :return: None or raises an assertion
        -->
		</testcase>
		<testcase classname="src.security.test_security.TestSecurity" name="test_account_is_editor_role_check_allows_editors" time="0.002" timestamp="2024-05-01T18:38:15" file="src/security/test_security.py" line="59">
			<!--
        Tests that the internal Account.is_editor function allows editors.
        :return: None or raises an assertion
        -->
		</testcase>
		<testcase classname="src.security.test_security.TestSecurity" name="test_account_is_editor_role_check_blocks_non_editors" time="0.002" timestamp="2024-05-01T18:38:15" file="src/security/test_security.py" line="38">
			<!--
        Tests that the internal Account.is_editor function blocks non-editors.
        :return: None or raises an assertion
        -->
		</testcase>
		<testcase classname="src.security.test_security.TestSecurity" name="test_account_is_production_role_check_allows_productions" time="0.002" timestamp="2024-05-01T18:38:15" file="src/security/test_security.py" line="845">
			<!--
        Tests that the internal Account.is_editor function allows editors.
        :return: None or raises an assertion
        -->
		</testcase>
		<testcase classname="src.security.test_security.TestSecurity" name="test_account_is_production_role_check_blocks_non_productions" time="0.002" timestamp="2024-05-01T18:38:15" file="src/security/test_security.py" line="824">
			<!--
        Tests that the internal Account.is_production function blocks non-productions.
        :return: None or raises an assertion
        -->
		</testcase>
		<testcase classname="src.security.test_security.TestSecurity" name="test_account_is_proofreader_role_check_allows_proofreaders" time="0.002" timestamp="2024-05-01T18:38:15" file="src/security/test_security.py" line="623">
			<!--
        Tests that the internal Account.is_editor function allows editors.
        :return: None or raises an assertion
        -->
		</testcase>
		<testcase classname="src.security.test_security.TestSecurity" name="test_account_is_proofreader_role_check_blocks_non_proofreaders" time="0.001" timestamp="2024-05-01T18:38:15" file="src/security/test_security.py" line="602">
			<!--
        Tests that the internal Account.is_proofreader function blocks non-proofreaders.
        :return: None or raises an assertion
        -->
		</testcase>
		<testcase classname="src.security.test_security.TestSecurity" name="test_account_role_check_allows_authors" time="0.001" timestamp="2024-05-01T18:38:15" file="src/security/test_security.py" line="432">
			<!--
        Tests that the internal Account.check_role function allows authors.
        :return: None or raises an assertion
        -->
		</testcase>
		<testcase classname="src.security.test_security.TestSecurity" name="test_account_role_check_allows_editors" time="0.001" timestamp="2024-05-01T18:38:15" file="src/security/test_security.py" line="70">
			<!--
        Tests that the internal Account.check_role function allows editors.
        :return: None or raises an assertion
        -->
		</testcase>
		<testcase classname="src.security.test_security.TestSecurity" name="test_account_role_check_allows_productions" time="0.001" timestamp="2024-05-01T18:38:15" file="src/security/test_security.py" line="856">
			<!--
        Tests that the internal Account.check_role function allows productions.
        :return: None or raises an assertion
        -->
		</testcase>
		<testcase classname="src.security.test_security.TestSecurity" name="test_account_role_check_allows_proofreaders" time="0.001" timestamp="2024-05-01T18:38:15" file="src/security/test_security.py" line="634">
			<!--
        Tests that the internal Account.check_role function allows proofreaders.
        :return: None or raises an assertion
        -->
		</testcase>
		<testcase classname="src.security.test_security.TestSecurity" name="test_account_role_check_blocks_non_authors" time="0.001" timestamp="2024-05-01T18:38:15" file="src/security/test_security.py" line="411">
			<!--
        Tests that the Account.check_role function blocks non-authors.
        :return: None or raises an assertion
        -->
		</testcase>
		<testcase classname="src.security.test_security.TestSecurity" name="test_account_role_check_blocks_non_editors" time="0.001" timestamp="2024-05-01T18:38:15" file="src/security/test_security.py" line="49">
			<!--
        Tests that the Account.check_role function blocks non-editors
        :return: None or raises an assertion
        -->
		</testcase>
		<testcase classname="src.security.test_security.TestSecurity" name="test_account_role_check_blocks_non_productions" time="0.001" timestamp="2024-05-01T18:38:15" file="src/security/test_security.py" line="835">
			<!--
        Tests that the Account.check_role function blocks non-productions.
        :return: None or raises an assertion
        -->
		</testcase>
		<testcase classname="src.security.test_security.TestSecurity" name="test_account_role_check_blocks_non_proofreaders" time="0.001" timestamp="2024-05-01T18:38:15" file="src/security/test_security.py" line="613">
			<!--
        Tests that the Account.check_role function blocks non-proofreaders.
        :return: None or raises an assertion
        -->
		</testcase>
		<testcase classname="src.security.test_security.TestSecurity" name="test_article_author_required_with_author" time="0.005" timestamp="2024-05-01T18:38:15" file="src/security/test_security.py" line="2752">
			<!--
        Tests that a user owns an article and that they have the author role
        :return: None or raises an assertion
        -->
		</testcase>
		<testcase classname="src.security.test_security.TestSecurity" name="test_article_author_required_with_wrong_author" time="0.003" timestamp="2024-05-01T18:38:15" file="src/security/test_security.py" line="2769"/>
		<testcase classname="src.security.test_security.TestSecurity" name="test_article_decision_not_made" time="0.004" timestamp="2024-05-01T18:38:15" file="src/security/test_security.py" line="2732">
			<!--
        Tests that an article has not been accepted or declined.
        :return: None or raises an assertion
        -->
		</testcase>
		<testcase classname="src.security.test_security.TestSecurity" name="test_article_edit_user_required_allows_access_to_production_articles" time="0.006" timestamp="2024-05-01T18:38:15" file="src/security/test_security.py" line="2272">
			<!--
        Tests that a user can edit a specific article in the production stage
        :return: None or raises an assertion
        -->
		</testcase>
		<testcase classname="src.security.test_security.TestSecurity" name="test_article_edit_user_required_allows_staff_access_to_production_articles" time="0.001" timestamp="2024-05-01T18:38:15" file="src/security/test_security.py" line="2289">
			<!--
        Tests that a staff user can edit a specific article in the production stage
        :return: None or raises an assertion
        -->
		</testcase>
		<testcase classname="src.security.test_security.TestSecurity" name="test_article_edit_user_required_allows_staff_access_to_published_articles" time="0.003" timestamp="2024-05-01T18:38:15" file="src/security/test_security.py" line="2306">
			<!--
        Tests that a staff user can edit a specific article in the published stage
        :return: None or raises an assertion
        -->
		</testcase>
		<testcase classname="src.security.test_security.TestSecurity" name="test_article_edit_user_required_allows_staff_access_to_rejected_articles" time="0.003" timestamp="2024-05-01T18:38:15" file="src/security/test_security.py" line="2323">
			<!--
        Tests that a staff user can edit a specific article in the rejected stage
        :return: None or raises an assertion
        -->
		</testcase>
		<testcase classname="src.security.test_security.TestSecurity" name="test_article_edit_user_required_blocks_access_to_articles_if_not_owner" time="0.005" timestamp="2024-05-01T18:38:15" file="src/security/test_security.py" line="2360">
			<!--
        Tests that a user cannot edit an article in production that is not owned by the current user
        :return: None or raises an assertion
        -->
		</testcase>
		<testcase classname="src.security.test_security.TestSecurity" name="test_article_edit_user_required_blocks_access_to_production_articles_if_no_user" time="0.002" timestamp="2024-05-01T18:38:15" file="src/security/test_security.py" line="2340">
			<!--
        Tests that an anonymous user cannot edit a specific article in the production stage
        :return: None or raises an assertion
        -->
		</testcase>
		<testcase classname="src.security.test_security.TestSecurity" name="test_article_edit_user_required_blocks_access_to_published_articles" time="0.004" timestamp="2024-05-01T18:38:15" file="src/security/test_security.py" line="2380">
			<!--
        Tests that a user cannot edit a specific article in the published stage
        :return: None or raises an assertion
        -->
		</testcase>
		<testcase classname="src.security.test_security.TestSecurity" name="test_article_edit_user_required_blocks_access_to_rejected_articles" time="0.004" timestamp="2024-05-01T18:38:15" file="src/security/test_security.py" line="2400">
			<!--
        Tests that a user cannot edit a specific article in the rejected stage
        :return: None or raises an assertion
        -->
		</testcase>
		<testcase classname="src.security.test_security.TestSecurity" name="test_article_exists_fails_when_article_does_not_exist" time="0.002" timestamp="2024-05-01T18:38:15" file="src/security/test_security.py" line="2709">
			<!--
        Tests that article_exists fails when the article does not exist
        :return: None or raises an assertion
        -->
		</testcase>
		<testcase classname="src.security.test_security.TestSecurity" name="test_article_exists_works_when_article_exists" time="0.001" timestamp="2024-05-01T18:38:15" file="src/security/test_security.py" line="2690">
			<!--
        Tests that article_exists works when the article exists
        :return: None or raises an assertion
        -->
		</testcase>
		<testcase classname="src.security.test_security.TestSecurity" name="test_article_is_not_submitted_complete" time="0.002" timestamp="2024-05-01T18:38:15" file="src/security/test_security.py" line="3688"/>
		<testcase classname="src.security.test_security.TestSecurity" name="test_article_is_not_submitted_unsubmitted" time="0.002" timestamp="2024-05-01T18:38:15" file="src/security/test_security.py" line="3702"/>
		<testcase classname="src.security.test_security.TestSecurity" name="test_article_production_user_required_allows_assigned_proofing_manager" time="0.005" timestamp="2024-05-01T18:38:15" file="src/security/test_security.py" line="1215">
			<!--
        Tests that a proofing manager can access the production screen.
        :return:
        -->
		</testcase>
		<testcase classname="src.security.test_security.TestSecurity" name="test_article_production_user_required_allows_production" time="0.004" timestamp="2024-05-01T18:38:15" file="src/security/test_security.py" line="1030">
			<!--
        Tests that article_production_user_required allows the correct production user to view the article.
        :return: None or raises an assertion
        -->
		</testcase>
		<testcase classname="src.security.test_security.TestSecurity" name="test_article_production_user_required_allows_staff" time="0.004" timestamp="2024-05-01T18:38:15" file="src/security/test_security.py" line="1065">
			<!--
        Tests that article_production_user_required allows staff to view the article.
        :return: None or raises an assertion
        -->
		</testcase>
		<testcase classname="src.security.test_security.TestSecurity" name="test_article_production_user_required_allows_staff_regardless_of_stage" time="0.003" timestamp="2024-05-01T18:38:15" file="src/security/test_security.py" line="1083">
			<!--
        Tests that article_production_user_required allows staff to view the article in production, regardless of stage.
        :return: None or raises an assertion
        -->
		</testcase>
		<testcase classname="src.security.test_security.TestSecurity" name="test_article_production_user_required_blocks_author" time="0.004" timestamp="2024-05-01T18:38:15" file="src/security/test_security.py" line="1120">
			<!--
        Tests that article_production_user_required prohibits an author from viewing the article production page.
        :return: None or raises an assertion
        -->
		</testcase>
		<testcase classname="src.security.test_security.TestSecurity" name="test_article_production_user_required_blocks_editor" time="0.004" timestamp="2024-05-01T18:38:15" file="src/security/test_security.py" line="1101">
			<!--
        Tests that article_production_user_required prohibits an editor from viewing the article production page.
        :return: None or raises an assertion
        -->
		</testcase>
		<testcase classname="src.security.test_security.TestSecurity" name="test_article_production_user_required_blocks_production_when_stage_not_set_to_production" time="0.004" timestamp="2024-05-01T18:38:15" file="src/security/test_security.py" line="1158">
			<!--
        Tests that article_production_user_required blocks the correct production user when the stage is not set to
        Typesetting.
        :return: None or raises an assertion
        -->
		</testcase>
		<testcase classname="src.security.test_security.TestSecurity" name="test_article_production_user_required_blocks_regular_users" time="0.004" timestamp="2024-05-01T18:38:15" file="src/security/test_security.py" line="1139">
			<!--
        Tests that article_production_user_required prohibits a regular user from viewing the article production page.
        :return: None or raises an assertion
        -->
		</testcase>
		<testcase classname="src.security.test_security.TestSecurity" name="test_article_production_user_required_decorator_blocks_anonymous_users" time="0.001" timestamp="2024-05-01T18:38:15" file="src/security/test_security.py" line="1196">
			<!--
        Tests that the production_user_or_editor_required decorator blocks anonymous users.
        :return: None or raises an assertion
        -->
		</testcase>
		<testcase classname="src.security.test_security.TestSecurity" name="test_article_production_user_required_decorator_blocks_inactive_users" time="0.001" timestamp="2024-05-01T18:38:15" file="src/security/test_security.py" line="1178">
			<!--
        Tests that the article_production_user_required decorator does not allow an inactive to view production pages.
        :return: None or raises an assertion
        -->
		</testcase>
		<testcase classname="src.security.test_security.TestSecurity" name="test_article_production_user_required_decorator_handles_null_user" time="0.001" timestamp="2024-05-01T18:38:15" file="src/security/test_security.py" line="1048">
			<!--
        Tests that the article_production_user_required decorator can handle a null request object.
        :return: None or raises an assertion
        -->
		</testcase>
		<testcase classname="src.security.test_security.TestSecurity" name="test_article_stage_accepted_or_later_or_staff_allows_staff_access_to_rejected_articles" time="0.002" timestamp="2024-05-01T18:38:15" file="src/security/test_security.py" line="2107">
			<!--
        Tests that the function that checks if an article is post-acceptance allows staff access to rejected articles.
        :return: None or raises an assertion
        -->
		</testcase>
		<testcase classname="src.security.test_security.TestSecurity" name="test_article_stage_accepted_or_later_or_staff_required_allows_access_to_accepted_articles" time="0.004" timestamp="2024-05-01T18:38:15" file="src/security/test_security.py" line="2148">
			<!--
        Tests that the function that checks if an article is post-acceptance allows access to accepted articles.
        :return: None or raises an assertion
        -->
		</testcase>
		<testcase classname="src.security.test_security.TestSecurity" name="test_article_stage_accepted_or_later_or_staff_required_allows_access_to_author_copyediting_articles" time="0.003" timestamp="2024-05-01T18:38:15" file="src/security/test_security.py" line="2189">
			<!--
        Tests that the function that checks if an article is post-acceptance allows access to author copyediting
        articles.
        :return: None or raises an assertion
        -->
		</testcase>
		<testcase classname="src.security.test_security.TestSecurity" name="test_article_stage_accepted_or_later_or_staff_required_allows_access_to_editor_copyediting_articles" time="0.003" timestamp="2024-05-01T18:38:15" file="src/security/test_security.py" line="2168">
			<!--
        Tests that the function that checks if an article is post-acceptance allows access to editor copyediting
        articles.
        :return: None or raises an assertion
        -->
		</testcase>
		<testcase classname="src.security.test_security.TestSecurity" name="test_article_stage_accepted_or_later_or_staff_required_allows_access_to_final_copyediting_articles" time="0.003" timestamp="2024-05-01T18:38:15" file="src/security/test_security.py" line="2210">
			<!--
        Tests that the function that checks if an article is post-acceptance allows access to final copyediting
        articles.
        :return: None or raises an assertion
        -->
		</testcase>
		<testcase classname="src.security.test_security.TestSecurity" name="test_article_stage_accepted_or_later_or_staff_required_allows_access_to_production_articles" time="0.002" timestamp="2024-05-01T18:38:15" file="src/security/test_security.py" line="2251">
			<!--
        Tests that the function that checks if an article is post-acceptance allows access to production articles.
        :return: None or raises an assertion
        -->
		</testcase>
		<testcase classname="src.security.test_security.TestSecurity" name="test_article_stage_accepted_or_later_or_staff_required_allows_access_to_proofing_articles" time="0.004" timestamp="2024-05-01T18:38:15" file="src/security/test_security.py" line="2231">
			<!--
        Tests that the function that checks if an article is post-acceptance allows access to proofing articles.
        :return: None or raises an assertion
        -->
		</testcase>
		<testcase classname="src.security.test_security.TestSecurity" name="test_article_stage_accepted_or_later_or_staff_required_allows_access_to_published_articles" time="0.002" timestamp="2024-05-01T18:38:15" file="src/security/test_security.py" line="1975">
			<!--
        Tests that the function that checks if an article is post-acceptance allows access to published articles.
        :return: None or raises an assertion
        -->
		</testcase>
		<testcase classname="src.security.test_security.TestSecurity" name="test_article_stage_accepted_or_later_or_staff_required_blocks_access_to_assigned_articles" time="0.003" timestamp="2024-05-01T18:38:15" file="src/security/test_security.py" line="2039">
			<!--
        Tests that the function that checks if an article is post-acceptance blocks access to assigned articles.
        :return: None or raises an assertion
        -->
		</testcase>
		<testcase classname="src.security.test_security.TestSecurity" name="test_article_stage_accepted_or_later_or_staff_required_blocks_access_to_rejected_articles" time="0.002" timestamp="2024-05-01T18:38:15" file="src/security/test_security.py" line="2126">
			<!--
        Tests that the function that checks if an article is post-acceptance blocks access to rejected articles.
        :return: None or raises an assertion
        -->
		</testcase>
		<testcase classname="src.security.test_security.TestSecurity" name="test_article_stage_accepted_or_later_or_staff_required_blocks_access_to_unassigned_articles" time="0.004" timestamp="2024-05-01T18:38:15" file="src/security/test_security.py" line="2017">
			<!--
        Tests that the function that checks if an article is post-acceptance blocks access to unassigned articles.
        :return: None or raises an assertion
        -->
		</testcase>
		<testcase classname="src.security.test_security.TestSecurity" name="test_article_stage_accepted_or_later_or_staff_required_blocks_access_to_under_review_articles" time="0.003" timestamp="2024-05-01T18:38:15" file="src/security/test_security.py" line="2061">
			<!--
        Tests that the function that checks if an article is post-acceptance blocks access to articles that are under
        review.
        :return: None or raises an assertion
        -->
		</testcase>
		<testcase classname="src.security.test_security.TestSecurity" name="test_article_stage_accepted_or_later_or_staff_required_blocks_access_to_under_revision_articles" time="0.003" timestamp="2024-05-01T18:38:16" file="src/security/test_security.py" line="2084">
			<!--
        Tests that the function that checks if an article is post-acceptance blocks access to articles that are under
        revision.
        :return: None or raises an assertion
        -->
		</testcase>
		<testcase classname="src.security.test_security.TestSecurity" name="test_article_stage_accepted_or_later_or_staff_required_blocks_access_to_unsubmitted_articles" time="0.004" timestamp="2024-05-01T18:38:16" file="src/security/test_security.py" line="1995">
			<!--
        Tests that the function that checks if an article is post-acceptance blocks access to unsubmitted articles.
        :return: None or raises an assertion
        -->
		</testcase>
		<testcase classname="src.security.test_security.TestSecurity" name="test_article_stage_accepted_or_later_required_allows_access_to_accepted_articles" time="0.002" timestamp="2024-05-01T18:38:16" file="src/security/test_security.py" line="1851">
			<!--
        Tests that the function that checks if an article is post-acceptance allows access to accepted articles.
        :return: None or raises an assertion
        -->
		</testcase>
		<testcase classname="src.security.test_security.TestSecurity" name="test_article_stage_accepted_or_later_required_allows_access_to_author_copyediting_articles" time="0.002" timestamp="2024-05-01T18:38:16" file="src/security/test_security.py" line="1892">
			<!--
        Tests that the function that checks if an article is post-acceptance allows access to author copyediting
        articles.
        :return: None or raises an assertion
        -->
		</testcase>
		<testcase classname="src.security.test_security.TestSecurity" name="test_article_stage_accepted_or_later_required_allows_access_to_editor_copyediting_articles" time="0.002" timestamp="2024-05-01T18:38:16" file="src/security/test_security.py" line="1871">
			<!--
        Tests that the function that checks if an article is post-acceptance allows access to editor copyediting
        articles.
        :return: None or raises an assertion
        -->
		</testcase>
		<testcase classname="src.security.test_security.TestSecurity" name="test_article_stage_accepted_or_later_required_allows_access_to_final_copyediting_articles" time="0.002" timestamp="2024-05-01T18:38:16" file="src/security/test_security.py" line="1913">
			<!--
        Tests that the function that checks if an article is post-acceptance allows access to final copyediting
        articles.
        :return: None or raises an assertion
        -->
		</testcase>
		<testcase classname="src.security.test_security.TestSecurity" name="test_article_stage_accepted_or_later_required_allows_access_to_production_articles" time="0.002" timestamp="2024-05-01T18:38:16" file="src/security/test_security.py" line="1954">
			<!--
        Tests that the function that checks if an article is post-acceptance allows access to production articles.
        :return: None or raises an assertion
        -->
		</testcase>
		<testcase classname="src.security.test_security.TestSecurity" name="test_article_stage_accepted_or_later_required_allows_access_to_proofing_articles" time="0.002" timestamp="2024-05-01T18:38:16" file="src/security/test_security.py" line="1934">
			<!--
        Tests that the function that checks if an article is post-acceptance allows access to proofing articles.
        :return: None or raises an assertion
        -->
		</testcase>
		<testcase classname="src.security.test_security.TestSecurity" name="test_article_stage_accepted_or_later_required_allows_access_to_published_articles" time="0.003" timestamp="2024-05-01T18:38:16" file="src/security/test_security.py" line="1697">
			<!--
        Tests that the function that checks if an article is post-acceptance allows access to published articles.
        :return: None or raises an assertion
        -->
		</testcase>
		<testcase classname="src.security.test_security.TestSecurity" name="test_article_stage_accepted_or_later_required_blocks_access_to_assigned_articles" time="0.002" timestamp="2024-05-01T18:38:16" file="src/security/test_security.py" line="1761">
			<!--
        Tests that the function that checks if an article is post-acceptance blocks access to assigned articles.
        :return: None or raises an assertion
        -->
		</testcase>
		<testcase classname="src.security.test_security.TestSecurity" name="test_article_stage_accepted_or_later_required_blocks_access_to_rejected_articles" time="0.002" timestamp="2024-05-01T18:38:16" file="src/security/test_security.py" line="1829">
			<!--
        Tests that the function that checks if an article is post-acceptance blocks access to rejected articles.
        :return: None or raises an assertion
        -->
		</testcase>
		<testcase classname="src.security.test_security.TestSecurity" name="test_article_stage_accepted_or_later_required_blocks_access_to_unassigned_articles" time="0.002" timestamp="2024-05-01T18:38:16" file="src/security/test_security.py" line="1739">
			<!--
        Tests that the function that checks if an article is post-acceptance blocks access to unassigned articles.
        :return: None or raises an assertion
        -->
		</testcase>
		<testcase classname="src.security.test_security.TestSecurity" name="test_article_stage_accepted_or_later_required_blocks_access_to_under_review_articles" time="0.002" timestamp="2024-05-01T18:38:16" file="src/security/test_security.py" line="1783">
			<!--
        Tests that the function that checks if an article is post-acceptance blocks access to articles that are under
        review.
        :return: None or raises an assertion
        -->
		</testcase>
		<testcase classname="src.security.test_security.TestSecurity" name="test_article_stage_accepted_or_later_required_blocks_access_to_under_revision_articles" time="0.002" timestamp="2024-05-01T18:38:16" file="src/security/test_security.py" line="1806">
			<!--
        Tests that the function that checks if an article is post-acceptance blocks access to articles that are under
        revision.
        :return: None or raises an assertion
        -->
		</testcase>
		<testcase classname="src.security.test_security.TestSecurity" name="test_article_stage_accepted_or_later_required_blocks_access_to_unsubmitted_articles" time="0.002" timestamp="2024-05-01T18:38:16" file="src/security/test_security.py" line="1717">
			<!--
        Tests that the function that checks if an article is post-acceptance blocks access to unsubmitted articles.
        :return: None or raises an assertion
        -->
		</testcase>
		<testcase classname="src.security.test_security.TestSecurity" name="test_article_stage_production_required_allows_access_to_production_articles" time="0.001" timestamp="2024-05-01T18:38:16" file="src/security/test_security.py" line="1677">
			<!--
        Tests that users with access to articles in production can access articles that are in production.
        :return: None or raises an assertion
        -->
		</testcase>
		<testcase classname="src.security.test_security.TestSecurity" name="test_article_stage_production_required_blocks_access_to_accepted_articles" time="0.001" timestamp="2024-05-01T18:38:16" file="src/security/test_security.py" line="1572">
			<!--
        Tests that users with access to articles in production cannot access accepted articles.
        :return: None or raises an assertion
        -->
		</testcase>
		<testcase classname="src.security.test_security.TestSecurity" name="test_article_stage_production_required_blocks_access_to_assigned_articles" time="0.001" timestamp="2024-05-01T18:38:16" file="src/security/test_security.py" line="1488">
			<!--
        Tests that users with access to articles in production cannot access assigned articles.
        :return: None or raises an assertion
        -->
		</testcase>
		<testcase classname="src.security.test_security.TestSecurity" name="test_article_stage_production_required_blocks_access_to_author_copyediting_articles" time="0.001" timestamp="2024-05-01T18:38:16" file="src/security/test_security.py" line="1614">
			<!--
        Tests that users with access to articles in production cannot access articles that are in author copyediting.
        :return: None or raises an assertion
        -->
		</testcase>
		<testcase classname="src.security.test_security.TestSecurity" name="test_article_stage_production_required_blocks_access_to_editor_copyediting_articles" time="0.001" timestamp="2024-05-01T18:38:16" file="src/security/test_security.py" line="1593">
			<!--
        Tests that users with access to articles in production cannot access articles that are in editor copyediting.
        :return: None or raises an assertion
        -->
		</testcase>
		<testcase classname="src.security.test_security.TestSecurity" name="test_article_stage_production_required_blocks_access_to_final_copyediting_articles" time="0.001" timestamp="2024-05-01T18:38:16" file="src/security/test_security.py" line="1635">
			<!--
        Tests that users with access to articles in production cannot access articles that are in final copyediting.
        :return: None or raises an assertion
        -->
		</testcase>
		<testcase classname="src.security.test_security.TestSecurity" name="test_article_stage_production_required_blocks_access_to_proofing_articles" time="0.001" timestamp="2024-05-01T18:38:16" file="src/security/test_security.py" line="1656">
			<!--
        Tests that users with access to articles in production cannot access articles that are in proofing.
        :return: None or raises an assertion
        -->
		</testcase>
		<testcase classname="src.security.test_security.TestSecurity" name="test_article_stage_production_required_blocks_access_to_published_articles" time="0.001" timestamp="2024-05-01T18:38:16" file="src/security/test_security.py" line="1425">
			<!--
        Tests that users with access to articles in production cannot access published articles.
        :return: None or raises an assertion
        -->
		</testcase>
		<testcase classname="src.security.test_security.TestSecurity" name="test_article_stage_production_required_blocks_access_to_rejected_articles" time="0.001" timestamp="2024-05-01T18:38:16" file="src/security/test_security.py" line="1551">
			<!--
        Tests that users with access to articles in production cannot access rejected articles.
        :return: None or raises an assertion
        -->
		</testcase>
		<testcase classname="src.security.test_security.TestSecurity" name="test_article_stage_production_required_blocks_access_to_unassigned_articles" time="0.001" timestamp="2024-05-01T18:38:16" file="src/security/test_security.py" line="1467">
			<!--
        Tests that users with access to articles in production cannot access unassigned articles.
        :return: None or raises an assertion
        -->
		</testcase>
		<testcase classname="src.security.test_security.TestSecurity" name="test_article_stage_production_required_blocks_access_to_under_review_articles" time="0.001" timestamp="2024-05-01T18:38:16" file="src/security/test_security.py" line="1509">
			<!--
        Tests that users with access to articles in production cannot access articles that are under review.
        :return: None or raises an assertion
        -->
		</testcase>
		<testcase classname="src.security.test_security.TestSecurity" name="test_article_stage_production_required_blocks_access_to_under_revision_articles" time="0.001" timestamp="2024-05-01T18:38:16" file="src/security/test_security.py" line="1530">
			<!--
        Tests that users with access to articles in production cannot access articles that are under revision.
        :return: None or raises an assertion
        -->
		</testcase>
		<testcase classname="src.security.test_security.TestSecurity" name="test_article_stage_production_required_blocks_access_to_unsubmitted_articles" time="0.001" timestamp="2024-05-01T18:38:16" file="src/security/test_security.py" line="1446">
			<!--
        Tests that users with access to articles in production cannot access unsubmitted articles.
        :return: None or raises an assertion
        -->
		</testcase>
		<testcase classname="src.security.test_security.TestSecurity" name="test_article_stage_review_required_with_bad_article" time="0.002" timestamp="2024-05-01T18:38:16" file="src/security/test_security.py" line="3120"/>
		<testcase classname="src.security.test_security.TestSecurity" name="test_article_stage_review_required_with_no_article" time="0.001" timestamp="2024-05-01T18:38:16" file="src/security/test_security.py" line="3130"/>
		<testcase classname="src.security.test_security.TestSecurity" name="test_article_stage_review_required_with_review_article" time="0.002" timestamp="2024-05-01T18:38:16" file="src/security/test_security.py" line="3107"/>
		<testcase classname="src.security.test_security.TestSecurity" name="test_author_user_required_decorator_allows_authors" time="0.002" timestamp="2024-05-01T18:38:16" file="src/security/test_security.py" line="494">
			<!--
        Tests that the author_user_required decorator allows authors.
        :return: None or raises an assertion
        -->
		</testcase>
		<testcase classname="src.security.test_security.TestSecurity" name="test_author_user_required_decorator_allows_staff" time="0.001" timestamp="2024-05-01T18:38:16" file="src/security/test_security.py" line="511">
			<!--
        Tests that the author_user_required decorator allows staff.
        :return: None or raises an assertion
        -->
		</testcase>
		<testcase classname="src.security.test_security.TestSecurity" name="test_author_user_required_decorator_blocks_anonymous_users" time="0.001" timestamp="2024-05-01T18:38:16" file="src/security/test_security.py" line="442">
			<!--
        Tests that the author_user_required decorator blocks anonymous users.
        :return: None or raises an assertion
        -->
		</testcase>
		<testcase classname="src.security.test_security.TestSecurity" name="test_author_user_required_decorator_blocks_editors" time="0.003" timestamp="2024-05-01T18:38:16" file="src/security/test_security.py" line="549">
			<!--
        Tests that the author_user_required decorator does not allow an editor to view author pages.
        :return: None or raises an assertion
        -->
		</testcase>
		<testcase classname="src.security.test_security.TestSecurity" name="test_author_user_required_decorator_blocks_inactive_users" time="0.001" timestamp="2024-05-01T18:38:16" file="src/security/test_security.py" line="585">
			<!--
        Tests that the author_user_required decorator does not allow an inactive to view author pages.
        :return: None or raises an assertion
        -->
		</testcase>
		<testcase classname="src.security.test_security.TestSecurity" name="test_author_user_required_decorator_blocks_non_authors" time="0.002" timestamp="2024-05-01T18:38:16" file="src/security/test_security.py" line="475">
			<!--
        Tests that the author_user_required decorator blocks non-authors.
        :return: None or raises an assertion
        -->
		</testcase>
		<testcase classname="src.security.test_security.TestSecurity" name="test_author_user_required_decorator_blocks_proofreaders" time="0.002" timestamp="2024-05-01T18:38:16" file="src/security/test_security.py" line="567">
			<!--
        Tests that the author_user_required decorator does not allow an editor to view author pages.
        :return: None or raises an assertion
        -->
		</testcase>
		<testcase classname="src.security.test_security.TestSecurity" name="test_author_user_required_decorator_handles_null_user" time="0.001" timestamp="2024-05-01T18:38:16" file="src/security/test_security.py" line="459">
			<!--
        Tests that the author_user_required decorator can handle a null request object.
        :return: None or raises an assertion
        -->
		</testcase>
		<testcase classname="src.security.test_security.TestSecurity" name="test_author_user_required_decorator_isolates_journals" time="0.003" timestamp="2024-05-01T18:38:16" file="src/security/test_security.py" line="527">
			<!--
        Tests that the author_user_required decorator does not allow an author on one journal to see author content on
        a different journal.
        :return: None or raises an assertion
        -->
		</testcase>
		<testcase classname="src.security.test_security.TestSecurity" name="test_bad_user_cant_download_file" time="0.003" timestamp="2024-05-01T18:38:16" file="src/security/test_security.py" line="3060"/>
		<testcase classname="src.security.test_security.TestSecurity" name="test_blocking_editor_from_editing_setting" time="0.292" timestamp="2024-05-01T18:38:16" file="src/security/test_security.py" line="3817"/>
		<testcase classname="src.security.test_security.TestSecurity" name="test_blocking_editor_from_licenses" time="0.039" timestamp="2024-05-01T18:38:16" file="src/security/test_security.py" line="3774"/>
		<testcase classname="src.security.test_security.TestSecurity" name="test_copyeditor_for_copyedit" time="0.003" timestamp="2024-05-01T18:38:16" file="src/security/test_security.py" line="2824"/>
		<testcase classname="src.security.test_security.TestSecurity" name="test_copyeditor_for_copyedit_with_author" time="0.003" timestamp="2024-05-01T18:38:16" file="src/security/test_security.py" line="2836"/>
		<testcase classname="src.security.test_security.TestSecurity" name="test_copyeditor_for_copyedit_with_staff" time="0.002" timestamp="2024-05-01T18:38:16" file="src/security/test_security.py" line="2846"/>
		<testcase classname="src.security.test_security.TestSecurity" name="test_copyeditor_user_required" time="0.002" timestamp="2024-05-01T18:38:16" file="src/security/test_security.py" line="2780"/>
		<testcase classname="src.security.test_security.TestSecurity" name="test_copyeditor_user_required_allows_staff" time="0.001" timestamp="2024-05-01T18:38:16" file="src/security/test_security.py" line="2793"/>
		<testcase classname="src.security.test_security.TestSecurity" name="test_copyeditor_user_required_blocks_non_copyeditor" time="0.003" timestamp="2024-05-01T18:38:16" file="src/security/test_security.py" line="2814"/>
		<testcase classname="src.security.test_security.TestSecurity" name="test_copyeditor_user_required_with_null_user" time="0.001" timestamp="2024-05-01T18:38:16" file="src/security/test_security.py" line="2806"/>
		<testcase classname="src.security.test_security.TestSecurity" name="test_data_figure_file_correctly_identifies_data_figure_file" time="0.004" timestamp="2024-05-01T18:38:16" file="src/security/test_security.py" line="2571">
			<!--
        Tests that data_figure_file correctly identifies a figure
        :return: None or raises an assertion
        -->
		</testcase>
		<testcase classname="src.security.test_security.TestSecurity" name="test_data_figure_file_does_not_falsely_identify_data_figure_file" time="0.003" timestamp="2024-05-01T18:38:16" file="src/security/test_security.py" line="2590">
			<!--
        Tests that data_figure_file correctly identifies a figure
        :return: None or raises an assertion
        -->
		</testcase>
		<testcase classname="src.security.test_security.TestSecurity" name="test_editor_can_access_edit_setting" time="0.036" timestamp="2024-05-01T18:38:16" file="src/security/test_security.py" line="3800"/>
		<testcase classname="src.security.test_security.TestSecurity" name="test_editor_can_edit_licenses" time="0.076" timestamp="2024-05-01T18:38:16" file="src/security/test_security.py" line="3744"/>
		<testcase classname="src.security.test_security.TestSecurity" name="test_editor_is_author" time="0.004" timestamp="2024-05-01T18:38:16" file="src/security/test_security.py" line="3065"/>
		<testcase classname="src.security.test_security.TestSecurity" name="test_editor_is_not_author" time="0.003" timestamp="2024-05-01T18:38:16" file="src/security/test_security.py" line="3076"/>
		<testcase classname="src.security.test_security.TestSecurity" name="test_editor_user_required_decorator_allows_editors" time="0.002" timestamp="2024-05-01T18:38:16" file="src/security/test_security.py" line="292">
			<!--
        Tests that the editor_user_required decorator allows editors.
        :return: None or raises an assertion
        -->
		</testcase>
		<testcase classname="src.security.test_security.TestSecurity" name="test_editor_user_required_decorator_allows_staff" time="0.001" timestamp="2024-05-01T18:38:16" file="src/security/test_security.py" line="309">
			<!--
        Tests that the editor_user_required decorator allows staff.
        :return: None or raises an assertion
        -->
		</testcase>
		<testcase classname="src.security.test_security.TestSecurity" name="test_editor_user_required_decorator_blocks_anonymous_users" time="0.001" timestamp="2024-05-01T18:38:16" file="src/security/test_security.py" line="256">
			<!--
        Tests that the internal Account.is_editor function blocks anonymous users.
        :return: None or raises an assertion
        -->
		</testcase>
		<testcase classname="src.security.test_security.TestSecurity" name="test_editor_user_required_decorator_blocks_authors" time="0.004" timestamp="2024-05-01T18:38:16" file="src/security/test_security.py" line="347">
			<!--
        Tests that the editor_user_required decorator does not allow an author to view editor pages.
        :return: None or raises an assertion
        -->
		</testcase>
		<testcase classname="src.security.test_security.TestSecurity" name="test_editor_user_required_decorator_blocks_inactive_users" time="0.001" timestamp="2024-05-01T18:38:16" file="src/security/test_security.py" line="383">
			<!--
        Tests that the editor_user_required decorator does not allow an inactive to view editor pages.
        :return: None or raises an assertion
        -->
		</testcase>
		<testcase classname="src.security.test_security.TestSecurity" name="test_editor_user_required_decorator_blocks_non_editors" time="0.003" timestamp="2024-05-01T18:38:16" file="src/security/test_security.py" line="273">
			<!--
        Tests that the editor_user_required decorator blocks non-editors.
        :return: None or raises an assertion
        -->
		</testcase>
		<testcase classname="src.security.test_security.TestSecurity" name="test_editor_user_required_decorator_blocks_proofreaders" time="0.003" timestamp="2024-05-01T18:38:16" file="src/security/test_security.py" line="365">
			<!--
        Tests that the editor_user_required decorator does not allow an author to view editor pages.
        :return: None or raises an assertion
        -->
		</testcase>
		<testcase classname="src.security.test_security.TestSecurity" name="test_editor_user_required_decorator_handles_null_user" time="0.001" timestamp="2024-05-01T18:38:16" file="src/security/test_security.py" line="240">
			<!--
        Tests that the editor_user_required decorator can handle a null request object.
        :return: None or raises an assertion
        -->
		</testcase>
		<testcase classname="src.security.test_security.TestSecurity" name="test_editor_user_required_decorator_isolates_journals" time="0.003" timestamp="2024-05-01T18:38:16" file="src/security/test_security.py" line="325">
			<!--
        Tests that the editor_user_required decorator does not allow an editor on one journal to edit a different
        journal.
        :return: None or raises an assertion
        -->
		</testcase>
		<testcase classname="src.security.test_security.TestSecurity" name="test_file_edit_user_required_allows_access_to_owners_to_private_files" time="0.003" timestamp="2024-05-01T18:38:16" file="src/security/test_security.py" line="2511">
			<!--
        Tests that an owner users can access private files
        :return: None or raises an assertion
        -->
		</testcase>
		<testcase classname="src.security.test_security.TestSecurity" name="test_file_edit_user_required_allows_staff_access_to_files" time="0.002" timestamp="2024-05-01T18:38:16" file="src/security/test_security.py" line="2551">
			<!--
        Tests that staff users can access private files
        :return: None or raises an assertion
        -->
		</testcase>
		<testcase classname="src.security.test_security.TestSecurity" name="test_file_edit_user_required_blocks_access_to_anonymous_users" time="0.002" timestamp="2024-05-01T18:38:16" file="src/security/test_security.py" line="2490">
			<!--
        Tests that an anonymous user cannot edit files
        :return: None or raises an assertion
        -->
		</testcase>
		<testcase classname="src.security.test_security.TestSecurity" name="test_file_edit_user_required_blocks_access_to_non_owners_to_files" time="0.007" timestamp="2024-05-01T18:38:16" file="src/security/test_security.py" line="2530">
			<!--
        Tests that an owner users can access private files
        :return: None or raises an assertion
        -->
		</testcase>
		<testcase classname="src.security.test_security.TestSecurity" name="test_file_user_required_allows_access_to_anonymous_users_to_public_files" time="0.001" timestamp="2024-05-01T18:38:16" file="src/security/test_security.py" line="2440">
			<!--
        Tests that an anonymous user can access public files
        :return: None or raises an assertion
        -->
		</testcase>
		<testcase classname="src.security.test_security.TestSecurity" name="test_file_user_required_allows_access_to_owners_to_private_files" time="0.003" timestamp="2024-05-01T18:38:16" file="src/security/test_security.py" line="2457">
			<!--
        Tests that an owner users can access private files
        :return: None or raises an assertion
        -->
		</testcase>
		<testcase classname="src.security.test_security.TestSecurity" name="test_file_user_required_allows_staff_access_to_private_files" time="0.001" timestamp="2024-05-01T18:38:16" file="src/security/test_security.py" line="2473">
			<!--
        Tests that staff users can access private files
        :return: None or raises an assertion
        -->
		</testcase>
		<testcase classname="src.security.test_security.TestSecurity" name="test_file_user_required_blocks_access_to_anonymous_users_to_private_files" time="0.001" timestamp="2024-05-01T18:38:16" file="src/security/test_security.py" line="2421">
			<!--
        Tests that an anonymous user cannot access private files
        :return: None or raises an assertion
        -->
		</testcase>
		<testcase classname="src.security.test_security.TestSecurity" name="test_has_journal_fails_when_journal_absent" time="0.002" timestamp="2024-05-01T18:38:16" file="src/security/test_security.py" line="2666">
			<!--
        Tests that has_journal doesn't when a journal object is absent
        :return: None or raises an assertion
        -->
		</testcase>
		<testcase classname="src.security.test_security.TestSecurity" name="test_has_journal_works_when_journal_present" time="0.001" timestamp="2024-05-01T18:38:16" file="src/security/test_security.py" line="2647">
			<!--
        Tests that has_journal works when a journal object is present
        :return: None or raises an assertion
        -->
		</testcase>
		<testcase classname="src.security.test_security.TestSecurity" name="test_has_request_fails_when_request_absent" time="0.000" timestamp="2024-05-01T18:38:16" file="src/security/test_security.py" line="2631">
			<!--
        Tests that has_request doesn't when a request object is absent
        :return: None or raises an assertion
        -->
		</testcase>
		<testcase classname="src.security.test_security.TestSecurity" name="test_has_request_works_when_request_present" time="0.002" timestamp="2024-05-01T18:38:16" file="src/security/test_security.py" line="2612">
			<!--
        Tests that has_request works when a request object is present
        :return: None or raises an assertion
        -->
		</testcase>
		<testcase classname="src.security.test_security.TestSecurity" name="test_is_article_preprint_editor_with_bad_user" time="0.004" timestamp="2024-05-01T18:38:16" file="src/security/test_security.py" line="3357"/>
		<testcase classname="src.security.test_security.TestSecurity" name="test_is_article_preprint_editor_with_subject_editor" time="0.003" timestamp="2024-05-01T18:38:16" file="src/security/test_security.py" line="3341"/>
		<testcase classname="src.security.test_security.TestSecurity" name="test_is_repository_manager" time="0.003" timestamp="2024-05-01T18:38:16" file="src/security/test_security.py" line="3370"/>
		<testcase classname="src.security.test_security.TestSecurity" name="test_is_repository_manager_with_bad_user" time="0.002" timestamp="2024-05-01T18:38:16" file="src/security/test_security.py" line="3386"/>
		<testcase classname="src.security.test_security.TestSecurity" name="test_journal_manager_can_access_licenses" time="0.013" timestamp="2024-05-01T18:38:16" file="src/security/test_security.py" line="3733"/>
		<testcase classname="src.security.test_security.TestSecurity" name="test_journal_manager_can_access_manager" time="0.014" timestamp="2024-05-01T18:38:16" file="src/security/test_security.py" line="3722"/>
		<testcase classname="src.security.test_security.TestSecurity" name="test_loading_keyword_page_fail" time="0.003" timestamp="2024-05-01T18:38:16" file="src/security/test_security.py" line="3252"/>
		<testcase classname="src.security.test_security.TestSecurity" name="test_loading_keyword_page_success" time="0.007" timestamp="2024-05-01T18:38:16" file="src/security/test_security.py" line="3264"/>
		<testcase classname="src.security.test_security.TestSecurity" name="test_preprint_editor_or_author_required_author" time="0.002" timestamp="2024-05-01T18:38:16" file="src/security/test_security.py" line="3312"/>
		<testcase classname="src.security.test_security.TestSecurity" name="test_preprint_editor_or_author_required_authorised" time="0.005" timestamp="2024-05-01T18:38:16" file="src/security/test_security.py" line="3296"/>
		<testcase classname="src.security.test_security.TestSecurity" name="test_preprint_editor_or_author_required_unauthorised" time="0.005" timestamp="2024-05-01T18:38:16" file="src/security/test_security.py" line="3328"/>
		<testcase classname="src.security.test_security.TestSecurity" name="test_press_only" time="0.001" timestamp="2024-05-01T18:38:16" file="src/security/test_security.py" line="3399"/>
		<testcase classname="src.security.test_security.TestSecurity" name="test_press_only_with_journal" time="0.001" timestamp="2024-05-01T18:38:16" file="src/security/test_security.py" line="3414"/>
		<testcase classname="src.security.test_security.TestSecurity" name="test_production_manager_roles" time="0.010" timestamp="2024-05-01T18:38:16" file="src/security/test_security.py" line="3140"/>
		<testcase classname="src.security.test_security.TestSecurity" name="test_production_user_or_editor_required_decorator_allows_editors" time="0.002" timestamp="2024-05-01T18:38:16" file="src/security/test_security.py" line="977">
			<!--
        Tests that the production_user_or_editor_required decorator *does* allow an editor to view production pages.
        :return: None or raises an assertion
        -->
		</testcase>
		<testcase classname="src.security.test_security.TestSecurity" name="test_production_user_or_editor_required_decorator_allows_productions" time="0.002" timestamp="2024-05-01T18:38:16" file="src/security/test_security.py" line="920">
			<!--
        Tests that the production_user_or_editor_required decorator allows productions.
        :return: None or raises an assertion
        -->
		</testcase>
		<testcase classname="src.security.test_security.TestSecurity" name="test_production_user_or_editor_required_decorator_allows_staff" time="0.001" timestamp="2024-05-01T18:38:16" file="src/security/test_security.py" line="939">
			<!--
        Tests that the production_user_or_editor_required decorator allows staff.
        :return: None or raises an assertion
        -->
		</testcase>
		<testcase classname="src.security.test_security.TestSecurity" name="test_production_user_or_editor_required_decorator_blocks_anonymous_users" time="0.001" timestamp="2024-05-01T18:38:16" file="src/security/test_security.py" line="866">
			<!--
        Tests that the production_user_or_editor_required decorator blocks anonymous users.
        :return: None or raises an assertion
        -->
		</testcase>
		<testcase classname="src.security.test_security.TestSecurity" name="test_production_user_or_editor_required_decorator_blocks_authors" time="0.003" timestamp="2024-05-01T18:38:16" file="src/security/test_security.py" line="994">
			<!--
        Tests that the production_user_or_editor_required decorator does not allow an author to view production pages.
        :return: None or raises an assertion
        -->
		</testcase>
		<testcase classname="src.security.test_security.TestSecurity" name="test_production_user_or_editor_required_decorator_blocks_inactive_users" time="0.001" timestamp="2024-05-01T18:38:16" file="src/security/test_security.py" line="1012">
			<!--
        Tests that the production_user_or_editor_required decorator does not allow an inactive to view production pages.
        :return: None or raises an assertion
        -->
		</testcase>
		<testcase classname="src.security.test_security.TestSecurity" name="test_production_user_or_editor_required_decorator_blocks_non_productions" time="0.003" timestamp="2024-05-01T18:38:16" file="src/security/test_security.py" line="884">
			<!--
        Tests that the production_user_or_editor_required decorator blocks non-productions.
        :return: None or raises an assertion
        -->
		</testcase>
		<testcase classname="src.security.test_security.TestSecurity" name="test_production_user_or_editor_required_decorator_handles_null_user" time="0.001" timestamp="2024-05-01T18:38:16" file="src/security/test_security.py" line="904">
			<!--
        Tests that the author_user_required decorator can handle a null request object.
        :return: None or raises an assertion
        -->
		</testcase>
		<testcase classname="src.security.test_security.TestSecurity" name="test_production_user_or_editor_required_decorator_isolates_journals" time="0.003" timestamp="2024-05-01T18:38:16" file="src/security/test_security.py" line="956">
			<!--
        Tests that the production_user_or_editor_required decorator does not allow an production on one journal to see
        production content on a different journal.
        :return: None or raises an assertion
        -->
		</testcase>
		<testcase classname="src.security.test_security.TestSecurity" name="test_production_user_or_editor_required_section_editor" time="0.009" timestamp="2024-05-01T18:38:16" file="src/security/test_security.py" line="3204"/>
		<testcase classname="src.security.test_security.TestSecurity" name="test_proofing_manager_for_article_required" time="0.005" timestamp="2024-05-01T18:38:16" file="src/security/test_security.py" line="2940"/>
		<testcase classname="src.security.test_security.TestSecurity" name="test_proofing_manager_for_article_required_without_manager" time="0.005" timestamp="2024-05-01T18:38:16" file="src/security/test_security.py" line="2951"/>
		<testcase classname="src.security.test_security.TestSecurity" name="test_proofing_manager_or_editor_required_with_proofing_manager" time="0.002" timestamp="2024-05-01T18:38:16" file="src/security/test_security.py" line="2921"/>
		<testcase classname="src.security.test_security.TestSecurity" name="test_proofing_manager_or_editor_required_with_typesetter" time="0.003" timestamp="2024-05-01T18:38:16" file="src/security/test_security.py" line="2931"/>
		<testcase classname="src.security.test_security.TestSecurity" name="test_proofing_manager_roles" time="0.009" timestamp="2024-05-01T18:38:16" file="src/security/test_security.py" line="3172"/>
		<testcase classname="src.security.test_security.TestSecurity" name="test_proofreader_can_download_file" time="0.003" timestamp="2024-05-01T18:38:16" file="src/security/test_security.py" line="3049"/>
		<testcase classname="src.security.test_security.TestSecurity" name="test_proofreader_for_article_required" time="0.002" timestamp="2024-05-01T18:38:16" file="src/security/test_security.py" line="2985"/>
		<testcase classname="src.security.test_security.TestSecurity" name="test_proofreader_for_article_required_with_author_proofreader" time="0.003" timestamp="2024-05-01T18:38:16" file="src/security/test_security.py" line="2996"/>
		<testcase classname="src.security.test_security.TestSecurity" name="test_proofreader_for_article_required_with_bad_proofreader" time="0.003" timestamp="2024-05-01T18:38:16" file="src/security/test_security.py" line="3018"/>
		<testcase classname="src.security.test_security.TestSecurity" name="test_proofreader_or_typesetter_required" time="0.005" timestamp="2024-05-01T18:38:16" file="src/security/test_security.py" line="2961"/>
		<testcase classname="src.security.test_security.TestSecurity" name="test_proofreader_or_typesetter_required_with_copyeditor" time="0.004" timestamp="2024-05-01T18:38:16" file="src/security/test_security.py" line="2976"/>
		<testcase classname="src.security.test_security.TestSecurity" name="test_proofreader_user_required_decorator_allows_proofreaders" time="0.002" timestamp="2024-05-01T18:38:16" file="src/security/test_security.py" line="698">
			<!--
        Tests that the proofreader_user_required decorator allows proofreaders.
        :return: None or raises an assertion
        -->
		</testcase>
		<testcase classname="src.security.test_security.TestSecurity" name="test_proofreader_user_required_decorator_allows_staff" time="0.001" timestamp="2024-05-01T18:38:16" file="src/security/test_security.py" line="716">
			<!--
        Tests that the proofreader_user_required decorator allows staff.
        :return: None or raises an assertion
        -->
		</testcase>
		<testcase classname="src.security.test_security.TestSecurity" name="test_proofreader_user_required_decorator_blocks_anonymous_users" time="0.001" timestamp="2024-05-01T18:38:16" file="src/security/test_security.py" line="644">
			<!--
        Tests that the proofreader_user_required decorator blocks anonymous users.
        :return: None or raises an assertion
        -->
		</testcase>
		<testcase classname="src.security.test_security.TestSecurity" name="test_proofreader_user_required_decorator_blocks_authors" time="0.003" timestamp="2024-05-01T18:38:16" file="src/security/test_security.py" line="772">
			<!--
        Tests that the proofreader_user_required decorator does not allow production to view proofreader pages.
        :return: None or raises an assertion
        -->
		</testcase>
		<testcase classname="src.security.test_security.TestSecurity" name="test_proofreader_user_required_decorator_blocks_editors" time="0.003" timestamp="2024-05-01T18:38:16" file="src/security/test_security.py" line="754">
			<!--
        Tests that the proofreader_user_required decorator does not allow an editor to view proofreader pages.
        :return: None or raises an assertion
        -->
		</testcase>
		<testcase classname="src.security.test_security.TestSecurity" name="test_proofreader_user_required_decorator_blocks_inactive_users" time="0.001" timestamp="2024-05-01T18:38:16" file="src/security/test_security.py" line="806">
			<!--
        Tests that the proofreader_user_required decorator does not allow an inactive to view proofreader pages.
        :return: None or raises an assertion
        -->
		</testcase>
		<testcase classname="src.security.test_security.TestSecurity" name="test_proofreader_user_required_decorator_blocks_non_proofreaders" time="0.003" timestamp="2024-05-01T18:38:16" file="src/security/test_security.py" line="678">
			<!--
        Tests that the proofreader_user_required decorator blocks non-proofreaders.
        :return: None or raises an assertion
        -->
		</testcase>
		<testcase classname="src.security.test_security.TestSecurity" name="test_proofreader_user_required_decorator_blocks_productions" time="0.003" timestamp="2024-05-01T18:38:16" file="src/security/test_security.py" line="789">
			<!--
        Tests that the proofreader_user_required decorator does not allow production to view production pages.
        :return: None or raises an assertion
        -->
		</testcase>
		<testcase classname="src.security.test_security.TestSecurity" name="test_proofreader_user_required_decorator_handles_null_user" time="0.001" timestamp="2024-05-01T18:38:16" file="src/security/test_security.py" line="662">
			<!--
        Tests that the author_user_required decorator can handle a null request object.
        :return: None or raises an assertion
        -->
		</testcase>
		<testcase classname="src.security.test_security.TestSecurity" name="test_proofreader_user_required_decorator_isolates_journals" time="0.003" timestamp="2024-05-01T18:38:16" file="src/security/test_security.py" line="733">
			<!--
        Tests that the proofreader_user_required decorator does not allow an proofreader on one journal to see
        proofreader content on a different journal.
        :return: None or raises an assertion
        -->
		</testcase>
		<testcase classname="src.security.test_security.TestSecurity" name="test_reviewer_user_for_assignment_required_allows_reviewer" time="0.003" timestamp="2024-05-01T18:38:16" file="src/security/test_security.py" line="1239">
			<!--
        Tests that reviewer_user_for_assignment_required allows the correct reviewer user to view the article.
        :return: None or raises an assertion
        -->
		</testcase>
		<testcase classname="src.security.test_security.TestSecurity" name="test_reviewer_user_for_assignment_required_allows_staff" time="0.002" timestamp="2024-05-01T18:38:16" file="src/security/test_security.py" line="1274">
			<!--
        Tests that reviewer_user_for_assignment_required allows staff to view the article.
        :return: None or raises an assertion
        -->
		</testcase>
		<testcase classname="src.security.test_security.TestSecurity" name="test_reviewer_user_for_assignment_required_allows_staff_regardless_of_stage" time="0.002" timestamp="2024-05-01T18:38:16" file="src/security/test_security.py" line="1292">
			<!--
        Tests that reviewer_user_for_assignment_required allows staff to article in review, regardless of stage.
        :return: None or raises an assertion
        -->
		</testcase>
		<testcase classname="src.security.test_security.TestSecurity" name="test_reviewer_user_for_assignment_required_blocks_author" time="0.004" timestamp="2024-05-01T18:38:16" file="src/security/test_security.py" line="1329">
			<!--
        Tests that reviewer_user_for_assignment_required prohibits an author from viewing the article review page.
        :return: None or raises an assertion
        -->
		</testcase>
		<testcase classname="src.security.test_security.TestSecurity" name="test_reviewer_user_for_assignment_required_blocks_editor" time="0.003" timestamp="2024-05-01T18:38:16" file="src/security/test_security.py" line="1310">
			<!--
        Tests that reviewer_user_for_assignment_required prohibits an editor from viewing the article review page.
        :return: None or raises an assertion
        -->
		</testcase>
		<testcase classname="src.security.test_security.TestSecurity" name="test_reviewer_user_for_assignment_required_blocks_regular_users" time="0.003" timestamp="2024-05-01T18:38:16" file="src/security/test_security.py" line="1348">
			<!--
        Tests that reviewer_user_for_assignment_required prohibits a regular user from viewing the article review page.
        :return: None or raises an assertion
        -->
		</testcase>
		<testcase classname="src.security.test_security.TestSecurity" name="test_reviewer_user_for_assignment_required_blocks_review_when_stage_not_set_to_review" time="0.002" timestamp="2024-05-01T18:38:16" file="src/security/test_security.py" line="1367">
			<!--
        Tests that reviewer_user_for_assignment_required blocks the correct production user when the stage is not set to
        Typesetting.
        :return: None or raises an assertion
        -->
		</testcase>
		<testcase classname="src.security.test_security.TestSecurity" name="test_reviewer_user_for_assignment_required_decorator_blocks_anonymous_users" time="0.001" timestamp="2024-05-01T18:38:16" file="src/security/test_security.py" line="1405">
			<!--
        Tests that the reviewer_user_for_assignment_required decorator blocks anonymous users.
        :return: None or raises an assertion
        -->
		</testcase>
		<testcase classname="src.security.test_security.TestSecurity" name="test_reviewer_user_for_assignment_required_decorator_blocks_inactive_users" time="0.002" timestamp="2024-05-01T18:38:16" file="src/security/test_security.py" line="1387">
			<!--
        Tests that the reviewer_user_for_assignment_required decorator does not allow an inactive to view reviewer pages
        :return: None or raises an assertion
        -->
		</testcase>
		<testcase classname="src.security.test_security.TestSecurity" name="test_reviewer_user_for_assignment_required_decorator_handles_null_user" time="0.001" timestamp="2024-05-01T18:38:16" file="src/security/test_security.py" line="1257">
			<!--
        Tests that the reviewer_user_for_assignment_required decorator can handle a null request object.
        :return: None or raises an assertion
        -->
		</testcase>
		<testcase classname="src.security.test_security.TestSecurity" name="test_reviewer_user_required_decorator_allows_editors" time="0.002" timestamp="2024-05-01T18:38:16" file="src/security/test_security.py" line="132">
			<!--
        Tests that the reviewer_user_required decorator allows reviewers.
        :return: None or raises an assertion
        -->
		</testcase>
		<testcase classname="src.security.test_security.TestSecurity" name="test_reviewer_user_required_decorator_allows_staff" time="0.001" timestamp="2024-05-01T18:38:16" file="src/security/test_security.py" line="150">
			<!--
        Tests that the reviewer_user_required decorator allows staff.
        :return: None or raises an assertion
        -->
		</testcase>
		<testcase classname="src.security.test_security.TestSecurity" name="test_reviewer_user_required_decorator_blocks_anonymous_users" time="0.001" timestamp="2024-05-01T18:38:16" file="src/security/test_security.py" line="96">
			<!--
        Tests that the internal Account.is_editor function blocks anonymous users.
        :return: None or raises an assertion
        -->
		</testcase>
		<testcase classname="src.security.test_security.TestSecurity" name="test_reviewer_user_required_decorator_blocks_authors" time="0.002" timestamp="2024-05-01T18:38:16" file="src/security/test_security.py" line="188">
			<!--
        Tests that the reviewer_user_required decorator does not allow an author to view reviewer pages.
        :return: None or raises an assertion
        -->
		</testcase>
		<testcase classname="src.security.test_security.TestSecurity" name="test_reviewer_user_required_decorator_blocks_inactive_users" time="0.001" timestamp="2024-05-01T18:38:16" file="src/security/test_security.py" line="224">
			<!--
        Tests that the reviewer_user_required decorator does not allow an inactive to view reviewer pages.
        :return: None or raises an assertion
        -->
		</testcase>
		<testcase classname="src.security.test_security.TestSecurity" name="test_reviewer_user_required_decorator_blocks_non_reviewers" time="0.002" timestamp="2024-05-01T18:38:16" file="src/security/test_security.py" line="113">
			<!--
        Tests that the reviewer_user_required decorator blocks non-reviewers.
        :return: None or raises an assertion
        -->
		</testcase>
		<testcase classname="src.security.test_security.TestSecurity" name="test_reviewer_user_required_decorator_blocks_proofreaders" time="0.002" timestamp="2024-05-01T18:38:16" file="src/security/test_security.py" line="206">
			<!--
        Tests that the reviewer_user_required decorator does not allow an author to view reviewer pages.
        :return: None or raises an assertion
        -->
		</testcase>
		<testcase classname="src.security.test_security.TestSecurity" name="test_reviewer_user_required_decorator_handles_null_user" time="0.001" timestamp="2024-05-01T18:38:16" file="src/security/test_security.py" line="80">
			<!--
        Tests that the reviewer_user_required decorator can handle a null request object.
        :return: None or raises an assertion
        -->
		</testcase>
		<testcase classname="src.security.test_security.TestSecurity" name="test_reviewer_user_required_decorator_isolates_journals" time="0.002" timestamp="2024-05-01T18:38:16" file="src/security/test_security.py" line="166">
			<!--
        Tests that the reviewer_user_required decorator does not allow an editor on one journal to review on a different
        journal.
        :return: None or raises an assertion
        -->
		</testcase>
		<testcase classname="src.security.test_security.TestSecurity" name="test_section_editor_can_access_assigned_article" time="0.005" timestamp="2024-05-01T18:38:16" file="src/security/test_security.py" line="3086"/>
		<testcase classname="src.security.test_security.TestSecurity" name="test_section_editor_cant_access_random_article" time="0.005" timestamp="2024-05-01T18:38:16" file="src/security/test_security.py" line="3097"/>
		<testcase classname="src.security.test_security.TestSecurity" name="test_section_editor_production_no_or_bad_article_id" time="0.007" timestamp="2024-05-01T18:38:16" file="src/security/test_security.py" line="3232"/>
		<testcase classname="src.security.test_security.TestSecurity" name="test_setting_is_available_in_group" time="0.146" timestamp="2024-05-01T18:38:17" file="src/security/test_security.py" line="3851"/>
		<testcase classname="src.security.test_security.TestSecurity" name="test_setting_is_enabled_access_granted" time="0.006" timestamp="2024-05-01T18:38:17" file="src/security/test_security.py" line="3914"/>
		<testcase classname="src.security.test_security.TestSecurity" name="test_setting_is_enabled_permission_denied" time="0.005" timestamp="2024-05-01T18:38:17" file="src/security/test_security.py" line="3900"/>
		<testcase classname="src.security.test_security.TestSecurity" name="test_setting_is_removed_from_group" time="0.226" timestamp="2024-05-01T18:38:17" file="src/security/test_security.py" line="3867"/>
		<testcase classname="src.security.test_security.TestSecurity" name="test_submission_authorised_journal_editor" time="0.005" timestamp="2024-05-01T18:38:17" file="src/security/test_security.py" line="3621"/>
		<testcase classname="src.security.test_security.TestSecurity" name="test_submission_authorised_repo_manager" time="0.010" timestamp="2024-05-01T18:38:17" file="src/security/test_security.py" line="3600"/>
		<testcase classname="src.security.test_security.TestSecurity" name="test_submission_authorised_staff" time="0.009" timestamp="2024-05-01T18:38:17" file="src/security/test_security.py" line="3579"/>
		<testcase classname="src.security.test_security.TestSecurity" name="test_submission_authorised_with_bad_user" time="0.007" timestamp="2024-05-01T18:38:17" file="src/security/test_security.py" line="3426"/>
		<testcase classname="src.security.test_security.TestSecurity" name="test_submission_authorised_with_bad_user_repo" time="0.011" timestamp="2024-05-01T18:38:17" file="src/security/test_security.py" line="3503"/>
		<testcase classname="src.security.test_security.TestSecurity" name="test_submission_authorised_with_good_user" time="0.007" timestamp="2024-05-01T18:38:17" file="src/security/test_security.py" line="3452"/>
		<testcase classname="src.security.test_security.TestSecurity" name="test_submission_authorised_with_good_user_repo" time="0.012" timestamp="2024-05-01T18:38:17" file="src/security/test_security.py" line="3525"/>
		<testcase classname="src.security.test_security.TestSecurity" name="test_submission_authorised_with_repo_setting_off" time="0.010" timestamp="2024-05-01T18:38:17" file="src/security/test_security.py" line="3558"/>
		<testcase classname="src.security.test_security.TestSecurity" name="test_submission_authorised_with_setting_off" time="0.005" timestamp="2024-05-01T18:38:17" file="src/security/test_security.py" line="3477"/>
		<testcase classname="src.security.test_security.TestSecurity" name="test_typesetter_for_corrections_required" time="0.003" timestamp="2024-05-01T18:38:17" file="src/security/test_security.py" line="3028"/>
		<testcase classname="src.security.test_security.TestSecurity" name="test_typesetter_for_corrections_required_with_bad_typesetter" time="0.004" timestamp="2024-05-01T18:38:17" file="src/security/test_security.py" line="3039"/>
		<testcase classname="src.security.test_security.TestSecurity" name="test_typesetter_or_editor_with_copyeditor" time="0.004" timestamp="2024-05-01T18:38:17" file="src/security/test_security.py" line="2890"/>
		<testcase classname="src.security.test_security.TestSecurity" name="test_typesetter_or_editor_with_other_editor" time="0.002" timestamp="2024-05-01T18:38:17" file="src/security/test_security.py" line="2910"/>
		<testcase classname="src.security.test_security.TestSecurity" name="test_typesetter_or_editor_with_other_typesetter" time="0.004" timestamp="2024-05-01T18:38:17" file="src/security/test_security.py" line="2900"/>
		<testcase classname="src.security.test_security.TestSecurity" name="test_typesetter_or_editor_with_typesetter" time="0.004" timestamp="2024-05-01T18:38:17" file="src/security/test_security.py" line="2879"/>
		<testcase classname="src.security.test_security.TestSecurity" name="test_typesetter_user_required_with_copyeditor" time="0.003" timestamp="2024-05-01T18:38:17" file="src/security/test_security.py" line="2869"/>
		<testcase classname="src.security.test_security.TestSecurity" name="test_typesetter_user_required_with_typesetter" time="0.002" timestamp="2024-05-01T18:38:17" file="src/security/test_security.py" line="2858"/>
		<testcase classname="src.security.test_security.TestSecurity" name="test_user_has_completed_review_for_article_denied" time="0.004" timestamp="2024-05-01T18:38:17" file="src/security/test_security.py" line="3937"/>
		<testcase classname="src.security.test_security.TestSecurity" name="test_user_has_completed_review_for_article_granted" time="0.004" timestamp="2024-05-01T18:38:17" file="src/security/test_security.py" line="3953"/>
		<testcase classname="src.security.test_security.TestSecurity" name="test_get_author_role" time="0.027" timestamp="2024-05-01T18:38:16" file="src/security/test_security.py" line="3646">
			<error type="BdbQuit" message=""><![CDATA[Traceback (most recent call last):
  File "/usr/local/lib/python3.10/site-packages/django/test/utils.py", line 461, in inner
    return func(*args, **kwargs)
  File "/vol/janeway/src/security/test_security.py", line 3668, in test_get_author_role
    self.client.post(
  File "/usr/local/lib/python3.10/site-packages/django/test/client.py", line 948, in post
    response = super().post(
  File "/usr/local/lib/python3.10/site-packages/django/test/client.py", line 482, in post
    return self.generic(
  File "/usr/local/lib/python3.10/site-packages/django/test/client.py", line 609, in generic
    return self.request(**r)
  File "/usr/local/lib/python3.10/site-packages/django/test/client.py", line 891, in request
    self.check_exception(response)
  File "/usr/local/lib/python3.10/site-packages/django/test/client.py", line 738, in check_exception
    raise exc_value
  File "/usr/local/lib/python3.10/site-packages/django/core/handlers/exception.py", line 55, in inner
    response = get_response(request)
  File "/usr/local/lib/python3.10/site-packages/django/core/handlers/base.py", line 197, in _get_response
    response = wrapped_callback(request, *callback_args, **callback_kwargs)
  File "/usr/local/lib/python3.10/site-packages/django/contrib/auth/decorators.py", line 23, in _wrapper_view
    return view_func(request, *args, **kwargs)
  File "/vol/janeway/src/core/views.py", line 2383, in manage_access_requests
    events_logic.Events.raise_event(
  File "/vol/janeway/src/events/logic.py", line 301, in raise_event
    event_return = [func(**kwargs) for func in Events._hooks[event_name]]
  File "/vol/janeway/src/events/logic.py", line 301, in <listcomp>
    event_return = [func(**kwargs) for func in Events._hooks[event_name]]
  File "/vol/janeway/src/utils/transactional_emails.py", line 1736, in access_request_complete
    notify_helpers.send_email_with_body_from_setting_template(
  File "/vol/janeway/src/utils/notify_helpers.py", line 37, in send_email_with_body_from_setting_template
    notify.notification(**notify_contents)
  File "/vol/janeway/src/utils/notify.py", line 21, in notification
    [func(**kwargs) for func in settings.NOTIFY_FUNCS]
  File "/vol/janeway/src/utils/notify.py", line 21, in <listcomp>
    [func(**kwargs) for func in settings.NOTIFY_FUNCS]
  File "/vol/janeway/src/utils/notify_plugins/notify_email.py", line 146, in notify_hook
    response = send_email(
  File "/vol/janeway/src/utils/notify_plugins/notify_email.py", line 64, in send_email
    full_from_string = sanitize_address(
  File "/vol/janeway/src/utils/notify_plugins/notify_email.py", line 64, in send_email
    full_from_string = sanitize_address(
  File "/usr/local/lib/python3.10/bdb.py", line 90, in trace_dispatch
    return self.dispatch_line(frame)
  File "/usr/local/lib/python3.10/bdb.py", line 115, in dispatch_line
    if self.quitting: raise BdbQuit
bdb.BdbQuit
]]></error>
			<system-out><![CDATA[> /vol/janeway/src/utils/notify_plugins/notify_email.py(64)send_email()
-> full_from_string = sanitize_address(
(Pdb) 
]]></system-out>
		</testcase>
	</testsuite>
	<testsuite name="src.submission.tests.FrozenAuthorModelTest-20240501183652" tests="1" file="src/submission/tests.py" time="0.000" timestamp="2024-05-01T18:38:17" failures="0" errors="0" skipped="0">
		<testcase classname="src.submission.tests.FrozenAuthorModelTest" name="test_full_name" time="0.000" timestamp="2024-05-01T18:38:17" file="src/submission/tests.py" line="905"/>
	</testsuite>
	<testsuite name="src.submission.tests.SubmissionTests-20240501183652" tests="33" file="src/submission/tests.py" time="11.487" timestamp="2024-05-01T18:38:28" failures="0" errors="0" skipped="0">
		<testcase classname="src.submission.tests.SubmissionTests" name="test_article_encoding_bibtex" time="0.358" timestamp="2024-05-01T18:38:17" file="src/submission/tests.py" line="570"/>
		<testcase classname="src.submission.tests.SubmissionTests" name="test_article_encoding_ris" time="0.348" timestamp="2024-05-01T18:38:18" file="src/submission/tests.py" line="612"/>
		<testcase classname="src.submission.tests.SubmissionTests" name="test_article_how_to_cite" time="0.323" timestamp="2024-05-01T18:38:18" file="src/submission/tests.py" line="136"/>
		<testcase classname="src.submission.tests.SubmissionTests" name="test_article_image_galley" time="0.305" timestamp="2024-05-01T18:38:18" file="src/submission/tests.py" line="117"/>
		<testcase classname="src.submission.tests.SubmissionTests" name="test_article_issue_title" time="0.320" timestamp="2024-05-01T18:38:19" file="src/submission/tests.py" line="484"/>
		<testcase classname="src.submission.tests.SubmissionTests" name="test_article_keyword_add" time="0.317" timestamp="2024-05-01T18:38:19" file="src/submission/tests.py" line="355"/>
		<testcase classname="src.submission.tests.SubmissionTests" name="test_article_keyword_clear" time="0.310" timestamp="2024-05-01T18:38:19" file="src/submission/tests.py" line="390"/>
		<testcase classname="src.submission.tests.SubmissionTests" name="test_article_keyword_default_order" time="0.307" timestamp="2024-05-01T18:38:20" file="src/submission/tests.py" line="337"/>
		<testcase classname="src.submission.tests.SubmissionTests" name="test_article_keyword_remove" time="0.312" timestamp="2024-05-01T18:38:20" file="src/submission/tests.py" line="370"/>
		<testcase classname="src.submission.tests.SubmissionTests" name="test_author_doesnt_see_non_public_section" time="0.639" timestamp="2024-05-01T18:38:21" file="src/submission/tests.py" line="704"/>
		<testcase classname="src.submission.tests.SubmissionTests" name="test_author_form_with_bad_orcid" time="0.309" timestamp="2024-05-01T18:38:21" file="src/submission/tests.py" line="536"/>
		<testcase classname="src.submission.tests.SubmissionTests" name="test_author_form_with_good_orcid" time="0.300" timestamp="2024-05-01T18:38:21" file="src/submission/tests.py" line="551"/>
		<testcase classname="src.submission.tests.SubmissionTests" name="test_custom_article_how_to_cite" time="0.306" timestamp="2024-05-01T18:38:21" file="src/submission/tests.py" line="166"/>
		<testcase classname="src.submission.tests.SubmissionTests" name="test_edit_section" time="0.304" timestamp="2024-05-01T18:38:22" file="src/submission/tests.py" line="406">
			<!-- Ensures editors can select sections that are not submissible-->
		</testcase>
		<testcase classname="src.submission.tests.SubmissionTests" name="test_editor_sees_non_public_sections" time="0.640" timestamp="2024-05-01T18:38:22" file="src/submission/tests.py" line="677"/>
		<testcase classname="src.submission.tests.SubmissionTests" name="test_frozen_author_prefix" time="0.314" timestamp="2024-05-01T18:38:23" file="src/submission/tests.py" line="284"/>
		<testcase classname="src.submission.tests.SubmissionTests" name="test_frozen_author_suffix" time="0.316" timestamp="2024-05-01T18:38:23" file="src/submission/tests.py" line="299"/>
		<testcase classname="src.submission.tests.SubmissionTests" name="test_funding_is_enabled_decorator_disabled" time="0.304" timestamp="2024-05-01T18:38:23" file="src/submission/tests.py" line="199"/>
		<testcase classname="src.submission.tests.SubmissionTests" name="test_funding_is_enabled_decorator_enabled" time="0.304" timestamp="2024-05-01T18:38:24" file="src/submission/tests.py" line="188"/>
		<testcase classname="src.submission.tests.SubmissionTests" name="test_new_journals_has_submission_configuration" time="0.302" timestamp="2024-05-01T18:38:24" file="src/submission/tests.py" line="49"/>
		<testcase classname="src.submission.tests.SubmissionTests" name="test_orcid_value_error_raised" time="0.302" timestamp="2024-05-01T18:38:24" file="src/submission/tests.py" line="532"/>
		<testcase classname="src.submission.tests.SubmissionTests" name="test_page_range_custom" time="0.305" timestamp="2024-05-01T18:38:25" file="src/submission/tests.py" line="667"/>
		<testcase classname="src.submission.tests.SubmissionTests" name="test_page_range_first_last" time="0.305" timestamp="2024-05-01T18:38:25" file="src/submission/tests.py" line="650"/>
		<testcase classname="src.submission.tests.SubmissionTests" name="test_page_range_first_only" time="0.301" timestamp="2024-05-01T18:38:25" file="src/submission/tests.py" line="659"/>
		<testcase classname="src.submission.tests.SubmissionTests" name="test_select_disabled_section_submit" time="0.308" timestamp="2024-05-01T18:38:25" file="src/submission/tests.py" line="421"/>
		<testcase classname="src.submission.tests.SubmissionTests" name="test_snapshot_author_metadata_correctly" time="0.317" timestamp="2024-05-01T18:38:26" file="src/submission/tests.py" line="211"/>
		<testcase classname="src.submission.tests.SubmissionTests" name="test_snapshot_author_metadata_do_not_override" time="0.316" timestamp="2024-05-01T18:38:26" file="src/submission/tests.py" line="245"/>
		<testcase classname="src.submission.tests.SubmissionTests" name="test_snapshot_author_metadata_override" time="0.318" timestamp="2024-05-01T18:38:26" file="src/submission/tests.py" line="265"/>
		<testcase classname="src.submission.tests.SubmissionTests" name="test_snapshot_author_order_author_added_later" time="0.324" timestamp="2024-05-01T18:38:27" file="src/submission/tests.py" line="314"/>
		<testcase classname="src.submission.tests.SubmissionTests" name="test_snapshot_author_order_correctly" time="0.321" timestamp="2024-05-01T18:38:27" file="src/submission/tests.py" line="228"/>
		<testcase classname="src.submission.tests.SubmissionTests" name="test_submit_info_view_form_selection_author" time="0.641" timestamp="2024-05-01T18:38:28" file="src/submission/tests.py" line="458"/>
		<testcase classname="src.submission.tests.SubmissionTests" name="test_submit_info_view_form_selection_editor" time="0.479" timestamp="2024-05-01T18:38:28" file="src/submission/tests.py" line="435"/>
		<testcase classname="src.submission.tests.SubmissionTests" name="test_url_based_orcid_cleaned" time="0.310" timestamp="2024-05-01T18:38:28" file="src/submission/tests.py" line="523"/>
	</testsuite>
	<testsuite name="src.utils.tests.SitemapTests-20240501183652" tests="3" file="src/utils/tests.py" time="0.017" timestamp="2024-05-01T18:38:31" failures="0" errors="0" skipped="0">
		<testcase classname="src.utils.tests.SitemapTests" name="test_issue_sitemap_generation" time="0.011" timestamp="2024-05-01T18:38:31" file="src/utils/tests.py" line="216"/>
		<testcase classname="src.utils.tests.SitemapTests" name="test_journal_sitemap_generation" time="0.002" timestamp="2024-05-01T18:38:31" file="src/utils/tests.py" line="195"/>
		<testcase classname="src.utils.tests.SitemapTests" name="test_press_sitemap_generation" time="0.003" timestamp="2024-05-01T18:38:31" file="src/utils/tests.py" line="166"/>
	</testsuite>
	<testsuite name="src.utils.tests.TestAdmin-20240501183652" tests="123" file="src/utils/tests.py" time="6.499" timestamp="2024-05-01T18:38:38" failures="0" errors="0" skipped="0">
		<testcase classname="src.utils.tests.TestAdmin" name="test_admin_view_auth_group" time="0.049" timestamp="2024-05-01T18:38:31" file="src/utils/tests.py" line="1011"/>
		<testcase classname="src.utils.tests.TestAdmin" name="test_admin_view_carousel_carousel" time="0.046" timestamp="2024-05-01T18:38:31" file="src/utils/tests.py" line="1011"/>
		<testcase classname="src.utils.tests.TestAdmin" name="test_admin_view_cms_mediafile" time="0.047" timestamp="2024-05-01T18:38:32" file="src/utils/tests.py" line="1011"/>
		<testcase classname="src.utils.tests.TestAdmin" name="test_admin_view_cms_navigationitem" time="0.046" timestamp="2024-05-01T18:38:32" file="src/utils/tests.py" line="1011"/>
		<testcase classname="src.utils.tests.TestAdmin" name="test_admin_view_cms_page" time="0.048" timestamp="2024-05-01T18:38:32" file="src/utils/tests.py" line="1011"/>
		<testcase classname="src.utils.tests.TestAdmin" name="test_admin_view_cms_submissionitem" time="0.046" timestamp="2024-05-01T18:38:32" file="src/utils/tests.py" line="1011"/>
		<testcase classname="src.utils.tests.TestAdmin" name="test_admin_view_comms_newsitem" time="0.051" timestamp="2024-05-01T18:38:32" file="src/utils/tests.py" line="1011"/>
		<testcase classname="src.utils.tests.TestAdmin" name="test_admin_view_comms_tag" time="0.042" timestamp="2024-05-01T18:38:32" file="src/utils/tests.py" line="1011"/>
		<testcase classname="src.utils.tests.TestAdmin" name="test_admin_view_copyediting_authorreview" time="0.048" timestamp="2024-05-01T18:38:32" file="src/utils/tests.py" line="1011"/>
		<testcase classname="src.utils.tests.TestAdmin" name="test_admin_view_copyediting_copyeditassignment" time="0.049" timestamp="2024-05-01T18:38:32" file="src/utils/tests.py" line="1011"/>
		<testcase classname="src.utils.tests.TestAdmin" name="test_admin_view_core_accessrequest" time="0.050" timestamp="2024-05-01T18:38:32" file="src/utils/tests.py" line="1011"/>
		<testcase classname="src.utils.tests.TestAdmin" name="test_admin_view_core_account" time="0.055" timestamp="2024-05-01T18:38:32" file="src/utils/tests.py" line="1011"/>
		<testcase classname="src.utils.tests.TestAdmin" name="test_admin_view_core_accountrole" time="0.134" timestamp="2024-05-01T18:38:32" file="src/utils/tests.py" line="1011"/>
		<testcase classname="src.utils.tests.TestAdmin" name="test_admin_view_core_contact" time="0.048" timestamp="2024-05-01T18:38:32" file="src/utils/tests.py" line="1011"/>
		<testcase classname="src.utils.tests.TestAdmin" name="test_admin_view_core_contacts" time="0.044" timestamp="2024-05-01T18:38:32" file="src/utils/tests.py" line="1011"/>
		<testcase classname="src.utils.tests.TestAdmin" name="test_admin_view_core_country" time="0.043" timestamp="2024-05-01T18:38:32" file="src/utils/tests.py" line="1011"/>
		<testcase classname="src.utils.tests.TestAdmin" name="test_admin_view_core_domainalias" time="0.045" timestamp="2024-05-01T18:38:32" file="src/utils/tests.py" line="1011"/>
		<testcase classname="src.utils.tests.TestAdmin" name="test_admin_view_core_editorialgroup" time="0.045" timestamp="2024-05-01T18:38:32" file="src/utils/tests.py" line="1011"/>
		<testcase classname="src.utils.tests.TestAdmin" name="test_admin_view_core_editorialgroupmember" time="0.045" timestamp="2024-05-01T18:38:32" file="src/utils/tests.py" line="1011"/>
		<testcase classname="src.utils.tests.TestAdmin" name="test_admin_view_core_file" time="0.047" timestamp="2024-05-01T18:38:32" file="src/utils/tests.py" line="1011"/>
		<testcase classname="src.utils.tests.TestAdmin" name="test_admin_view_core_filehistory" time="0.044" timestamp="2024-05-01T18:38:32" file="src/utils/tests.py" line="1011"/>
		<testcase classname="src.utils.tests.TestAdmin" name="test_admin_view_core_galley" time="0.050" timestamp="2024-05-01T18:38:33" file="src/utils/tests.py" line="1011"/>
		<testcase classname="src.utils.tests.TestAdmin" name="test_admin_view_core_homepageelement" time="0.048" timestamp="2024-05-01T18:38:33" file="src/utils/tests.py" line="1011"/>
		<testcase classname="src.utils.tests.TestAdmin" name="test_admin_view_core_interest" time="0.043" timestamp="2024-05-01T18:38:33" file="src/utils/tests.py" line="1011"/>
		<testcase classname="src.utils.tests.TestAdmin" name="test_admin_view_core_loginattempt" time="0.046" timestamp="2024-05-01T18:38:33" file="src/utils/tests.py" line="1011"/>
		<testcase classname="src.utils.tests.TestAdmin" name="test_admin_view_core_orcidtoken" time="0.045" timestamp="2024-05-01T18:38:33" file="src/utils/tests.py" line="1011"/>
		<testcase classname="src.utils.tests.TestAdmin" name="test_admin_view_core_passwordresettoken" time="0.047" timestamp="2024-05-01T18:38:33" file="src/utils/tests.py" line="1011"/>
		<testcase classname="src.utils.tests.TestAdmin" name="test_admin_view_core_role" time="0.042" timestamp="2024-05-01T18:38:33" file="src/utils/tests.py" line="1011"/>
		<testcase classname="src.utils.tests.TestAdmin" name="test_admin_view_core_setting" time="0.150" timestamp="2024-05-01T18:38:33" file="src/utils/tests.py" line="1011"/>
		<testcase classname="src.utils.tests.TestAdmin" name="test_admin_view_core_settinggroup" time="0.049" timestamp="2024-05-01T18:38:33" file="src/utils/tests.py" line="1011"/>
		<testcase classname="src.utils.tests.TestAdmin" name="test_admin_view_core_settingvalue" time="0.055" timestamp="2024-05-01T18:38:33" file="src/utils/tests.py" line="1011"/>
		<testcase classname="src.utils.tests.TestAdmin" name="test_admin_view_core_supplementaryfile" time="0.047" timestamp="2024-05-01T18:38:33" file="src/utils/tests.py" line="1011"/>
		<testcase classname="src.utils.tests.TestAdmin" name="test_admin_view_core_task" time="0.048" timestamp="2024-05-01T18:38:33" file="src/utils/tests.py" line="1011"/>
		<testcase classname="src.utils.tests.TestAdmin" name="test_admin_view_core_taskcompleteevents" time="0.042" timestamp="2024-05-01T18:38:33" file="src/utils/tests.py" line="1011"/>
		<testcase classname="src.utils.tests.TestAdmin" name="test_admin_view_core_workflow" time="0.043" timestamp="2024-05-01T18:38:33" file="src/utils/tests.py" line="1011"/>
		<testcase classname="src.utils.tests.TestAdmin" name="test_admin_view_core_workflowelement" time="0.045" timestamp="2024-05-01T18:38:33" file="src/utils/tests.py" line="1011"/>
		<testcase classname="src.utils.tests.TestAdmin" name="test_admin_view_core_workflowlog" time="0.048" timestamp="2024-05-01T18:38:33" file="src/utils/tests.py" line="1011"/>
		<testcase classname="src.utils.tests.TestAdmin" name="test_admin_view_core_xslfile" time="0.054" timestamp="2024-05-01T18:38:33" file="src/utils/tests.py" line="1011"/>
		<testcase classname="src.utils.tests.TestAdmin" name="test_admin_view_cron_crontask" time="0.048" timestamp="2024-05-01T18:38:33" file="src/utils/tests.py" line="1011"/>
		<testcase classname="src.utils.tests.TestAdmin" name="test_admin_view_cron_reminder" time="0.047" timestamp="2024-05-01T18:38:33" file="src/utils/tests.py" line="1011"/>
		<testcase classname="src.utils.tests.TestAdmin" name="test_admin_view_cron_sentreminder" time="0.047" timestamp="2024-05-01T18:38:34" file="src/utils/tests.py" line="1011"/>
		<testcase classname="src.utils.tests.TestAdmin" name="test_admin_view_discussion_post" time="0.047" timestamp="2024-05-01T18:38:34" file="src/utils/tests.py" line="1011"/>
		<testcase classname="src.utils.tests.TestAdmin" name="test_admin_view_discussion_thread" time="0.136" timestamp="2024-05-01T18:38:34" file="src/utils/tests.py" line="1011"/>
		<testcase classname="src.utils.tests.TestAdmin" name="test_admin_view_django_summernote_attachment" time="0.043" timestamp="2024-05-01T18:38:34" file="src/utils/tests.py" line="1011"/>
		<testcase classname="src.utils.tests.TestAdmin" name="test_admin_view_featured_featuredarticle" time="0.048" timestamp="2024-05-01T18:38:34" file="src/utils/tests.py" line="1011"/>
		<testcase classname="src.utils.tests.TestAdmin" name="test_admin_view_identifiers_brokendoi" time="0.050" timestamp="2024-05-01T18:38:34" file="src/utils/tests.py" line="1011"/>
		<testcase classname="src.utils.tests.TestAdmin" name="test_admin_view_identifiers_crossrefdeposit" time="0.051" timestamp="2024-05-01T18:38:34" file="src/utils/tests.py" line="1011"/>
		<testcase classname="src.utils.tests.TestAdmin" name="test_admin_view_identifiers_crossrefstatus" time="0.046" timestamp="2024-05-01T18:38:34" file="src/utils/tests.py" line="1011"/>
		<testcase classname="src.utils.tests.TestAdmin" name="test_admin_view_identifiers_identifier" time="0.044" timestamp="2024-05-01T18:38:34" file="src/utils/tests.py" line="1011"/>
		<testcase classname="src.utils.tests.TestAdmin" name="test_admin_view_journal_articleordering" time="0.044" timestamp="2024-05-01T18:38:34" file="src/utils/tests.py" line="1011"/>
		<testcase classname="src.utils.tests.TestAdmin" name="test_admin_view_journal_bannedips" time="0.046" timestamp="2024-05-01T18:38:34" file="src/utils/tests.py" line="1011"/>
		<testcase classname="src.utils.tests.TestAdmin" name="test_admin_view_journal_fixedpubcheckitems" time="0.048" timestamp="2024-05-01T18:38:34" file="src/utils/tests.py" line="1011"/>
		<testcase classname="src.utils.tests.TestAdmin" name="test_admin_view_journal_issue" time="0.048" timestamp="2024-05-01T18:38:34" file="src/utils/tests.py" line="1011"/>
		<testcase classname="src.utils.tests.TestAdmin" name="test_admin_view_journal_issueeditor" time="0.046" timestamp="2024-05-01T18:38:34" file="src/utils/tests.py" line="1011"/>
		<testcase classname="src.utils.tests.TestAdmin" name="test_admin_view_journal_issuegalley" time="0.045" timestamp="2024-05-01T18:38:34" file="src/utils/tests.py" line="1011"/>
		<testcase classname="src.utils.tests.TestAdmin" name="test_admin_view_journal_issuetype" time="0.043" timestamp="2024-05-01T18:38:34" file="src/utils/tests.py" line="1011"/>
		<testcase classname="src.utils.tests.TestAdmin" name="test_admin_view_journal_journal" time="0.044" timestamp="2024-05-01T18:38:34" file="src/utils/tests.py" line="1011"/>
		<testcase classname="src.utils.tests.TestAdmin" name="test_admin_view_journal_notifications" time="0.137" timestamp="2024-05-01T18:38:35" file="src/utils/tests.py" line="1011"/>
		<testcase classname="src.utils.tests.TestAdmin" name="test_admin_view_journal_pinnedarticle" time="0.044" timestamp="2024-05-01T18:38:35" file="src/utils/tests.py" line="1011"/>
		<testcase classname="src.utils.tests.TestAdmin" name="test_admin_view_journal_prepublicationchecklistitem" time="0.049" timestamp="2024-05-01T18:38:35" file="src/utils/tests.py" line="1011"/>
		<testcase classname="src.utils.tests.TestAdmin" name="test_admin_view_journal_presetpublicationcheckitem" time="0.044" timestamp="2024-05-01T18:38:35" file="src/utils/tests.py" line="1011"/>
		<testcase classname="src.utils.tests.TestAdmin" name="test_admin_view_journal_sectionordering" time="0.044" timestamp="2024-05-01T18:38:35" file="src/utils/tests.py" line="1011"/>
		<testcase classname="src.utils.tests.TestAdmin" name="test_admin_view_metrics_altmetric" time="0.047" timestamp="2024-05-01T18:38:35" file="src/utils/tests.py" line="1011"/>
		<testcase classname="src.utils.tests.TestAdmin" name="test_admin_view_metrics_articleaccess" time="0.050" timestamp="2024-05-01T18:38:35" file="src/utils/tests.py" line="1011"/>
		<testcase classname="src.utils.tests.TestAdmin" name="test_admin_view_metrics_articlelink" time="0.046" timestamp="2024-05-01T18:38:35" file="src/utils/tests.py" line="1011"/>
		<testcase classname="src.utils.tests.TestAdmin" name="test_admin_view_metrics_booklink" time="0.045" timestamp="2024-05-01T18:38:35" file="src/utils/tests.py" line="1011"/>
		<testcase classname="src.utils.tests.TestAdmin" name="test_admin_view_metrics_historicarticleaccess" time="0.044" timestamp="2024-05-01T18:38:35" file="src/utils/tests.py" line="1011"/>
		<testcase classname="src.utils.tests.TestAdmin" name="test_admin_view_press_press" time="0.051" timestamp="2024-05-01T18:38:35" file="src/utils/tests.py" line="1011"/>
		<testcase classname="src.utils.tests.TestAdmin" name="test_admin_view_press_presssetting" time="0.043" timestamp="2024-05-01T18:38:35" file="src/utils/tests.py" line="1011"/>
		<testcase classname="src.utils.tests.TestAdmin" name="test_admin_view_press_staffgroup" time="0.042" timestamp="2024-05-01T18:38:35" file="src/utils/tests.py" line="1011"/>
		<testcase classname="src.utils.tests.TestAdmin" name="test_admin_view_press_staffgroupmember" time="0.045" timestamp="2024-05-01T18:38:35" file="src/utils/tests.py" line="1011"/>
		<testcase classname="src.utils.tests.TestAdmin" name="test_admin_view_production_productionassignment" time="0.047" timestamp="2024-05-01T18:38:35" file="src/utils/tests.py" line="1011"/>
		<testcase classname="src.utils.tests.TestAdmin" name="test_admin_view_production_typesettask" time="0.047" timestamp="2024-05-01T18:38:35" file="src/utils/tests.py" line="1011"/>
		<testcase classname="src.utils.tests.TestAdmin" name="test_admin_view_proofing_note" time="0.134" timestamp="2024-05-01T18:38:35" file="src/utils/tests.py" line="1011"/>
		<testcase classname="src.utils.tests.TestAdmin" name="test_admin_view_proofing_proofingassignment" time="0.045" timestamp="2024-05-01T18:38:35" file="src/utils/tests.py" line="1011"/>
		<testcase classname="src.utils.tests.TestAdmin" name="test_admin_view_proofing_proofinground" time="0.043" timestamp="2024-05-01T18:38:35" file="src/utils/tests.py" line="1011"/>
		<testcase classname="src.utils.tests.TestAdmin" name="test_admin_view_proofing_proofingtask" time="0.045" timestamp="2024-05-01T18:38:35" file="src/utils/tests.py" line="1011"/>
		<testcase classname="src.utils.tests.TestAdmin" name="test_admin_view_proofing_typesetterproofingtask" time="0.046" timestamp="2024-05-01T18:38:36" file="src/utils/tests.py" line="1011"/>
		<testcase classname="src.utils.tests.TestAdmin" name="test_admin_view_repository_comment" time="0.050" timestamp="2024-05-01T18:38:36" file="src/utils/tests.py" line="1011"/>
		<testcase classname="src.utils.tests.TestAdmin" name="test_admin_view_repository_keywordpreprint" time="0.044" timestamp="2024-05-01T18:38:36" file="src/utils/tests.py" line="1011"/>
		<testcase classname="src.utils.tests.TestAdmin" name="test_admin_view_repository_preprint" time="0.055" timestamp="2024-05-01T18:38:36" file="src/utils/tests.py" line="1011"/>
		<testcase classname="src.utils.tests.TestAdmin" name="test_admin_view_repository_preprintaccess" time="0.045" timestamp="2024-05-01T18:38:36" file="src/utils/tests.py" line="1011"/>
		<testcase classname="src.utils.tests.TestAdmin" name="test_admin_view_repository_preprintauthor" time="0.046" timestamp="2024-05-01T18:38:36" file="src/utils/tests.py" line="1011"/>
		<testcase classname="src.utils.tests.TestAdmin" name="test_admin_view_repository_preprintfile" time="0.049" timestamp="2024-05-01T18:38:36" file="src/utils/tests.py" line="1011"/>
		<testcase classname="src.utils.tests.TestAdmin" name="test_admin_view_repository_preprintsupplementaryfile" time="0.044" timestamp="2024-05-01T18:38:36" file="src/utils/tests.py" line="1011"/>
		<testcase classname="src.utils.tests.TestAdmin" name="test_admin_view_repository_preprintversion" time="0.047" timestamp="2024-05-01T18:38:36" file="src/utils/tests.py" line="1011"/>
		<testcase classname="src.utils.tests.TestAdmin" name="test_admin_view_repository_repository" time="0.044" timestamp="2024-05-01T18:38:36" file="src/utils/tests.py" line="1011"/>
		<testcase classname="src.utils.tests.TestAdmin" name="test_admin_view_repository_repositoryfield" time="0.047" timestamp="2024-05-01T18:38:36" file="src/utils/tests.py" line="1011"/>
		<testcase classname="src.utils.tests.TestAdmin" name="test_admin_view_repository_repositoryfieldanswer" time="0.137" timestamp="2024-05-01T18:38:36" file="src/utils/tests.py" line="1011"/>
		<testcase classname="src.utils.tests.TestAdmin" name="test_admin_view_repository_repositoryrole" time="0.044" timestamp="2024-05-01T18:38:36" file="src/utils/tests.py" line="1011"/>
		<testcase classname="src.utils.tests.TestAdmin" name="test_admin_view_repository_review" time="0.053" timestamp="2024-05-01T18:38:36" file="src/utils/tests.py" line="1011"/>
		<testcase classname="src.utils.tests.TestAdmin" name="test_admin_view_repository_reviewrecommendation" time="0.043" timestamp="2024-05-01T18:38:36" file="src/utils/tests.py" line="1011"/>
		<testcase classname="src.utils.tests.TestAdmin" name="test_admin_view_repository_subject" time="0.045" timestamp="2024-05-01T18:38:36" file="src/utils/tests.py" line="1011"/>
		<testcase classname="src.utils.tests.TestAdmin" name="test_admin_view_repository_versionqueue" time="0.051" timestamp="2024-05-01T18:38:36" file="src/utils/tests.py" line="1011"/>
		<testcase classname="src.utils.tests.TestAdmin" name="test_admin_view_review_decisiondraft" time="0.048" timestamp="2024-05-01T18:38:36" file="src/utils/tests.py" line="1011"/>
		<testcase classname="src.utils.tests.TestAdmin" name="test_admin_view_review_editorassignment" time="0.051" timestamp="2024-05-01T18:38:37" file="src/utils/tests.py" line="1011"/>
		<testcase classname="src.utils.tests.TestAdmin" name="test_admin_view_review_editoroverride" time="0.047" timestamp="2024-05-01T18:38:37" file="src/utils/tests.py" line="1011"/>
		<testcase classname="src.utils.tests.TestAdmin" name="test_admin_view_review_frozenreviewformelement" time="0.045" timestamp="2024-05-01T18:38:37" file="src/utils/tests.py" line="1011"/>
		<testcase classname="src.utils.tests.TestAdmin" name="test_admin_view_review_reviewassignment" time="0.053" timestamp="2024-05-01T18:38:37" file="src/utils/tests.py" line="1011"/>
		<testcase classname="src.utils.tests.TestAdmin" name="test_admin_view_review_reviewassignmentanswer" time="0.047" timestamp="2024-05-01T18:38:37" file="src/utils/tests.py" line="1011"/>
		<testcase classname="src.utils.tests.TestAdmin" name="test_admin_view_review_reviewerrating" time="0.049" timestamp="2024-05-01T18:38:37" file="src/utils/tests.py" line="1011"/>
		<testcase classname="src.utils.tests.TestAdmin" name="test_admin_view_review_reviewform" time="0.045" timestamp="2024-05-01T18:38:37" file="src/utils/tests.py" line="1011"/>
		<testcase classname="src.utils.tests.TestAdmin" name="test_admin_view_review_reviewformelement" time="0.050" timestamp="2024-05-01T18:38:37" file="src/utils/tests.py" line="1011"/>
		<testcase classname="src.utils.tests.TestAdmin" name="test_admin_view_review_reviewround" time="0.151" timestamp="2024-05-01T18:38:37" file="src/utils/tests.py" line="1011"/>
		<testcase classname="src.utils.tests.TestAdmin" name="test_admin_view_review_revisionaction" time="0.045" timestamp="2024-05-01T18:38:37" file="src/utils/tests.py" line="1011"/>
		<testcase classname="src.utils.tests.TestAdmin" name="test_admin_view_review_revisionrequest" time="0.048" timestamp="2024-05-01T18:38:37" file="src/utils/tests.py" line="1011"/>
		<testcase classname="src.utils.tests.TestAdmin" name="test_admin_view_submission_article" time="0.052" timestamp="2024-05-01T18:38:37" file="src/utils/tests.py" line="1011"/>
		<testcase classname="src.utils.tests.TestAdmin" name="test_admin_view_submission_articleauthororder" time="0.046" timestamp="2024-05-01T18:38:37" file="src/utils/tests.py" line="1011"/>
		<testcase classname="src.utils.tests.TestAdmin" name="test_admin_view_submission_articlefunding" time="0.044" timestamp="2024-05-01T18:38:37" file="src/utils/tests.py" line="1011"/>
		<testcase classname="src.utils.tests.TestAdmin" name="test_admin_view_submission_articlestagelog" time="0.048" timestamp="2024-05-01T18:38:37" file="src/utils/tests.py" line="1011"/>
		<testcase classname="src.utils.tests.TestAdmin" name="test_admin_view_submission_field" time="0.047" timestamp="2024-05-01T18:38:37" file="src/utils/tests.py" line="1011"/>
		<testcase classname="src.utils.tests.TestAdmin" name="test_admin_view_submission_fieldanswer" time="0.045" timestamp="2024-05-01T18:38:37" file="src/utils/tests.py" line="1011"/>
		<testcase classname="src.utils.tests.TestAdmin" name="test_admin_view_submission_frozenauthor" time="0.044" timestamp="2024-05-01T18:38:37" file="src/utils/tests.py" line="1011"/>
		<testcase classname="src.utils.tests.TestAdmin" name="test_admin_view_submission_keyword" time="0.044" timestamp="2024-05-01T18:38:37" file="src/utils/tests.py" line="1011"/>
		<testcase classname="src.utils.tests.TestAdmin" name="test_admin_view_submission_licence" time="0.052" timestamp="2024-05-01T18:38:38" file="src/utils/tests.py" line="1011"/>
		<testcase classname="src.utils.tests.TestAdmin" name="test_admin_view_submission_note" time="0.048" timestamp="2024-05-01T18:38:38" file="src/utils/tests.py" line="1011"/>
		<testcase classname="src.utils.tests.TestAdmin" name="test_admin_view_submission_publishernote" time="0.047" timestamp="2024-05-01T18:38:38" file="src/utils/tests.py" line="1011"/>
		<testcase classname="src.utils.tests.TestAdmin" name="test_admin_view_submission_section" time="0.046" timestamp="2024-05-01T18:38:38" file="src/utils/tests.py" line="1011"/>
		<testcase classname="src.utils.tests.TestAdmin" name="test_admin_view_submission_submissionconfiguration" time="0.133" timestamp="2024-05-01T18:38:38" file="src/utils/tests.py" line="1011"/>
		<testcase classname="src.utils.tests.TestAdmin" name="test_admin_view_utils_importcacheentry" time="0.046" timestamp="2024-05-01T18:38:38" file="src/utils/tests.py" line="1011"/>
		<testcase classname="src.utils.tests.TestAdmin" name="test_admin_view_utils_logentry" time="0.051" timestamp="2024-05-01T18:38:38" file="src/utils/tests.py" line="1011"/>
		<testcase classname="src.utils.tests.TestAdmin" name="test_admin_view_utils_plugin" time="0.051" timestamp="2024-05-01T18:38:38" file="src/utils/tests.py" line="1011"/>
		<testcase classname="src.utils.tests.TestAdmin" name="test_admin_view_utils_version" time="0.049" timestamp="2024-05-01T18:38:38" file="src/utils/tests.py" line="1011"/>
	</testsuite>
	<testsuite name="src.utils.tests.TestForms-20240501183652" tests="3" file="src/utils/tests.py" time="0.015" timestamp="2024-05-01T18:38:39" failures="0" errors="0" skipped="0">
		<testcase classname="src.utils.tests.TestForms" name="test_fake_model_form" time="0.003" timestamp="2024-05-01T18:38:39" file="src/utils/tests.py" line="696"/>
		<testcase classname="src.utils.tests.TestForms" name="test_keyword_form" time="0.008" timestamp="2024-05-01T18:38:39" file="src/utils/tests.py" line="708"/>
		<testcase classname="src.utils.tests.TestForms" name="test_keyword_form_empty_string" time="0.005" timestamp="2024-05-01T18:38:39" file="src/utils/tests.py" line="726"/>
	</testsuite>
	<testsuite name="src.utils.tests.TestMergeSettings-20240501183652" tests="1" file="src/utils/tests.py" time="0.000" timestamp="2024-05-01T18:38:39" failures="0" errors="0" skipped="0">
		<testcase classname="src.utils.tests.TestMergeSettings" name="test_recursive_merge" time="0.000" timestamp="2024-05-01T18:38:39" file="src/utils/tests.py" line="661"/>
	</testsuite>
	<testsuite name="src.utils.tests.TestModels-20240501183652" tests="1" file="src/utils/tests.py" time="0.009" timestamp="2024-05-01T18:38:39" failures="0" errors="0" skipped="0">
		<testcase classname="src.utils.tests.TestModels" name="test_log_entry_bulk_add_simple_entry" time="0.009" timestamp="2024-05-01T18:38:39" file="src/utils/tests.py" line="749"/>
	</testsuite>
	<testsuite name="src.utils.tests.TestOIDC-20240501183652" tests="2" file="src/utils/tests.py" time="0.005" timestamp="2024-05-01T18:38:39" failures="0" errors="0" skipped="0">
		<testcase classname="src.utils.tests.TestOIDC" name="test_create_user" time="0.002" timestamp="2024-05-01T18:38:39" file="src/utils/tests.py" line="797"/>
		<testcase classname="src.utils.tests.TestOIDC" name="test_update_user" time="0.002" timestamp="2024-05-01T18:38:39" file="src/utils/tests.py" line="823"/>
	</testsuite>
	<testsuite name="src.utils.tests.TestThemeMiddleware-20240501183652" tests="3" file="src/utils/tests.py" time="1.002" timestamp="2024-05-01T18:38:40" failures="0" errors="0" skipped="0">
		<testcase classname="src.utils.tests.TestThemeMiddleware" name="test_journal_dirs_with_theme" time="0.332" timestamp="2024-05-01T18:38:40" file="src/utils/tests.py" line="863"/>
		<testcase classname="src.utils.tests.TestThemeMiddleware" name="test_journal_dirs_with_theme_and_base_theme" time="0.337" timestamp="2024-05-01T18:38:40" file="src/utils/tests.py" line="890"/>
		<testcase classname="src.utils.tests.TestThemeMiddleware" name="test_unalatered_themes" time="0.333" timestamp="2024-05-01T18:38:40" file="src/utils/tests.py" line="854"/>
	</testsuite>
	<testsuite name="src.submission.tests.ArticleSearchTests-20240501183652" tests="3" file="src/submission/tests.py" time="2.018" timestamp="2024-05-01T18:38:44" failures="0" errors="0" skipped="0">
		<testcase classname="src.submission.tests.ArticleSearchTests" name="test_article_full_text_search" time="0.297" timestamp="2024-05-01T18:38:42" file="src/submission/tests.py" line="790"/>
		<testcase classname="src.submission.tests.ArticleSearchTests" name="test_article_search_abstract" time="0.858" timestamp="2024-05-01T18:38:43" file="src/submission/tests.py" line="834"/>
		<testcase classname="src.submission.tests.ArticleSearchTests" name="test_article_search_title" time="0.864" timestamp="2024-05-01T18:38:44" file="src/submission/tests.py" line="867"/>
	</testsuite>
	<testsuite name="src.cron.tests.test_commands.SendRemindersCommandTests-20240501183652" tests="1" file="src/cron/tests/test_commands.py" time="0.013" timestamp="2024-05-01T18:37:30" failures="0" errors="1" skipped="0">
		<testcase classname="src.cron.tests.test_commands.SendRemindersCommandTests" name="test_handle" time="0.013" timestamp="2024-05-01T18:37:30" file="src/cron/tests/test_commands.py" line="23">
			<error type="BdbQuit" message=""><![CDATA[Traceback (most recent call last):
  File "/vol/janeway/src/cron/tests/test_commands.py", line 24, in test_handle
    call_command('send_reminders')
  File "/usr/local/lib/python3.10/site-packages/django/core/management/__init__.py", line 194, in call_command
    return command.execute(*args, **defaults)
  File "/usr/local/lib/python3.10/site-packages/django/core/management/base.py", line 458, in execute
    output = self.handle(*args, **options)
  File "/vol/janeway/src/cron/management/commands/send_reminders.py", line 31, in handle
    reminder.send_reminder()
  File "/vol/janeway/src/cron/models.py", line 227, in send_reminder
    notify_helpers.send_email_with_body_from_user(
  File "/vol/janeway/src/utils/notify_helpers.py", line 56, in send_email_with_body_from_user
    notify.notification(**notify_contents)
  File "/vol/janeway/src/utils/notify.py", line 21, in notification
    [func(**kwargs) for func in settings.NOTIFY_FUNCS]
  File "/vol/janeway/src/utils/notify.py", line 21, in <listcomp>
    [func(**kwargs) for func in settings.NOTIFY_FUNCS]
  File "/vol/janeway/src/utils/notify_plugins/notify_email.py", line 146, in notify_hook
    response = send_email(
  File "/vol/janeway/src/utils/notify_plugins/notify_email.py", line 64, in send_email
    full_from_string = sanitize_address(
  File "/vol/janeway/src/utils/notify_plugins/notify_email.py", line 64, in send_email
    full_from_string = sanitize_address(
  File "/usr/local/lib/python3.10/bdb.py", line 90, in trace_dispatch
    return self.dispatch_line(frame)
  File "/usr/local/lib/python3.10/bdb.py", line 115, in dispatch_line
    if self.quitting: raise BdbQuit
bdb.BdbQuit
]]></error>
			<system-out><![CDATA[Processing reminders for journal 3: Journal One
Reminder TST: before, review, Test reminder subject, target date: 2024-05-04 18:37:30.567209+00:00
> /vol/janeway/src/utils/notify_plugins/notify_email.py(64)send_email()
-> full_from_string = sanitize_address(
(Pdb) 
]]></system-out>
		</testcase>
	</testsuite>
	<testsuite name="src.utils.tests.CopyeditingEmailSubjectTests-20240501183652" tests="1" file="src/utils/tests.py" time="0.008" timestamp="2024-05-01T18:38:30" failures="0" errors="1" skipped="0">
		<testcase classname="src.utils.tests.CopyeditingEmailSubjectTests" name="test_copyediting_email_subjects" time="0.008" timestamp="2024-05-01T18:38:30" file="src/utils/tests.py" line="521">
			<error type="BdbQuit" message=""><![CDATA[Traceback (most recent call last):
  File "/vol/janeway/src/utils/tests.py", line 562, in test_copyediting_email_subjects
    email_function(**kwargs)
  File "/vol/janeway/src/utils/transactional_emails.py", line 653, in send_copyedit_assignment
    core_email.send_email(
  File "/vol/janeway/src/core/email.py", line 34, in send_email
    notify_helpers.send_email_with_body_from_user(
  File "/vol/janeway/src/utils/notify_helpers.py", line 56, in send_email_with_body_from_user
    notify.notification(**notify_contents)
  File "/vol/janeway/src/utils/notify.py", line 21, in notification
    [func(**kwargs) for func in settings.NOTIFY_FUNCS]
  File "/vol/janeway/src/utils/notify.py", line 21, in <listcomp>
    [func(**kwargs) for func in settings.NOTIFY_FUNCS]
  File "/vol/janeway/src/utils/notify_plugins/notify_email.py", line 146, in notify_hook
    response = send_email(
  File "/vol/janeway/src/utils/notify_plugins/notify_email.py", line 64, in send_email
    full_from_string = sanitize_address(
  File "/vol/janeway/src/utils/notify_plugins/notify_email.py", line 64, in send_email
    full_from_string = sanitize_address(
  File "/usr/local/lib/python3.10/bdb.py", line 90, in trace_dispatch
    return self.dispatch_line(frame)
  File "/usr/local/lib/python3.10/bdb.py", line 115, in dispatch_line
    if self.quitting: raise BdbQuit
bdb.BdbQuit
]]></error>
			<system-out><![CDATA[> /vol/janeway/src/utils/notify_plugins/notify_email.py(64)send_email()
-> full_from_string = sanitize_address(
(Pdb) 
]]></system-out>
		</testcase>
	</testsuite>
	<testsuite name="src.utils.tests.MiscEmailSubjectTests-20240501183652" tests="5" file="src/utils/tests.py" time="0.050" timestamp="2024-05-01T18:38:30" failures="0" errors="5" skipped="0">
		<testcase classname="src.utils.tests.MiscEmailSubjectTests" name="test_access_request_complete" time="0.008" timestamp="2024-05-01T18:38:30" file="src/utils/tests.py" line="648">
			<error type="BdbQuit" message=""><![CDATA[Traceback (most recent call last):
  File "/vol/janeway/src/utils/tests.py", line 652, in test_access_request_complete
    access_request_complete(**kwargs)
  File "/vol/janeway/src/utils/transactional_emails.py", line 1736, in access_request_complete
    notify_helpers.send_email_with_body_from_setting_template(
  File "/vol/janeway/src/utils/notify_helpers.py", line 37, in send_email_with_body_from_setting_template
    notify.notification(**notify_contents)
  File "/vol/janeway/src/utils/notify.py", line 21, in notification
    [func(**kwargs) for func in settings.NOTIFY_FUNCS]
  File "/vol/janeway/src/utils/notify.py", line 21, in <listcomp>
    [func(**kwargs) for func in settings.NOTIFY_FUNCS]
  File "/vol/janeway/src/utils/notify_plugins/notify_email.py", line 146, in notify_hook
    response = send_email(
  File "/vol/janeway/src/utils/notify_plugins/notify_email.py", line 64, in send_email
    full_from_string = sanitize_address(
  File "/vol/janeway/src/utils/notify_plugins/notify_email.py", line 64, in send_email
    full_from_string = sanitize_address(
  File "/usr/local/lib/python3.10/bdb.py", line 90, in trace_dispatch
    return self.dispatch_line(frame)
  File "/usr/local/lib/python3.10/bdb.py", line 115, in dispatch_line
    if self.quitting: raise BdbQuit
bdb.BdbQuit
]]></error>
			<system-out><![CDATA[> /vol/janeway/src/utils/notify_plugins/notify_email.py(64)send_email()
-> full_from_string = sanitize_address(
(Pdb) 
]]></system-out>
		</testcase>
		<testcase classname="src.utils.tests.MiscEmailSubjectTests" name="test_access_request_notification" time="0.009" timestamp="2024-05-01T18:38:30" file="src/utils/tests.py" line="639">
			<error type="BdbQuit" message=""><![CDATA[Traceback (most recent call last):
  File "/vol/janeway/src/utils/tests.py", line 642, in test_access_request_notification
    access_request_notification(**kwargs)
  File "/vol/janeway/src/utils/transactional_emails.py", line 1711, in access_request_notification
    notify_helpers.send_email_with_body_from_setting_template(
  File "/vol/janeway/src/utils/notify_helpers.py", line 37, in send_email_with_body_from_setting_template
    notify.notification(**notify_contents)
  File "/vol/janeway/src/utils/notify.py", line 21, in notification
    [func(**kwargs) for func in settings.NOTIFY_FUNCS]
  File "/vol/janeway/src/utils/notify.py", line 21, in <listcomp>
    [func(**kwargs) for func in settings.NOTIFY_FUNCS]
  File "/vol/janeway/src/utils/notify_plugins/notify_email.py", line 146, in notify_hook
    response = send_email(
  File "/vol/janeway/src/utils/notify_plugins/notify_email.py", line 64, in send_email
    full_from_string = sanitize_address(
  File "/vol/janeway/src/utils/notify_plugins/notify_email.py", line 64, in send_email
    full_from_string = sanitize_address(
  File "/usr/local/lib/python3.10/bdb.py", line 90, in trace_dispatch
    return self.dispatch_line(frame)
  File "/usr/local/lib/python3.10/bdb.py", line 115, in dispatch_line
    if self.quitting: raise BdbQuit
bdb.BdbQuit
]]></error>
			<system-out><![CDATA[> /vol/janeway/src/utils/notify_plugins/notify_email.py(64)send_email()
-> full_from_string = sanitize_address(
(Pdb) 
]]></system-out>
		</testcase>
		<testcase classname="src.utils.tests.MiscEmailSubjectTests" name="test_send_author_publication_notification" time="0.011" timestamp="2024-05-01T18:38:30" file="src/utils/tests.py" line="573">
			<error type="BdbQuit" message=""><![CDATA[Traceback (most recent call last):
  File "/vol/janeway/src/utils/tests.py", line 594, in test_send_author_publication_notification
    send_author_publication_notification(**kwargs)
  File "/vol/janeway/src/utils/transactional_emails.py", line 1302, in send_author_publication_notification
    notify_helpers.send_email_with_body_from_user(request,
  File "/vol/janeway/src/utils/notify_helpers.py", line 56, in send_email_with_body_from_user
    notify.notification(**notify_contents)
  File "/vol/janeway/src/utils/notify.py", line 21, in notification
    [func(**kwargs) for func in settings.NOTIFY_FUNCS]
  File "/vol/janeway/src/utils/notify.py", line 21, in <listcomp>
    [func(**kwargs) for func in settings.NOTIFY_FUNCS]
  File "/vol/janeway/src/utils/notify_plugins/notify_email.py", line 146, in notify_hook
    response = send_email(
  File "/vol/janeway/src/utils/notify_plugins/notify_email.py", line 64, in send_email
    full_from_string = sanitize_address(
  File "/vol/janeway/src/utils/notify_plugins/notify_email.py", line 64, in send_email
    full_from_string = sanitize_address(
  File "/usr/local/lib/python3.10/bdb.py", line 90, in trace_dispatch
    return self.dispatch_line(frame)
  File "/usr/local/lib/python3.10/bdb.py", line 115, in dispatch_line
    if self.quitting: raise BdbQuit
bdb.BdbQuit
]]></error>
			<system-out><![CDATA[> /vol/janeway/src/utils/notify_plugins/notify_email.py(64)send_email()
-> full_from_string = sanitize_address(
(Pdb) 
]]></system-out>
		</testcase>
		<testcase classname="src.utils.tests.MiscEmailSubjectTests" name="test_send_draft_decision_declined" time="0.009" timestamp="2024-05-01T18:38:30" file="src/utils/tests.py" line="624">
			<error type="BdbQuit" message=""><![CDATA[Traceback (most recent call last):
  File "/vol/janeway/src/utils/tests.py", line 633, in test_send_draft_decision_declined
    send_draft_decision_declined(**kwargs)
  File "/vol/janeway/src/utils/transactional_emails.py", line 1680, in send_draft_decision_declined
    notify_helpers.send_email_with_body_from_setting_template(
  File "/vol/janeway/src/utils/notify_helpers.py", line 37, in send_email_with_body_from_setting_template
    notify.notification(**notify_contents)
  File "/vol/janeway/src/utils/notify.py", line 21, in notification
    [func(**kwargs) for func in settings.NOTIFY_FUNCS]
  File "/vol/janeway/src/utils/notify.py", line 21, in <listcomp>
    [func(**kwargs) for func in settings.NOTIFY_FUNCS]
  File "/vol/janeway/src/utils/notify_plugins/notify_email.py", line 146, in notify_hook
    response = send_email(
  File "/vol/janeway/src/utils/notify_plugins/notify_email.py", line 64, in send_email
    full_from_string = sanitize_address(
  File "/vol/janeway/src/utils/notify_plugins/notify_email.py", line 64, in send_email
    full_from_string = sanitize_address(
  File "/usr/local/lib/python3.10/bdb.py", line 90, in trace_dispatch
    return self.dispatch_line(frame)
  File "/usr/local/lib/python3.10/bdb.py", line 115, in dispatch_line
    if self.quitting: raise BdbQuit
bdb.BdbQuit
]]></error>
			<system-out><![CDATA[> /vol/janeway/src/utils/notify_plugins/notify_email.py(64)send_email()
-> full_from_string = sanitize_address(
(Pdb) 
]]></system-out>
		</testcase>
		<testcase classname="src.utils.tests.MiscEmailSubjectTests" name="test_send_draft_decison" time="0.013" timestamp="2024-05-01T18:38:30" file="src/utils/tests.py" line="608">
			<error type="BdbQuit" message=""><![CDATA[Traceback (most recent call last):
  File "/vol/janeway/src/utils/tests.py", line 618, in test_send_draft_decison
    send_draft_decison(**kwargs)
  File "/vol/janeway/src/utils/transactional_emails.py", line 1368, in send_draft_decison
    notify_helpers.send_email_with_body_from_setting_template(
  File "/vol/janeway/src/utils/notify_helpers.py", line 37, in send_email_with_body_from_setting_template
    notify.notification(**notify_contents)
  File "/vol/janeway/src/utils/notify.py", line 21, in notification
    [func(**kwargs) for func in settings.NOTIFY_FUNCS]
  File "/vol/janeway/src/utils/notify.py", line 21, in <listcomp>
    [func(**kwargs) for func in settings.NOTIFY_FUNCS]
  File "/vol/janeway/src/utils/notify_plugins/notify_email.py", line 146, in notify_hook
    response = send_email(
  File "/vol/janeway/src/utils/notify_plugins/notify_email.py", line 64, in send_email
    full_from_string = sanitize_address(
  File "/vol/janeway/src/utils/notify_plugins/notify_email.py", line 64, in send_email
    full_from_string = sanitize_address(
  File "/usr/local/lib/python3.10/bdb.py", line 90, in trace_dispatch
    return self.dispatch_line(frame)
  File "/usr/local/lib/python3.10/bdb.py", line 115, in dispatch_line
    if self.quitting: raise BdbQuit
bdb.BdbQuit
]]></error>
			<system-out><![CDATA[> /vol/janeway/src/utils/notify_plugins/notify_email.py(64)send_email()
-> full_from_string = sanitize_address(
(Pdb) 
]]></system-out>
		</testcase>
	</testsuite>
	<testsuite name="src.utils.tests.NotifyEmail-20240501183652" tests="1" file="src/utils/tests.py" time="0.003" timestamp="2024-05-01T18:38:31" failures="0" errors="1" skipped="0">
		<testcase classname="src.utils.tests.NotifyEmail" name="test_send_email_reply_to" time="0.003" timestamp="2024-05-01T18:38:31" file="src/utils/tests.py" line="775">
			<error type="BdbQuit" message=""><![CDATA[Traceback (most recent call last):
  File "/vol/janeway/src/utils/tests.py", line 791, in test_send_email_reply_to
    notify_email.send_email(*args, **kwargs)
  File "/vol/janeway/src/utils/notify_plugins/notify_email.py", line 64, in send_email
    full_from_string = sanitize_address(
  File "/vol/janeway/src/utils/notify_plugins/notify_email.py", line 64, in send_email
    full_from_string = sanitize_address(
  File "/usr/local/lib/python3.10/bdb.py", line 90, in trace_dispatch
    return self.dispatch_line(frame)
  File "/usr/local/lib/python3.10/bdb.py", line 115, in dispatch_line
    if self.quitting: raise BdbQuit
bdb.BdbQuit
]]></error>
			<system-out><![CDATA[> /vol/janeway/src/utils/notify_plugins/notify_email.py(64)send_email()
-> full_from_string = sanitize_address(
(Pdb) 
]]></system-out>
		</testcase>
	</testsuite>
	<testsuite name="src.utils.tests.PreprintsTransactionalEmailTests-20240501183652" tests="2" file="src/utils/tests.py" time="0.014" timestamp="2024-05-01T18:38:31" failures="0" errors="2" skipped="0">
		<testcase classname="src.utils.tests.PreprintsTransactionalEmailTests" name="test_send_submission_notification_all_managers" time="0.003" timestamp="2024-05-01T18:38:31" file="src/utils/tests.py" line="946">
			<error type="BdbQuit" message=""><![CDATA[Traceback (most recent call last):
  File "/vol/janeway/src/utils/tests.py", line 952, in test_send_submission_notification_all_managers
    preprint_submission(**kwargs)
  File "/vol/janeway/src/utils/transactional_emails.py", line 1442, in preprint_submission
    notify_helpers.send_email_with_body_from_user(
  File "/vol/janeway/src/utils/notify_helpers.py", line 56, in send_email_with_body_from_user
    notify.notification(**notify_contents)
  File "/vol/janeway/src/utils/notify.py", line 21, in notification
    [func(**kwargs) for func in settings.NOTIFY_FUNCS]
  File "/vol/janeway/src/utils/notify.py", line 21, in <listcomp>
    [func(**kwargs) for func in settings.NOTIFY_FUNCS]
  File "/vol/janeway/src/utils/notify_plugins/notify_email.py", line 146, in notify_hook
    response = send_email(
  File "/vol/janeway/src/utils/notify_plugins/notify_email.py", line 64, in send_email
    full_from_string = sanitize_address(
  File "/vol/janeway/src/utils/notify_plugins/notify_email.py", line 64, in send_email
    full_from_string = sanitize_address(
  File "/usr/local/lib/python3.10/bdb.py", line 90, in trace_dispatch
    return self.dispatch_line(frame)
  File "/usr/local/lib/python3.10/bdb.py", line 115, in dispatch_line
    if self.quitting: raise BdbQuit
bdb.BdbQuit
]]></error>
			<system-out><![CDATA[> /vol/janeway/src/utils/notify_plugins/notify_email.py(64)send_email()
-> full_from_string = sanitize_address(
(Pdb) 
]]></system-out>
		</testcase>
		<testcase classname="src.utils.tests.PreprintsTransactionalEmailTests" name="test_send_submission_notification_one" time="0.011" timestamp="2024-05-01T18:38:31" file="src/utils/tests.py" line="961">
			<error type="BdbQuit" message=""><![CDATA[Traceback (most recent call last):
  File "/vol/janeway/src/utils/tests.py", line 970, in test_send_submission_notification_one
    preprint_submission(**kwargs)
  File "/vol/janeway/src/utils/transactional_emails.py", line 1442, in preprint_submission
    notify_helpers.send_email_with_body_from_user(
  File "/vol/janeway/src/utils/notify_helpers.py", line 56, in send_email_with_body_from_user
    notify.notification(**notify_contents)
  File "/vol/janeway/src/utils/notify.py", line 21, in notification
    [func(**kwargs) for func in settings.NOTIFY_FUNCS]
  File "/vol/janeway/src/utils/notify.py", line 21, in <listcomp>
    [func(**kwargs) for func in settings.NOTIFY_FUNCS]
  File "/vol/janeway/src/utils/notify_plugins/notify_email.py", line 146, in notify_hook
    response = send_email(
  File "/vol/janeway/src/utils/notify_plugins/notify_email.py", line 64, in send_email
    full_from_string = sanitize_address(
  File "/vol/janeway/src/utils/notify_plugins/notify_email.py", line 64, in send_email
    full_from_string = sanitize_address(
  File "/usr/local/lib/python3.10/bdb.py", line 90, in trace_dispatch
    return self.dispatch_line(frame)
  File "/usr/local/lib/python3.10/bdb.py", line 115, in dispatch_line
    if self.quitting: raise BdbQuit
bdb.BdbQuit
]]></error>
			<system-out><![CDATA[> /vol/janeway/src/utils/notify_plugins/notify_email.py(64)send_email()
-> full_from_string = sanitize_address(
(Pdb) 
]]></system-out>
		</testcase>
	</testsuite>
	<testsuite name="src.utils.tests.TestBounceEmailRoutes-20240501183652" tests="3" file="src/utils/tests.py" time="0.039" timestamp="2024-05-01T18:38:39" failures="0" errors="3" skipped="0">
		<testcase classname="src.utils.tests.TestBounceEmailRoutes" name="test_mailgun_webhook" time="0.015" timestamp="2024-05-01T18:38:39" file="src/utils/tests.py" line="1084">
			<error type="BdbQuit" message=""><![CDATA[Traceback (most recent call last):
  File "/vol/janeway/src/utils/tests.py", line 1104, in test_mailgun_webhook
    logic.parse_mailgun_webhook(fake_mailgun_post)
  File "/vol/janeway/src/utils/logic.py", line 40, in parse_mailgun_webhook
    send_bounce_notification_to_event_actor(event)
  File "/vol/janeway/src/utils/logic.py", line 109, in send_bounce_notification_to_event_actor
    notify_helpers.send_email_with_body_from_setting_template(
  File "/vol/janeway/src/utils/notify_helpers.py", line 37, in send_email_with_body_from_setting_template
    notify.notification(**notify_contents)
  File "/vol/janeway/src/utils/notify.py", line 21, in notification
    [func(**kwargs) for func in settings.NOTIFY_FUNCS]
  File "/vol/janeway/src/utils/notify.py", line 21, in <listcomp>
    [func(**kwargs) for func in settings.NOTIFY_FUNCS]
  File "/vol/janeway/src/utils/notify_plugins/notify_email.py", line 146, in notify_hook
    response = send_email(
  File "/vol/janeway/src/utils/notify_plugins/notify_email.py", line 64, in send_email
    full_from_string = sanitize_address(
  File "/vol/janeway/src/utils/notify_plugins/notify_email.py", line 64, in send_email
    full_from_string = sanitize_address(
  File "/usr/local/lib/python3.10/bdb.py", line 90, in trace_dispatch
    return self.dispatch_line(frame)
  File "/usr/local/lib/python3.10/bdb.py", line 115, in dispatch_line
    if self.quitting: raise BdbQuit
bdb.BdbQuit
]]></error>
			<system-out><![CDATA[> /vol/janeway/src/utils/notify_plugins/notify_email.py(64)send_email()
-> full_from_string = sanitize_address(
(Pdb) 
]]></system-out>
		</testcase>
		<testcase classname="src.utils.tests.TestBounceEmailRoutes" name="test_send_bounce_notification_actor_is_author" time="0.012" timestamp="2024-05-01T18:38:39" file="src/utils/tests.py" line="1065">
			<!--
        Tests that bounce emails are not sent to authors. They are instead
        directed to the press' primary contact.
        -->
			<error type="BdbQuit" message=""><![CDATA[Traceback (most recent call last):
  File "/vol/janeway/src/utils/tests.py", line 1081, in test_send_bounce_notification_actor_is_author
    logic.send_bounce_notification_to_event_actor(fake_log_entry)
  File "/vol/janeway/src/utils/logic.py", line 109, in send_bounce_notification_to_event_actor
    notify_helpers.send_email_with_body_from_setting_template(
  File "/vol/janeway/src/utils/notify_helpers.py", line 37, in send_email_with_body_from_setting_template
    notify.notification(**notify_contents)
  File "/vol/janeway/src/utils/notify.py", line 21, in notification
    [func(**kwargs) for func in settings.NOTIFY_FUNCS]
  File "/vol/janeway/src/utils/notify.py", line 21, in <listcomp>
    [func(**kwargs) for func in settings.NOTIFY_FUNCS]
  File "/vol/janeway/src/utils/notify_plugins/notify_email.py", line 146, in notify_hook
    response = send_email(
  File "/vol/janeway/src/utils/notify_plugins/notify_email.py", line 64, in send_email
    full_from_string = sanitize_address(
  File "/vol/janeway/src/utils/notify_plugins/notify_email.py", line 64, in send_email
    full_from_string = sanitize_address(
  File "/usr/local/lib/python3.10/bdb.py", line 90, in trace_dispatch
    return self.dispatch_line(frame)
  File "/usr/local/lib/python3.10/bdb.py", line 115, in dispatch_line
    if self.quitting: raise BdbQuit
bdb.BdbQuit
]]></error>
			<system-out><![CDATA[> /vol/janeway/src/utils/notify_plugins/notify_email.py(64)send_email()
-> full_from_string = sanitize_address(
(Pdb) 
]]></system-out>
		</testcase>
		<testcase classname="src.utils.tests.TestBounceEmailRoutes" name="test_send_bounce_notification_actor_is_editor" time="0.012" timestamp="2024-05-01T18:38:39" file="src/utils/tests.py" line="1046">
			<!--
        Tests that when an email sent by an editor bounces the bounce
        notification is sent to that editor.
        -->
			<error type="BdbQuit" message=""><![CDATA[Traceback (most recent call last):
  File "/vol/janeway/src/utils/tests.py", line 1062, in test_send_bounce_notification_actor_is_editor
    logic.send_bounce_notification_to_event_actor(fake_log_entry)
  File "/vol/janeway/src/utils/logic.py", line 109, in send_bounce_notification_to_event_actor
    notify_helpers.send_email_with_body_from_setting_template(
  File "/vol/janeway/src/utils/notify_helpers.py", line 37, in send_email_with_body_from_setting_template
    notify.notification(**notify_contents)
  File "/vol/janeway/src/utils/notify.py", line 21, in notification
    [func(**kwargs) for func in settings.NOTIFY_FUNCS]
  File "/vol/janeway/src/utils/notify.py", line 21, in <listcomp>
    [func(**kwargs) for func in settings.NOTIFY_FUNCS]
  File "/vol/janeway/src/utils/notify_plugins/notify_email.py", line 146, in notify_hook
    response = send_email(
  File "/vol/janeway/src/utils/notify_plugins/notify_email.py", line 64, in send_email
    full_from_string = sanitize_address(
  File "/vol/janeway/src/utils/notify_plugins/notify_email.py", line 64, in send_email
    full_from_string = sanitize_address(
  File "/usr/local/lib/python3.10/bdb.py", line 90, in trace_dispatch
    return self.dispatch_line(frame)
  File "/usr/local/lib/python3.10/bdb.py", line 115, in dispatch_line
    if self.quitting: raise BdbQuit
bdb.BdbQuit
]]></error>
			<system-out><![CDATA[> /vol/janeway/src/utils/notify_plugins/notify_email.py(64)send_email()
-> full_from_string = sanitize_address(
(Pdb) 
]]></system-out>
		</testcase>
	</testsuite>
	<testsuite name="src.utils.tests.TransactionalReviewEmailTests-20240501183652" tests="11" file="src/utils/tests.py" time="0.313" timestamp="2024-05-01T18:38:41" failures="0" errors="11" skipped="0">
		<testcase classname="src.utils.tests.TransactionalReviewEmailTests" name="test_send_article_decision" time="0.006" timestamp="2024-05-01T18:38:41" file="src/utils/tests.py" line="437">
			<error type="BdbQuit" message=""><![CDATA[Traceback (most recent call last):
  File "/vol/janeway/src/utils/tests.py", line 452, in test_send_article_decision
    send_article_decision(**kwargs)
  File "/vol/janeway/src/utils/transactional_emails.py", line 513, in send_article_decision
    core_email.send_email(
  File "/vol/janeway/src/core/email.py", line 34, in send_email
    notify_helpers.send_email_with_body_from_user(
  File "/vol/janeway/src/utils/notify_helpers.py", line 56, in send_email_with_body_from_user
    notify.notification(**notify_contents)
  File "/vol/janeway/src/utils/notify.py", line 21, in notification
    [func(**kwargs) for func in settings.NOTIFY_FUNCS]
  File "/vol/janeway/src/utils/notify.py", line 21, in <listcomp>
    [func(**kwargs) for func in settings.NOTIFY_FUNCS]
  File "/vol/janeway/src/utils/notify_plugins/notify_email.py", line 146, in notify_hook
    response = send_email(
  File "/vol/janeway/src/utils/notify_plugins/notify_email.py", line 64, in send_email
    full_from_string = sanitize_address(
  File "/vol/janeway/src/utils/notify_plugins/notify_email.py", line 64, in send_email
    full_from_string = sanitize_address(
  File "/usr/local/lib/python3.10/bdb.py", line 90, in trace_dispatch
    return self.dispatch_line(frame)
  File "/usr/local/lib/python3.10/bdb.py", line 115, in dispatch_line
    if self.quitting: raise BdbQuit
bdb.BdbQuit
]]></error>
			<system-out><![CDATA[> /vol/janeway/src/utils/notify_plugins/notify_email.py(64)send_email()
-> full_from_string = sanitize_address(
(Pdb) 
]]></system-out>
		</testcase>
		<testcase classname="src.utils.tests.TransactionalReviewEmailTests" name="test_send_editor_assigned_acknowledgements" time="0.006" timestamp="2024-05-01T18:38:41" file="src/utils/tests.py" line="299">
			<error type="BdbQuit" message=""><![CDATA[Traceback (most recent call last):
  File "/vol/janeway/src/utils/tests.py", line 316, in test_send_editor_assigned_acknowledgements
    send_editor_assigned_acknowledgements(**kwargs)
  File "/vol/janeway/src/utils/transactional_emails.py", line 141, in send_editor_assigned_acknowledgements
    send_editor_assigned_acknowledgements_mandatory(**kwargs)
  File "/vol/janeway/src/utils/transactional_emails.py", line 107, in send_editor_assigned_acknowledgements_mandatory
    core_email.send_email(
  File "/vol/janeway/src/core/email.py", line 34, in send_email
    notify_helpers.send_email_with_body_from_user(
  File "/vol/janeway/src/utils/notify_helpers.py", line 56, in send_email_with_body_from_user
    notify.notification(**notify_contents)
  File "/vol/janeway/src/utils/notify.py", line 21, in notification
    [func(**kwargs) for func in settings.NOTIFY_FUNCS]
  File "/vol/janeway/src/utils/notify.py", line 21, in <listcomp>
    [func(**kwargs) for func in settings.NOTIFY_FUNCS]
  File "/vol/janeway/src/utils/notify_plugins/notify_email.py", line 146, in notify_hook
    response = send_email(
  File "/vol/janeway/src/utils/notify_plugins/notify_email.py", line 64, in send_email
    full_from_string = sanitize_address(
  File "/vol/janeway/src/utils/notify_plugins/notify_email.py", line 64, in send_email
    full_from_string = sanitize_address(
  File "/usr/local/lib/python3.10/bdb.py", line 90, in trace_dispatch
    return self.dispatch_line(frame)
  File "/usr/local/lib/python3.10/bdb.py", line 115, in dispatch_line
    if self.quitting: raise BdbQuit
bdb.BdbQuit
]]></error>
			<system-out><![CDATA[> /vol/janeway/src/utils/notify_plugins/notify_email.py(64)send_email()
-> full_from_string = sanitize_address(
(Pdb) 
]]></system-out>
		</testcase>
		<testcase classname="src.utils.tests.TransactionalReviewEmailTests" name="test_send_editor_unassigned_notice" time="0.006" timestamp="2024-05-01T18:38:41" file="src/utils/tests.py" line="276">
			<error type="BdbQuit" message=""><![CDATA[Traceback (most recent call last):
  File "/vol/janeway/src/utils/tests.py", line 289, in test_send_editor_unassigned_notice
    send_editor_unassigned_notice(
  File "/vol/janeway/src/utils/transactional_emails.py", line 68, in send_editor_unassigned_notice
    core_email.send_email(
  File "/vol/janeway/src/core/email.py", line 34, in send_email
    notify_helpers.send_email_with_body_from_user(
  File "/vol/janeway/src/utils/notify_helpers.py", line 56, in send_email_with_body_from_user
    notify.notification(**notify_contents)
  File "/vol/janeway/src/utils/notify.py", line 21, in notification
    [func(**kwargs) for func in settings.NOTIFY_FUNCS]
  File "/vol/janeway/src/utils/notify.py", line 21, in <listcomp>
    [func(**kwargs) for func in settings.NOTIFY_FUNCS]
  File "/vol/janeway/src/utils/notify_plugins/notify_email.py", line 146, in notify_hook
    response = send_email(
  File "/vol/janeway/src/utils/notify_plugins/notify_email.py", line 64, in send_email
    full_from_string = sanitize_address(
  File "/vol/janeway/src/utils/notify_plugins/notify_email.py", line 64, in send_email
    full_from_string = sanitize_address(
  File "/usr/local/lib/python3.10/bdb.py", line 90, in trace_dispatch
    return self.dispatch_line(frame)
  File "/usr/local/lib/python3.10/bdb.py", line 115, in dispatch_line
    if self.quitting: raise BdbQuit
bdb.BdbQuit
]]></error>
			<system-out><![CDATA[> /vol/janeway/src/utils/notify_plugins/notify_email.py(64)send_email()
-> full_from_string = sanitize_address(
(Pdb) 
]]></system-out>
		</testcase>
		<testcase classname="src.utils.tests.TransactionalReviewEmailTests" name="test_send_review_complete_acknowledgements" time="0.231" timestamp="2024-05-01T18:38:41" file="src/utils/tests.py" line="338">
			<error type="BdbQuit" message=""><![CDATA[Traceback (most recent call last):
  File "/vol/janeway/src/utils/tests.py", line 342, in test_send_review_complete_acknowledgements
    send_review_complete_acknowledgements(**kwargs)
  File "/vol/janeway/src/utils/transactional_emails.py", line 294, in send_review_complete_acknowledgements
    notify_helpers.send_email_with_body_from_setting_template(
  File "/vol/janeway/src/utils/notify_helpers.py", line 37, in send_email_with_body_from_setting_template
    notify.notification(**notify_contents)
  File "/vol/janeway/src/utils/notify.py", line 21, in notification
    [func(**kwargs) for func in settings.NOTIFY_FUNCS]
  File "/vol/janeway/src/utils/notify.py", line 21, in <listcomp>
    [func(**kwargs) for func in settings.NOTIFY_FUNCS]
  File "/vol/janeway/src/utils/notify_plugins/notify_email.py", line 146, in notify_hook
    response = send_email(
  File "/vol/janeway/src/utils/notify_plugins/notify_email.py", line 64, in send_email
    full_from_string = sanitize_address(
  File "/vol/janeway/src/utils/notify_plugins/notify_email.py", line 64, in send_email
    full_from_string = sanitize_address(
  File "/usr/local/lib/python3.10/bdb.py", line 90, in trace_dispatch
    return self.dispatch_line(frame)
  File "/usr/local/lib/python3.10/bdb.py", line 115, in dispatch_line
    if self.quitting: raise BdbQuit
bdb.BdbQuit
]]></error>
			<system-out><![CDATA[> /vol/janeway/src/utils/notify_plugins/notify_email.py(64)send_email()
-> full_from_string = sanitize_address(
(Pdb) 
]]></system-out>
		</testcase>
		<testcase classname="src.utils.tests.TransactionalReviewEmailTests" name="test_send_reviewer_accepted_or_decline_acknowledgements" time="0.016" timestamp="2024-05-01T18:38:41" file="src/utils/tests.py" line="363">
			<error type="BdbQuit" message=""><![CDATA[Traceback (most recent call last):
  File "/vol/janeway/src/utils/tests.py", line 369, in test_send_reviewer_accepted_or_decline_acknowledgements
    send_reviewer_accepted_or_decline_acknowledgements(**kwargs)
  File "/vol/janeway/src/utils/transactional_emails.py", line 371, in send_reviewer_accepted_or_decline_acknowledgements
    notify_helpers.send_email_with_body_from_setting_template(
  File "/vol/janeway/src/utils/notify_helpers.py", line 37, in send_email_with_body_from_setting_template
    notify.notification(**notify_contents)
  File "/vol/janeway/src/utils/notify.py", line 21, in notification
    [func(**kwargs) for func in settings.NOTIFY_FUNCS]
  File "/vol/janeway/src/utils/notify.py", line 21, in <listcomp>
    [func(**kwargs) for func in settings.NOTIFY_FUNCS]
  File "/vol/janeway/src/utils/notify_plugins/notify_email.py", line 146, in notify_hook
    response = send_email(
  File "/vol/janeway/src/utils/notify_plugins/notify_email.py", line 64, in send_email
    full_from_string = sanitize_address(
  File "/vol/janeway/src/utils/notify_plugins/notify_email.py", line 64, in send_email
    full_from_string = sanitize_address(
  File "/usr/local/lib/python3.10/bdb.py", line 90, in trace_dispatch
    return self.dispatch_line(frame)
  File "/usr/local/lib/python3.10/bdb.py", line 115, in dispatch_line
    if self.quitting: raise BdbQuit
bdb.BdbQuit
]]></error>
			<system-out><![CDATA[> /vol/janeway/src/utils/notify_plugins/notify_email.py(64)send_email()
-> full_from_string = sanitize_address(
(Pdb) 
]]></system-out>
		</testcase>
		<testcase classname="src.utils.tests.TransactionalReviewEmailTests" name="test_send_reviewer_requested_acknowledgements" time="0.006" timestamp="2024-05-01T18:38:41" file="src/utils/tests.py" line="323">
			<error type="BdbQuit" message=""><![CDATA[Traceback (most recent call last):
  File "/vol/janeway/src/utils/tests.py", line 328, in test_send_reviewer_requested_acknowledgements
    send_reviewer_requested_acknowledgements(**kwargs)
  File "/vol/janeway/src/utils/transactional_emails.py", line 238, in send_reviewer_requested_acknowledgements
    notify_helpers.send_email_with_body_from_user(
  File "/vol/janeway/src/utils/notify_helpers.py", line 56, in send_email_with_body_from_user
    notify.notification(**notify_contents)
  File "/vol/janeway/src/utils/notify.py", line 21, in notification
    [func(**kwargs) for func in settings.NOTIFY_FUNCS]
  File "/vol/janeway/src/utils/notify.py", line 21, in <listcomp>
    [func(**kwargs) for func in settings.NOTIFY_FUNCS]
  File "/vol/janeway/src/utils/notify_plugins/notify_email.py", line 146, in notify_hook
    response = send_email(
  File "/vol/janeway/src/utils/notify_plugins/notify_email.py", line 64, in send_email
    full_from_string = sanitize_address(
  File "/vol/janeway/src/utils/notify_plugins/notify_email.py", line 64, in send_email
    full_from_string = sanitize_address(
  File "/usr/local/lib/python3.10/bdb.py", line 90, in trace_dispatch
    return self.dispatch_line(frame)
  File "/usr/local/lib/python3.10/bdb.py", line 115, in dispatch_line
    if self.quitting: raise BdbQuit
bdb.BdbQuit
]]></error>
			<system-out><![CDATA[> /vol/janeway/src/utils/notify_plugins/notify_email.py(64)send_email()
-> full_from_string = sanitize_address(
(Pdb) 
]]></system-out>
		</testcase>
		<testcase classname="src.utils.tests.TransactionalReviewEmailTests" name="test_send_reviewer_withdrawl_notice" time="0.006" timestamp="2024-05-01T18:38:41" file="src/utils/tests.py" line="250">
			<error type="BdbQuit" message=""><![CDATA[Traceback (most recent call last):
  File "/vol/janeway/src/utils/tests.py", line 267, in test_send_reviewer_withdrawl_notice
    send_reviewer_withdrawl_notice(**kwargs)
  File "/vol/janeway/src/utils/transactional_emails.py", line 42, in send_reviewer_withdrawl_notice
    core_email.send_email(
  File "/vol/janeway/src/core/email.py", line 34, in send_email
    notify_helpers.send_email_with_body_from_user(
  File "/vol/janeway/src/utils/notify_helpers.py", line 56, in send_email_with_body_from_user
    notify.notification(**notify_contents)
  File "/vol/janeway/src/utils/notify.py", line 21, in notification
    [func(**kwargs) for func in settings.NOTIFY_FUNCS]
  File "/vol/janeway/src/utils/notify.py", line 21, in <listcomp>
    [func(**kwargs) for func in settings.NOTIFY_FUNCS]
  File "/vol/janeway/src/utils/notify_plugins/notify_email.py", line 146, in notify_hook
    response = send_email(
  File "/vol/janeway/src/utils/notify_plugins/notify_email.py", line 64, in send_email
    full_from_string = sanitize_address(
  File "/vol/janeway/src/utils/notify_plugins/notify_email.py", line 64, in send_email
    full_from_string = sanitize_address(
  File "/usr/local/lib/python3.10/bdb.py", line 90, in trace_dispatch
    return self.dispatch_line(frame)
  File "/usr/local/lib/python3.10/bdb.py", line 115, in dispatch_line
    if self.quitting: raise BdbQuit
bdb.BdbQuit
]]></error>
			<system-out><![CDATA[> /vol/janeway/src/utils/notify_plugins/notify_email.py(64)send_email()
-> full_from_string = sanitize_address(
(Pdb) 
]]></system-out>
		</testcase>
		<testcase classname="src.utils.tests.TransactionalReviewEmailTests" name="test_send_revisions_author_receipt" time="0.008" timestamp="2024-05-01T18:38:41" file="src/utils/tests.py" line="496">
			<error type="BdbQuit" message=""><![CDATA[Traceback (most recent call last):
  File "/vol/janeway/src/utils/tests.py", line 503, in test_send_revisions_author_receipt
    send_revisions_author_receipt(**kwargs)
  File "/vol/janeway/src/utils/transactional_emails.py", line 619, in send_revisions_author_receipt
    notify_helpers.send_email_with_body_from_setting_template(
  File "/vol/janeway/src/utils/notify_helpers.py", line 37, in send_email_with_body_from_setting_template
    notify.notification(**notify_contents)
  File "/vol/janeway/src/utils/notify.py", line 21, in notification
    [func(**kwargs) for func in settings.NOTIFY_FUNCS]
  File "/vol/janeway/src/utils/notify.py", line 21, in <listcomp>
    [func(**kwargs) for func in settings.NOTIFY_FUNCS]
  File "/vol/janeway/src/utils/notify_plugins/notify_email.py", line 146, in notify_hook
    response = send_email(
  File "/vol/janeway/src/utils/notify_plugins/notify_email.py", line 64, in send_email
    full_from_string = sanitize_address(
  File "/vol/janeway/src/utils/notify_plugins/notify_email.py", line 64, in send_email
    full_from_string = sanitize_address(
  File "/usr/local/lib/python3.10/bdb.py", line 90, in trace_dispatch
    return self.dispatch_line(frame)
  File "/usr/local/lib/python3.10/bdb.py", line 115, in dispatch_line
    if self.quitting: raise BdbQuit
bdb.BdbQuit
]]></error>
			<system-out><![CDATA[> /vol/janeway/src/utils/notify_plugins/notify_email.py(64)send_email()
-> full_from_string = sanitize_address(
(Pdb) 
]]></system-out>
		</testcase>
		<testcase classname="src.utils.tests.TransactionalReviewEmailTests" name="test_send_revisions_complete" time="0.010" timestamp="2024-05-01T18:38:41" file="src/utils/tests.py" line="478">
			<error type="BdbQuit" message=""><![CDATA[Traceback (most recent call last):
  File "/vol/janeway/src/utils/tests.py", line 485, in test_send_revisions_complete
    send_revisions_complete(**kwargs)
  File "/vol/janeway/src/utils/transactional_emails.py", line 582, in send_revisions_complete
    notify_helpers.send_email_with_body_from_setting_template(
  File "/vol/janeway/src/utils/notify_helpers.py", line 37, in send_email_with_body_from_setting_template
    notify.notification(**notify_contents)
  File "/vol/janeway/src/utils/notify.py", line 21, in notification
    [func(**kwargs) for func in settings.NOTIFY_FUNCS]
  File "/vol/janeway/src/utils/notify.py", line 21, in <listcomp>
    [func(**kwargs) for func in settings.NOTIFY_FUNCS]
  File "/vol/janeway/src/utils/notify_plugins/notify_email.py", line 146, in notify_hook
    response = send_email(
  File "/vol/janeway/src/utils/notify_plugins/notify_email.py", line 64, in send_email
    full_from_string = sanitize_address(
  File "/vol/janeway/src/utils/notify_plugins/notify_email.py", line 64, in send_email
    full_from_string = sanitize_address(
  File "/usr/local/lib/python3.10/bdb.py", line 90, in trace_dispatch
    return self.dispatch_line(frame)
  File "/usr/local/lib/python3.10/bdb.py", line 115, in dispatch_line
    if self.quitting: raise BdbQuit
bdb.BdbQuit
]]></error>
			<system-out><![CDATA[> /vol/janeway/src/utils/notify_plugins/notify_email.py(64)send_email()
-> full_from_string = sanitize_address(
(Pdb) 
]]></system-out>
		</testcase>
		<testcase classname="src.utils.tests.TransactionalReviewEmailTests" name="test_send_revisions_request" time="0.006" timestamp="2024-05-01T18:38:41" file="src/utils/tests.py" line="460">
			<error type="BdbQuit" message=""><![CDATA[Traceback (most recent call last):
  File "/vol/janeway/src/utils/tests.py", line 467, in test_send_revisions_request
    send_revisions_request(**kwargs)
  File "/vol/janeway/src/utils/transactional_emails.py", line 547, in send_revisions_request
    notify_helpers.send_email_with_body_from_user(
  File "/vol/janeway/src/utils/notify_helpers.py", line 56, in send_email_with_body_from_user
    notify.notification(**notify_contents)
  File "/vol/janeway/src/utils/notify.py", line 21, in notification
    [func(**kwargs) for func in settings.NOTIFY_FUNCS]
  File "/vol/janeway/src/utils/notify.py", line 21, in <listcomp>
    [func(**kwargs) for func in settings.NOTIFY_FUNCS]
  File "/vol/janeway/src/utils/notify_plugins/notify_email.py", line 146, in notify_hook
    response = send_email(
  File "/vol/janeway/src/utils/notify_plugins/notify_email.py", line 64, in send_email
    full_from_string = sanitize_address(
  File "/vol/janeway/src/utils/notify_plugins/notify_email.py", line 64, in send_email
    full_from_string = sanitize_address(
  File "/usr/local/lib/python3.10/bdb.py", line 90, in trace_dispatch
    return self.dispatch_line(frame)
  File "/usr/local/lib/python3.10/bdb.py", line 115, in dispatch_line
    if self.quitting: raise BdbQuit
bdb.BdbQuit
]]></error>
			<system-out><![CDATA[> /vol/janeway/src/utils/notify_plugins/notify_email.py(64)send_email()
-> full_from_string = sanitize_address(
(Pdb) 
]]></system-out>
		</testcase>
		<testcase classname="src.utils.tests.TransactionalReviewEmailTests" name="test_send_submission_acknowledgement" time="0.012" timestamp="2024-05-01T18:38:41" file="src/utils/tests.py" line="413">
			<!--
        Tests whether subjects are correct, nothing else.
        Testing recipients would require some cleaning up of
        test data in the setup method.
        -->
			<error type="BdbQuit" message=""><![CDATA[Traceback (most recent call last):
  File "/vol/janeway/src/utils/tests.py", line 423, in test_send_submission_acknowledgement
    send_submission_acknowledgement(**kwargs)
  File "/vol/janeway/src/utils/transactional_emails.py", line 450, in send_submission_acknowledgement
    notify_helpers.send_email_with_body_from_setting_template(
  File "/vol/janeway/src/utils/notify_helpers.py", line 37, in send_email_with_body_from_setting_template
    notify.notification(**notify_contents)
  File "/vol/janeway/src/utils/notify.py", line 21, in notification
    [func(**kwargs) for func in settings.NOTIFY_FUNCS]
  File "/vol/janeway/src/utils/notify.py", line 21, in <listcomp>
    [func(**kwargs) for func in settings.NOTIFY_FUNCS]
  File "/vol/janeway/src/utils/notify_plugins/notify_email.py", line 146, in notify_hook
    response = send_email(
  File "/vol/janeway/src/utils/notify_plugins/notify_email.py", line 64, in send_email
    full_from_string = sanitize_address(
  File "/vol/janeway/src/utils/notify_plugins/notify_email.py", line 64, in send_email
    full_from_string = sanitize_address(
  File "/usr/local/lib/python3.10/bdb.py", line 90, in trace_dispatch
    return self.dispatch_line(frame)
  File "/usr/local/lib/python3.10/bdb.py", line 115, in dispatch_line
    if self.quitting: raise BdbQuit
bdb.BdbQuit
]]></error>
			<system-out><![CDATA[> /vol/janeway/src/utils/notify_plugins/notify_email.py(64)send_email()
-> full_from_string = sanitize_address(
(Pdb) 
]]></system-out>
		</testcase>
	</testsuite>
</testsuites>
